<?xml version="1.0" encoding="utf-8"?>
<TestRun id="d4add325-79d3-4133-8f3b-1f5be6e197c3" name="@0bc8bbef51b6 2026-08-03 00:37:28" xmlns="http://microsoft.com/schemas/VisualStudio/TeamTest/2010">
  <Times creation="2026-08-03T00:37:28.7276554+02:00" queuing="2026-08-03T00:37:28.7276554+02:00" start="2026-08-03T00:37:28.1294715+02:00" finish="2026-08-03T00:37:28.7306911+02:00" />
  <TestSettings name="default" id="25d755f6-7159-49b6-928b-b6227f50101d">
    <Deployment runDeploymentRoot="_0bc8bbef51b6_2026-08-03_00_37_28" />
  </TestSettings>
  <Results>
    <UnitTestResult executionId="9d89ac7c-f756-408c-bf1a-2042c310e3c2" testId="45e27c90-614d-5774-d2f5-18b99f4d574b" testName="SurfaceChecksE2E.effect-boundary production controls use real symbols and exact declaration tokens" computerName="0bc8bbef51b6" duration="00:00:00.1760000" startTime="2026-08-03T00:37:28.4366450+02:00" endTime="2026-08-03T00:37:28.6188898+02:00" testType="13cdc9d9-ddb5-4fa4-a97d-d965ccfc6d4b" outcome="Passed" testListId="8c84fa94-04c1-424b-9868-57a2d4851a1d" relativeResultsDirectory="9d89ac7c-f756-408c-bf1a-2042c310e3c2" />
    <UnitTestResult executionId="f83b6a8d-5832-41e6-9d81-41fe58c9ccc7" testId="ddc3550f-896f-7782-7dce-7ced180014c5" testName="SurfaceChecksE2E.effect-boundary production controls cover applicability delivery callbacks clocks and exemptions" computerName="0bc8bbef51b6" duration="00:00:00.2240000" startTime="2026-08-03T00:37:28.4366470+02:00" endTime="2026-08-03T00:37:28.6641873+02:00" testType="13cdc9d9-ddb5-4fa4-a97d-d965ccfc6d4b" outcome="Passed" testListId="8c84fa94-04c1-424b-9868-57a2d4851a1d" relativeResultsDirectory="f83b6a8d-5832-41e6-9d81-41fe58c9ccc7" />
  </Results>
  <TestDefinitions>
    <UnitTest name="SurfaceChecksE2E.effect-boundary production controls cover applicability delivery callbacks clocks and exemptions" storage="/home/developer/projects/fs.gg.governance-369/tests/fs.gg.governance.verifycommand.tests/bin/debug/net10.0/fs.gg.governance.verifycommand.tests.dll" id="ddc3550f-896f-7782-7dce-7ced180014c5">
      <Execution id="f83b6a8d-5832-41e6-9d81-41fe58c9ccc7" />
      <TestMethod codeBase="/home/developer/projects/FS.GG.Governance-369/tests/FS.GG.Governance.VerifyCommand.Tests/bin/Debug/net10.0/FS.GG.Governance.VerifyCommand.Tests.dll" adapterTypeName="executor://yolodev/expecto" className="SurfaceChecksE2E" name="effect-boundary production controls cover applicability delivery callbacks clocks and exemptions" />
    </UnitTest>
    <UnitTest name="SurfaceChecksE2E.effect-boundary production controls use real symbols and exact declaration tokens" storage="/home/developer/projects/fs.gg.governance-369/tests/fs.gg.governance.verifycommand.tests/bin/debug/net10.0/fs.gg.governance.verifycommand.tests.dll" id="45e27c90-614d-5774-d2f5-18b99f4d574b">
      <Execution id="9d89ac7c-f756-408c-bf1a-2042c310e3c2" />
      <TestMethod codeBase="/home/developer/projects/FS.GG.Governance-369/tests/FS.GG.Governance.VerifyCommand.Tests/bin/Debug/net10.0/FS.GG.Governance.VerifyCommand.Tests.dll" adapterTypeName="executor://yolodev/expecto" className="SurfaceChecksE2E" name="effect-boundary production controls use real symbols and exact declaration tokens" />
    </UnitTest>
  </TestDefinitions>
  <TestEntries>
    <TestEntry testId="45e27c90-614d-5774-d2f5-18b99f4d574b" executionId="9d89ac7c-f756-408c-bf1a-2042c310e3c2" testListId="8c84fa94-04c1-424b-9868-57a2d4851a1d" />
    <TestEntry testId="ddc3550f-896f-7782-7dce-7ced180014c5" executionId="f83b6a8d-5832-41e6-9d81-41fe58c9ccc7" testListId="8c84fa94-04c1-424b-9868-57a2d4851a1d" />
  </TestEntries>
  <TestLists>
    <TestList name="Results Not in a List" id="8c84fa94-04c1-424b-9868-57a2d4851a1d" />
    <TestList name="All Loaded Results" id="19431567-8539-422a-85d7-44ee4e166bda" />
  </TestLists>
  <ResultSummary outcome="Completed">
    <Counters total="2" executed="2" passed="2" failed="0" error="0" timeout="0" aborted="0" inconclusive="0" passedButRunAborted="0" notRunnable="0" notExecuted="0" disconnected="0" warning="0" completed="0" inProgress="0" pending="0" />
  </ResultSummary>
</TestRun>