<?xml version="1.0" encoding="utf-8"?>
<TestRun id="4a727fa9-68ac-4564-99df-032e6123c6a2" name="@0bc8bbef51b6 2026-08-03 01:01:00" xmlns="http://microsoft.com/schemas/VisualStudio/TeamTest/2010">
  <Times creation="2026-08-03T01:01:00.6897280+02:00" queuing="2026-08-03T01:01:00.6897280+02:00" start="2026-08-03T01:01:00.2823674+02:00" finish="2026-08-03T01:01:00.8658247+02:00" />
  <TestSettings name="default" id="e04fcd54-9b40-4419-8b5a-24934bbdede2">
    <Deployment runDeploymentRoot="_0bc8bbef51b6_2026-08-03_01_01_00" />
  </TestSettings>
  <Results>
    <UnitTestResult executionId="f00741f7-6f8a-41f8-95ee-4f9b7ea7b962" testId="762cc1f3-3e34-adc4-8916-126ef4e5e5b5" testName="SurfaceChecksE2E.declared F# transition with direct I/O ⇒ production Verify sensing emits a blocking effect finding" computerName="0bc8bbef51b6" duration="00:00:00.1040000" startTime="2026-08-03T01:01:00.5923302+02:00" endTime="2026-08-03T01:01:00.7036431+02:00" testType="13cdc9d9-ddb5-4fa4-a97d-d965ccfc6d4b" outcome="Passed" testListId="8c84fa94-04c1-424b-9868-57a2d4851a1d" relativeResultsDirectory="f00741f7-6f8a-41f8-95ee-4f9b7ea7b962" />
    <UnitTestResult executionId="83dff680-2fe1-4991-a981-82d38da548e8" testId="a00391f8-ac0b-acd6-47c4-19a5cf54fe6c" testName="EndToEnd (US1).nothing-to-verify: an empty change ⇒ 'nothing to verify', exit 0" computerName="0bc8bbef51b6" duration="00:00:00.0040000" startTime="2026-08-03T01:01:00.7049716+02:00" endTime="2026-08-03T01:01:00.7093911+02:00" testType="13cdc9d9-ddb5-4fa4-a97d-d965ccfc6d4b" outcome="Passed" testListId="8c84fa94-04c1-424b-9868-57a2d4851a1d" relativeResultsDirectory="83dff680-2fe1-4991-a981-82d38da548e8" />
    <UnitTestResult executionId="2bc00ded-da60-4068-9040-5188752e4401" testId="b9bf93ab-01a7-3ce1-2735-13b00ed26a6a" testName="EndToEnd (US1).uncertain: a blocking check reporting an uncertain (exit 125) result is never coerced to pass ⇒ Blocked, exit 1" computerName="0bc8bbef51b6" duration="00:00:00.0040000" startTime="2026-08-03T01:01:00.7049833+02:00" endTime="2026-08-03T01:01:00.7094855+02:00" testType="13cdc9d9-ddb5-4fa4-a97d-d965ccfc6d4b" outcome="Passed" testListId="8c84fa94-04c1-424b-9868-57a2d4851a1d" relativeResultsDirectory="2bc00ded-da60-4068-9040-5188752e4401" />
    <UnitTestResult executionId="19faae3c-0fc4-40f3-8db2-1cf17f1c66c0" testId="3021c9e4-93d2-49cb-409a-b09dadbfc547" testName="HumanTextParity (US1).JsonGolden: verify.json is byte-identical to the F056 VerifyJson projection for identical repo state (SC-002)" computerName="0bc8bbef51b6" duration="00:00:00.0100000" startTime="2026-08-03T01:01:00.6848392+02:00" endTime="2026-08-03T01:01:00.6954928+02:00" testType="13cdc9d9-ddb5-4fa4-a97d-d965ccfc6d4b" outcome="Passed" testListId="8c84fa94-04c1-424b-9868-57a2d4851a1d" relativeResultsDirectory="19faae3c-0fc4-40f3-8db2-1cf17f1c66c0" />
    <UnitTestResult executionId="860faa27-98bf-4209-8d94-39e9e988ac8b" testId="6bbf96af-0810-8eb8-085d-05ee739be5db" testName="CostBudgetWiring (064).cost/cache findings enforce as Advisory and never enter verify.json (FR-008)" computerName="0bc8bbef51b6" duration="00:00:00.0040000" startTime="2026-08-03T01:01:00.6846487+02:00" endTime="2026-08-03T01:01:00.6890033+02:00" testType="13cdc9d9-ddb5-4fa4-a97d-d965ccfc6d4b" outcome="Passed" testListId="8c84fa94-04c1-424b-9868-57a2d4851a1d" relativeResultsDirectory="860faa27-98bf-4209-8d94-39e9e988ac8b" />
    <UnitTestResult executionId="4660b4ea-d810-49d9-bb5f-338e3176cb2e" testId="183f04e2-72d4-eb7d-52f6-ad0a80b1cd44" testName="SurfaceRollup (US1).a blocking surface finding fails the run at Verify under Strict (folded via deriveEffectiveSeverity)" computerName="0bc8bbef51b6" duration="00:00:00.0740000" startTime="2026-08-03T01:01:00.5927451+02:00" endTime="2026-08-03T01:01:00.6742156+02:00" testType="13cdc9d9-ddb5-4fa4-a97d-d965ccfc6d4b" outcome="Passed" testListId="8c84fa94-04c1-424b-9868-57a2d4851a1d" relativeResultsDirectory="4660b4ea-d810-49d9-bb5f-338e3176cb2e" />
    <UnitTestResult executionId="ef8fca40-3a18-4a65-809b-49a411e4eb5b" testId="6cb3a141-f2ae-17f1-be53-440c7b92fb9c" testName="SurfaceRollup (US1).the truth table is NOT re-opened: the SAME blocking finding relaxes to advisory under Standard" computerName="0bc8bbef51b6" duration="00:00:00.0630000" startTime="2026-08-03T01:01:00.6119595+02:00" endTime="2026-08-03T01:01:00.6754638+02:00" testType="13cdc9d9-ddb5-4fa4-a97d-d965ccfc6d4b" outcome="Passed" testListId="8c84fa94-04c1-424b-9868-57a2d4851a1d" relativeResultsDirectory="ef8fca40-3a18-4a65-809b-49a411e4eb5b" />
    <UnitTestResult executionId="5e081649-0e00-4f7c-8cf2-941a061dc01d" testId="b8eabe50-0151-8697-a0b9-147431ff738f" testName="SurfaceChecksE2E.T004 drifted package surface ⇒ surfaceChecks package.baseline-drift, blocking exit, evidence tag, no leakage" computerName="0bc8bbef51b6" duration="00:00:00.0770000" startTime="2026-08-03T01:01:00.5914226+02:00" endTime="2026-08-03T01:01:00.6757981+02:00" testType="13cdc9d9-ddb5-4fa4-a97d-d965ccfc6d4b" outcome="Passed" testListId="8c84fa94-04c1-424b-9868-57a2d4851a1d" relativeResultsDirectory="5e081649-0e00-4f7c-8cf2-941a061dc01d" />
    <UnitTestResult executionId="accf7078-baad-4174-a9d2-72c8d73ba371" testId="7c9acc0c-52ec-3989-d0d0-f438b874adc7" testName="Loop (US1).Sensed(Ok) records candidates and senses the release preview (then the catalog)" computerName="0bc8bbef51b6" duration="00:00:00.0040000" startTime="2026-08-03T01:01:00.7050255+02:00" endTime="2026-08-03T01:01:00.7093828+02:00" testType="13cdc9d9-ddb5-4fa4-a97d-d965ccfc6d4b" outcome="Passed" testListId="8c84fa94-04c1-424b-9868-57a2d4851a1d" relativeResultsDirectory="accf7078-baad-4174-a9d2-72c8d73ba371" />
    <UnitTestResult executionId="8e48bd2e-048f-403f-b95b-735b160a9786" testId="f74f2747-b253-2bd6-2853-db15754dfd43" testName="RenderModeDispatch (US2).--plain parses into the request and is layered on top of --json (FR-012)" computerName="0bc8bbef51b6" duration="00:00:00.0030000" startTime="2026-08-03T01:01:00.6848125+02:00" endTime="2026-08-03T01:01:00.6881542+02:00" testType="13cdc9d9-ddb5-4fa4-a97d-d965ccfc6d4b" outcome="Passed" testListId="8c84fa94-04c1-424b-9868-57a2d4851a1d" relativeResultsDirectory="8e48bd2e-048f-403f-b95b-735b160a9786" />
    <UnitTestResult executionId="fb523247-4b54-4535-aaef-78d1620d3570" testId="497183b1-86fc-3cc1-f4c5-794d3bcfb28e" testName="SurfaceChecksE2E.T009b read-only verify ⇒ no .baseline written and no process spawned by surface sensing" computerName="0bc8bbef51b6" duration="00:00:00.0760000" startTime="2026-08-03T01:01:00.5920405+02:00" endTime="2026-08-03T01:01:00.6751189+02:00" testType="13cdc9d9-ddb5-4fa4-a97d-d965ccfc6d4b" outcome="Passed" testListId="8c84fa94-04c1-424b-9868-57a2d4851a1d" relativeResultsDirectory="fb523247-4b54-4535-aaef-78d1620d3570" />
    <UnitTestResult executionId="bd3574b4-1086-48cb-b2f0-cb0d18295e86" testId="c2ad72e7-fbea-5edd-fce4-54e254731a88" testName="Currency (US2).a freshness sensing failure ⇒ a recorded non-fatal currency note, verdict unchanged" computerName="0bc8bbef51b6" duration="00:00:00.0040000" startTime="2026-08-03T01:01:00.7049017+02:00" endTime="2026-08-03T01:01:00.7095020+02:00" testType="13cdc9d9-ddb5-4fa4-a97d-d965ccfc6d4b" outcome="Passed" testListId="8c84fa94-04c1-424b-9868-57a2d4851a1d" relativeResultsDirectory="bd3574b4-1086-48cb-b2f0-cb0d18295e86" />
    <UnitTestResult executionId="7ad31516-270e-400c-b3ac-f57c1651bb55" testId="0ed70a06-f034-b55c-f635-fea425e2444f" testName="GovernedRefRouting.V6 — a malformed handoff adds zero routing candidates yet keeps its blocking integrity gate (SC-005)" computerName="0bc8bbef51b6" duration="00:00:00.0820000" startTime="2026-08-03T01:01:00.5909471+02:00" endTime="2026-08-03T01:01:00.6764153+02:00" testType="13cdc9d9-ddb5-4fa4-a97d-d965ccfc6d4b" outcome="Passed" testListId="8c84fa94-04c1-424b-9868-57a2d4851a1d" relativeResultsDirectory="7ad31516-270e-400c-b3ac-f57c1651bb55" />
    <UnitTestResult executionId="fb7918bf-2e16-418d-bbe9-82f0f567abde" testId="74baa1db-8362-be2a-b2db-b0cd587b8176" testName="Parse (US1).--repo prefixes the default artifact paths" computerName="0bc8bbef51b6" startTime="2026-08-03T01:01:00.7150344+02:00" endTime="2026-08-03T01:01:00.7152193+02:00" testType="13cdc9d9-ddb5-4fa4-a97d-d965ccfc6d4b" outcome="Passed" testListId="8c84fa94-04c1-424b-9868-57a2d4851a1d" relativeResultsDirectory="fb7918bf-2e16-418d-bbe9-82f0f567abde" />
    <UnitTestResult executionId="2e8572b6-7c5a-47cc-a375-6546a2102d36" testId="55fedacf-825c-c3d7-11d5-0d9295fdb702" testName="SurfaceChecksE2E.T008 re-running over unchanged inputs ⇒ byte-identical verify.json (deterministic)" computerName="0bc8bbef51b6" duration="00:00:00.0830000" startTime="2026-08-03T01:01:00.5917693+02:00" endTime="2026-08-03T01:01:00.6823093+02:00" testType="13cdc9d9-ddb5-4fa4-a97d-d965ccfc6d4b" outcome="Passed" testListId="8c84fa94-04c1-424b-9868-57a2d4851a1d" relativeResultsDirectory="2e8572b6-7c5a-47cc-a375-6546a2102d36" />
    <UnitTestResult executionId="0265fec8-5735-46c6-ad37-75321876ad5b" testId="6fb0aff5-7a60-a029-9eb1-144e4e65b2a3" testName="EndToEnd (US1).advisory-only: Standard profile + failing check ⇒ advisory warning, verdict still passing, exit 0" computerName="0bc8bbef51b6" duration="00:00:00.0040000" startTime="2026-08-03T01:01:00.7049519+02:00" endTime="2026-08-03T01:01:00.7094017+02:00" testType="13cdc9d9-ddb5-4fa4-a97d-d965ccfc6d4b" outcome="Passed" testListId="8c84fa94-04c1-424b-9868-57a2d4851a1d" relativeResultsDirectory="0265fec8-5735-46c6-ad37-75321876ad5b" />
    <UnitTestResult executionId="da880379-0692-4b35-b2ee-792ed241164f" testId="b8cab4c5-44fb-d142-cf36-ef55cea314ce" testName="Failure matrix (Polish).git sensing unavailable ⇒ InputUnavailable (exit 3)" computerName="0bc8bbef51b6" duration="00:00:00.0010000" startTime="2026-08-03T01:01:00.6947879+02:00" endTime="2026-08-03T01:01:00.6965930+02:00" testType="13cdc9d9-ddb5-4fa4-a97d-d965ccfc6d4b" outcome="Passed" testListId="8c84fa94-04c1-424b-9868-57a2d4851a1d" relativeResultsDirectory="da880379-0692-4b35-b2ee-792ed241164f" />
    <UnitTestResult executionId="db2ffbbd-b2e1-4fd7-a57d-efa30bba5964" testId="0cdc5e95-463c-7ce5-bbbd-aa89e7d516e4" testName="GovernedRefRouting.V5b — an empty governedReferences handoff contributes no routing candidate (SC-002)" computerName="0bc8bbef51b6" duration="00:00:00.0820000" startTime="2026-08-03T01:01:00.5909425+02:00" endTime="2026-08-03T01:01:00.6763934+02:00" testType="13cdc9d9-ddb5-4fa4-a97d-d965ccfc6d4b" outcome="Passed" testListId="8c84fa94-04c1-424b-9868-57a2d4851a1d" relativeResultsDirectory="db2ffbbd-b2e1-4fd7-a57d-efa30bba5964" />
    <UnitTestResult executionId="d975be14-48ce-4144-96cd-445a483bbb42" testId="60bc97ab-0146-9e4b-be50-7e9cc2f13914" testName="EndToEnd (US1).F070: stale view blocks verify under strict (C1) and warns (no-hide) under standard" computerName="0bc8bbef51b6" duration="00:00:00.0460000" startTime="2026-08-03T01:01:00.7050055+02:00" endTime="2026-08-03T01:01:00.7519355+02:00" testType="13cdc9d9-ddb5-4fa4-a97d-d965ccfc6d4b" outcome="Passed" testListId="8c84fa94-04c1-424b-9868-57a2d4851a1d" relativeResultsDirectory="d975be14-48ce-4144-96cd-445a483bbb42" />
    <UnitTestResult executionId="35c9af49-a654-495f-bf41-825dea0dfd5f" testId="6b522c4e-e44f-cf0c-ba6a-293d4cd1ca51" testName="CostBudgetWiring (064).an unreadable store still writes well-formed sidecars with no fabricated reuse" computerName="0bc8bbef51b6" duration="00:00:00.0020000" startTime="2026-08-03T01:01:00.6846625+02:00" endTime="2026-08-03T01:01:00.6872320+02:00" testType="13cdc9d9-ddb5-4fa4-a97d-d965ccfc6d4b" outcome="Passed" testListId="8c84fa94-04c1-424b-9868-57a2d4851a1d" relativeResultsDirectory="35c9af49-a654-495f-bf41-825dea0dfd5f" />
    <UnitTestResult executionId="d8c7b9c2-68a4-4367-a524-dc8b4dffdf1c" testId="b8f88e43-1000-07fa-bf70-8c624ac0cda1" testName="Degrade (US2).the degraded verdict equals the non-degraded verdict (a note never perturbs the rollup)" computerName="0bc8bbef51b6" duration="00:00:00.0020000" startTime="2026-08-03T01:01:00.6950428+02:00" endTime="2026-08-03T01:01:00.6977997+02:00" testType="13cdc9d9-ddb5-4fa4-a97d-d965ccfc6d4b" outcome="Passed" testListId="8c84fa94-04c1-424b-9868-57a2d4851a1d" relativeResultsDirectory="d8c7b9c2-68a4-4367-a524-dc8b4dffdf1c" />
    <UnitTestResult executionId="38ceb4ad-31c1-409c-9132-12d082036f67" testId="e3cdc9c9-f390-779d-1a29-7faf663e5f51" testName="Determinism (US3).--json stdout equals the persisted file verbatim (one source of truth)" computerName="0bc8bbef51b6" duration="00:00:00.0020000" startTime="2026-08-03T01:01:00.6948547+02:00" endTime="2026-08-03T01:01:00.6975147+02:00" testType="13cdc9d9-ddb5-4fa4-a97d-d965ccfc6d4b" outcome="Passed" testListId="8c84fa94-04c1-424b-9868-57a2d4851a1d" relativeResultsDirectory="38ceb4ad-31c1-409c-9132-12d082036f67" />
    <UnitTestResult executionId="02779930-db0c-4e22-8c1d-62c95755b821" testId="5a72edd4-1cc7-9111-f558-7e35dfea1eae" testName="Failure matrix (Polish).bad argv ⇒ UsageError' (exit 2), decided before any port is built" computerName="0bc8bbef51b6" startTime="2026-08-03T01:01:00.6947839+02:00" endTime="2026-08-03T01:01:00.6953999+02:00" testType="13cdc9d9-ddb5-4fa4-a97d-d965ccfc6d4b" outcome="Passed" testListId="8c84fa94-04c1-424b-9868-57a2d4851a1d" relativeResultsDirectory="02779930-db0c-4e22-8c1d-62c95755b821" />
    <UnitTestResult executionId="6ea43106-6c7b-42b9-a33a-0c9555856cae" testId="0f014def-e761-eda8-ad61-921b2c357f05" testName="Currency (US2).currency findings carry the owning gate's effective severity — advisory under Standard" computerName="0bc8bbef51b6" duration="00:00:00.0040000" startTime="2026-08-03T01:01:00.7049103+02:00" endTime="2026-08-03T01:01:00.7094593+02:00" testType="13cdc9d9-ddb5-4fa4-a97d-d965ccfc6d4b" outcome="Passed" testListId="8c84fa94-04c1-424b-9868-57a2d4851a1d" relativeResultsDirectory="6ea43106-6c7b-42b9-a33a-0c9555856cae" />
    <UnitTestResult executionId="d9d2bd82-beca-4a8d-a27f-ade99ac05064" testId="8ed07670-3dad-d9a2-f74f-c28b02c85b59" testName="ReleasePreview.an undeclared matrix is NotDeclared; a no-declaration run has no matrix at all" computerName="0bc8bbef51b6" startTime="2026-08-03T01:01:00.6778524+02:00" endTime="2026-08-03T01:01:00.6788873+02:00" testType="13cdc9d9-ddb5-4fa4-a97d-d965ccfc6d4b" outcome="Passed" testListId="8c84fa94-04c1-424b-9868-57a2d4851a1d" relativeResultsDirectory="d9d2bd82-beca-4a8d-a27f-ade99ac05064" />
    <UnitTestResult executionId="911d973d-c885-4fe5-97bd-a550d55cacfc" testId="13114eaf-40a6-bf18-6394-9cc2fb772f5c" testName="Reuse (US2).run twice with no change ⇒ run 2 reuses every selected check (zero further executions), all fresh" computerName="0bc8bbef51b6" duration="00:00:00.0090000" startTime="2026-08-03T01:01:00.6953904+02:00" endTime="2026-08-03T01:01:00.7047838+02:00" testType="13cdc9d9-ddb5-4fa4-a97d-d965ccfc6d4b" outcome="Passed" testListId="8c84fa94-04c1-424b-9868-57a2d4851a1d" relativeResultsDirectory="911d973d-c885-4fe5-97bd-a550d55cacfc" />
    <UnitTestResult executionId="764f6bc3-7b8f-48e3-9514-dc328ff71a28" testId="9867d00b-260b-0a54-ba9f-3b880165761a" testName="Parse (US1).--json selects Json; --persist-store opts in; --profile strict recognized" computerName="0bc8bbef51b6" duration="00:00:00.0020000" startTime="2026-08-03T01:01:00.7063230+02:00" endTime="2026-08-03T01:01:00.7092853+02:00" testType="13cdc9d9-ddb5-4fa4-a97d-d965ccfc6d4b" outcome="Passed" testListId="8c84fa94-04c1-424b-9868-57a2d4851a1d" relativeResultsDirectory="764f6bc3-7b8f-48e3-9514-dc328ff71a28" />
    <UnitTestResult executionId="42cd4d5d-29aa-44cb-b679-6aad5500fe0a" testId="5c371ef0-bc5f-e4ba-5e06-772778fe3bef" testName="RenderModeDispatch (US2).--plain on a TTY ⇒ Plain even though the terminal is rich-capable (FR-012)" computerName="0bc8bbef51b6" duration="00:00:00.0020000" startTime="2026-08-03T01:01:00.6847886+02:00" endTime="2026-08-03T01:01:00.6873021+02:00" testType="13cdc9d9-ddb5-4fa4-a97d-d965ccfc6d4b" outcome="Passed" testListId="8c84fa94-04c1-424b-9868-57a2d4851a1d" relativeResultsDirectory="42cd4d5d-29aa-44cb-b679-6aad5500fe0a" />
    <UnitTestResult executionId="05d968ba-065c-4d1c-a018-f92c011b4264" testId="cd931bf2-d1a7-4bef-6214-b514283c3263" testName="SurfaceDrift.the public API surface is exactly Loop + Interpreter + the three 076 fold seams (plus the Exe entry)" computerName="0bc8bbef51b6" duration="00:00:00.0010000" startTime="2026-08-03T01:01:00.6848713+02:00" endTime="2026-08-03T01:01:00.6866396+02:00" testType="13cdc9d9-ddb5-4fa4-a97d-d965ccfc6d4b" outcome="Passed" testListId="8c84fa94-04c1-424b-9868-57a2d4851a1d" relativeResultsDirectory="05d968ba-065c-4d1c-a018-f92c011b4264" />
    <UnitTestResult executionId="a23c1c2b-38e9-4e83-ac09-0b09d7396307" testId="5eb4cc84-77c0-612d-0512-9c4c158364e6" testName="NoMutation (Polish).writing --verify-out OUTSIDE the repo leaves the repo tree byte-for-byte unchanged" computerName="0bc8bbef51b6" duration="00:00:00.0400000" startTime="2026-08-03T01:01:00.6860074+02:00" endTime="2026-08-03T01:01:00.7267609+02:00" testType="13cdc9d9-ddb5-4fa4-a97d-d965ccfc6d4b" outcome="Passed" testListId="8c84fa94-04c1-424b-9868-57a2d4851a1d" relativeResultsDirectory="a23c1c2b-38e9-4e83-ac09-0b09d7396307" />
    <UnitTestResult executionId="9f69ebea-e84a-4652-83a1-3f16663c3660" testId="39ca752a-d53a-30ab-bd51-7ab57c9014a4" testName="CostBudgetWiring (064).verify --profile Light defers the High-cost workflow audit gate" computerName="0bc8bbef51b6" duration="00:00:00.0040000" startTime="2026-08-03T01:01:00.6846106+02:00" endTime="2026-08-03T01:01:00.6890471+02:00" testType="13cdc9d9-ddb5-4fa4-a97d-d965ccfc6d4b" outcome="Passed" testListId="8c84fa94-04c1-424b-9868-57a2d4851a1d" relativeResultsDirectory="9f69ebea-e84a-4652-83a1-3f16663c3660" />
    <UnitTestResult executionId="2dcf9d51-8eee-4798-9552-2173ce541d5f" testId="45e27c90-614d-5774-d2f5-18b99f4d574b" testName="SurfaceChecksE2E.effect-boundary production controls use real symbols and exact declaration tokens" computerName="0bc8bbef51b6" duration="00:00:00.2210000" startTime="2026-08-03T01:01:00.5924537+02:00" endTime="2026-08-03T01:01:00.8202507+02:00" testType="13cdc9d9-ddb5-4fa4-a97d-d965ccfc6d4b" outcome="Passed" testListId="8c84fa94-04c1-424b-9868-57a2d4851a1d" relativeResultsDirectory="2dcf9d51-8eee-4798-9552-2173ce541d5f" />
    <UnitTestResult executionId="4aa0a975-20dc-4302-bed8-31297370238b" testId="84c653ba-a803-fcdb-9301-624d3159eb96" testName="SurfaceChecksE2E.T020 non-empty surfaceChecks projection is deterministic and byte-identical to the golden" computerName="0bc8bbef51b6" duration="00:00:00.0820000" startTime="2026-08-03T01:01:00.5927378+02:00" endTime="2026-08-03T01:01:00.6822560+02:00" testType="13cdc9d9-ddb5-4fa4-a97d-d965ccfc6d4b" outcome="Passed" testListId="8c84fa94-04c1-424b-9868-57a2d4851a1d" relativeResultsDirectory="4aa0a975-20dc-4302-bed8-31297370238b" />
    <UnitTestResult executionId="4bdedd29-7dd9-4581-bd4e-375399a6c713" testId="dea3ab8a-16a5-ddf5-c106-3b8d689d6c07" testName="Parse (US1).--verify-out / --store overrides are honored" computerName="0bc8bbef51b6" startTime="2026-08-03T01:01:00.7150541+02:00" endTime="2026-08-03T01:01:00.7153779+02:00" testType="13cdc9d9-ddb5-4fa4-a97d-d965ccfc6d4b" outcome="Passed" testListId="8c84fa94-04c1-424b-9868-57a2d4851a1d" relativeResultsDirectory="4bdedd29-7dd9-4581-bd4e-375399a6c713" />
    <UnitTestResult executionId="bf121acf-d618-4591-b8b0-848e84613606" testId="6d53d42a-bb87-2a76-a3be-cc32be60bf4b" testName="Loop (US1).Loaded(Valid) runs the F015→F019 selection at RunMode.Verify and senses freshness + store" computerName="0bc8bbef51b6" duration="00:00:00.0060000" startTime="2026-08-03T01:01:00.7050395+02:00" endTime="2026-08-03T01:01:00.7115356+02:00" testType="13cdc9d9-ddb5-4fa4-a97d-d965ccfc6d4b" outcome="Passed" testListId="8c84fa94-04c1-424b-9868-57a2d4851a1d" relativeResultsDirectory="bf121acf-d618-4591-b8b0-848e84613606" />
    <UnitTestResult executionId="d211c906-fb4a-4534-bcf0-7b36d1433e32" testId="b2ebc32b-4a71-3164-fa3b-1e6c8c166714" testName="Parse (US1).CLI-5: a non-verify leading positional is an UnexpectedArgument, an unknown --flag stays UnknownFlag" computerName="0bc8bbef51b6" startTime="2026-08-03T01:01:00.7150922+02:00" endTime="2026-08-03T01:01:00.7156841+02:00" testType="13cdc9d9-ddb5-4fa4-a97d-d965ccfc6d4b" outcome="Passed" testListId="8c84fa94-04c1-424b-9868-57a2d4851a1d" relativeResultsDirectory="d211c906-fb4a-4534-bcf0-7b36d1433e32" />
    <UnitTestResult executionId="369a5cf3-dc1d-4eaa-b918-102dc98b9044" testId="35a9537b-14c0-d67b-05ad-a276cc1a2e3e" testName="HandoffReadiness.unreadable readiness emits an integrity diagnostic and exits non-zero" computerName="0bc8bbef51b6" duration="00:00:00.0800000" startTime="2026-08-03T01:01:00.5910661+02:00" endTime="2026-08-03T01:01:00.6751969+02:00" testType="13cdc9d9-ddb5-4fa4-a97d-d965ccfc6d4b" outcome="Passed" testListId="8c84fa94-04c1-424b-9868-57a2d4851a1d" relativeResultsDirectory="369a5cf3-dc1d-4eaa-b918-102dc98b9044" />
    <UnitTestResult executionId="00c3860f-e444-4edd-b058-4fd7142df377" testId="15261e11-3ed5-0bae-2905-7763d4e87a0a" testName="PersistenceEdge (US3).a failing ArtifactWriter ⇒ ToolError (exit 4), no artifact recorded, distinct from Blocked" computerName="0bc8bbef51b6" duration="00:00:00.0030000" startTime="2026-08-03T01:01:00.6948226+02:00" endTime="2026-08-03T01:01:00.6980752+02:00" testType="13cdc9d9-ddb5-4fa4-a97d-d965ccfc6d4b" outcome="Passed" testListId="8c84fa94-04c1-424b-9868-57a2d4851a1d" relativeResultsDirectory="00c3860f-e444-4edd-b058-4fd7142df377" />
    <UnitTestResult executionId="f221f213-4803-4469-bdb4-c0061015e8b4" testId="fffd02ab-a605-8a3f-536b-4c84b044c670" testName="Failure matrix (Polish).an absent catalog ⇒ InputUnavailable (exit 3)" computerName="0bc8bbef51b6" duration="00:00:00.0010000" startTime="2026-08-03T01:01:00.6947721+02:00" endTime="2026-08-03T01:01:00.6963671+02:00" testType="13cdc9d9-ddb5-4fa4-a97d-d965ccfc6d4b" outcome="Passed" testListId="8c84fa94-04c1-424b-9868-57a2d4851a1d" relativeResultsDirectory="f221f213-4803-4469-bdb4-c0061015e8b4" />
    <UnitTestResult executionId="fbe7f43f-1d74-4844-a5f5-abbe752ad923" testId="9ad6e49f-ca70-1890-873b-c90f5744adc0" testName="CostBudgetWiring (064).both sidecars are byte-identical across two runs over an unchanged tree" computerName="0bc8bbef51b6" duration="00:00:00.0040000" startTime="2026-08-03T01:01:00.6846279+02:00" endTime="2026-08-03T01:01:00.6888110+02:00" testType="13cdc9d9-ddb5-4fa4-a97d-d965ccfc6d4b" outcome="Passed" testListId="8c84fa94-04c1-424b-9868-57a2d4851a1d" relativeResultsDirectory="fbe7f43f-1d74-4844-a5f5-abbe752ad923" />
    <UnitTestResult executionId="68acca87-04ff-4395-8216-40d2fc3464e2" testId="ddc3550f-896f-7782-7dce-7ced180014c5" testName="SurfaceChecksE2E.effect-boundary production controls cover applicability delivery callbacks clocks and exemptions" computerName="0bc8bbef51b6" duration="00:00:00.2220000" startTime="2026-08-03T01:01:00.5925831+02:00" endTime="2026-08-03T01:01:00.8213448+02:00" testType="13cdc9d9-ddb5-4fa4-a97d-d965ccfc6d4b" outcome="Passed" testListId="8c84fa94-04c1-424b-9868-57a2d4851a1d" relativeResultsDirectory="68acca87-04ff-4395-8216-40d2fc3464e2" />
    <UnitTestResult executionId="9989d789-1730-4e8b-bb66-47c574666d7c" testId="7c28a9ad-b027-23f4-06c2-45f43c7ee85e" testName="ScopeGuard (Polish).VerifyCommand references no networking assembly (network-free own logic)" computerName="0bc8bbef51b6" startTime="2026-08-03T01:01:00.6947443+02:00" endTime="2026-08-03T01:01:00.6953699+02:00" testType="13cdc9d9-ddb5-4fa4-a97d-d965ccfc6d4b" outcome="Passed" testListId="8c84fa94-04c1-424b-9868-57a2d4851a1d" relativeResultsDirectory="9989d789-1730-4e8b-bb66-47c574666d7c" />
    <UnitTestResult executionId="ebce5170-f9fa-402a-bcea-6df5d34d01ce" testId="1fb7d4d0-3e8c-66a5-960e-9b15ed8b1b1c" testName="HandoffReadiness.blocking readiness ⇒ a selected blocking readiness gate in Blockers ⇒ Fail under Strict (SC-005)" computerName="0bc8bbef51b6" duration="00:00:00.0810000" startTime="2026-08-03T01:01:00.5909511+02:00" endTime="2026-08-03T01:01:00.6755420+02:00" testType="13cdc9d9-ddb5-4fa4-a97d-d965ccfc6d4b" outcome="Passed" testListId="8c84fa94-04c1-424b-9868-57a2d4851a1d" relativeResultsDirectory="ebce5170-f9fa-402a-bcea-6df5d34d01ce" />
    <UnitTestResult executionId="cedb44f1-0c7b-4ba3-a1dc-2498dae7db9b" testId="1c6957cb-46e3-741a-2634-b60f6f6b9ff4" testName="PersistenceEdge (US3).a tool-error diagnostic is tagged and carries no fabricated passing verdict" computerName="0bc8bbef51b6" duration="00:00:00.0020000" startTime="2026-08-03T01:01:00.6948361+02:00" endTime="2026-08-03T01:01:00.6980320+02:00" testType="13cdc9d9-ddb5-4fa4-a97d-d965ccfc6d4b" outcome="Passed" testListId="8c84fa94-04c1-424b-9868-57a2d4851a1d" relativeResultsDirectory="cedb44f1-0c7b-4ba3-a1dc-2498dae7db9b" />
    <UnitTestResult executionId="2b3224cb-5fb7-4294-aae0-3f7042637727" testId="e5b83fdd-bd34-7825-09c7-ad9526049ca0" testName="SurfaceChecksE2E.T009 a routed-but-missing surface source ⇒ a disclosed sensor outcome, not a crash or silent pass" computerName="0bc8bbef51b6" duration="00:00:00.0770000" startTime="2026-08-03T01:01:00.5921436+02:00" endTime="2026-08-03T01:01:00.6758716+02:00" testType="13cdc9d9-ddb5-4fa4-a97d-d965ccfc6d4b" outcome="Passed" testListId="8c84fa94-04c1-424b-9868-57a2d4851a1d" relativeResultsDirectory="2b3224cb-5fb7-4294-aae0-3f7042637727" />
    <UnitTestResult executionId="c9f3ec9b-5aca-4928-93e5-9dbbc25a1f59" testId="a29c9297-d55e-9248-ad8d-96b58c6790c8" testName="CostBudgetWiring (064).fixture-budget invariant: every frozen-golden must-recompute gate fits the Medium ceiling" computerName="0bc8bbef51b6" duration="00:00:00.0010000" startTime="2026-08-03T01:01:00.6779193+02:00" endTime="2026-08-03T01:01:00.6794576+02:00" testType="13cdc9d9-ddb5-4fa4-a97d-d965ccfc6d4b" outcome="Passed" testListId="8c84fa94-04c1-424b-9868-57a2d4851a1d" relativeResultsDirectory="c9f3ec9b-5aca-4928-93e5-9dbbc25a1f59" />
    <UnitTestResult executionId="7b1ba123-3af5-4883-992b-c3a5bffe614e" testId="9268d59f-fe30-654e-4f42-081943ee628e" testName="SurfaceDrift.VerifyCommand public surface equals the committed baseline" computerName="0bc8bbef51b6" duration="00:00:00.0350000" startTime="2026-08-03T01:01:00.6848516+02:00" endTime="2026-08-03T01:01:00.7204356+02:00" testType="13cdc9d9-ddb5-4fa4-a97d-d965ccfc6d4b" outcome="Passed" testListId="8c84fa94-04c1-424b-9868-57a2d4851a1d" relativeResultsDirectory="7b1ba123-3af5-4883-992b-c3a5bffe614e" />
    <UnitTestResult executionId="c19bace5-049c-4145-a374-b20f326d0bd8" testId="d844f896-4c75-73f5-ffbd-1a760ce6228c" testName="SeamModuleScopeGuard (076 host folds).the three additive host fold modules are present and public" computerName="0bc8bbef51b6" duration="00:00:00.0020000" startTime="2026-08-03T01:01:00.5911894+02:00" endTime="2026-08-03T01:01:00.6308238+02:00" testType="13cdc9d9-ddb5-4fa4-a97d-d965ccfc6d4b" outcome="Passed" testListId="8c84fa94-04c1-424b-9868-57a2d4851a1d" relativeResultsDirectory="c19bace5-049c-4145-a374-b20f326d0bd8" />
    <UnitTestResult executionId="77050723-c233-4a94-9e40-13b755342c38" testId="aa49e3b6-7e71-8d2e-ef0f-f9606e7376e2" testName="Parse (US1).bare argv yields the documented defaults" computerName="0bc8bbef51b6" startTime="2026-08-03T01:01:00.7050627+02:00" endTime="2026-08-03T01:01:00.7065373+02:00" testType="13cdc9d9-ddb5-4fa4-a97d-d965ccfc6d4b" outcome="Passed" testListId="8c84fa94-04c1-424b-9868-57a2d4851a1d" relativeResultsDirectory="77050723-c233-4a94-9e40-13b755342c38" />
    <UnitTestResult executionId="f32469c8-1795-4f8f-a412-394f8d50cf4e" testId="cc65e4d5-5af1-6705-18bd-91e1dd00de3e" testName="RenderModeDispatch (US2).--json always wins: Json selected, the rich path NEVER reached, output ANSI-free (SC-004)" computerName="0bc8bbef51b6" duration="00:00:00.0020000" startTime="2026-08-03T01:01:00.6848017+02:00" endTime="2026-08-03T01:01:00.6873413+02:00" testType="13cdc9d9-ddb5-4fa4-a97d-d965ccfc6d4b" outcome="Passed" testListId="8c84fa94-04c1-424b-9868-57a2d4851a1d" relativeResultsDirectory="f32469c8-1795-4f8f-a412-394f8d50cf4e" />
    <UnitTestResult executionId="7544f61b-2911-4398-9c22-ac7126496a6d" testId="ae04c12f-9a20-fee0-75ec-d9921d00a5f0" testName="SurfaceChecksE2E.ADPT-1 an invalid governance catalog ⇒ a Blocking input-state surface finding, never a silent empty pass" computerName="0bc8bbef51b6" duration="00:00:00.0260000" startTime="2026-08-03T01:01:00.5922368+02:00" endTime="2026-08-03T01:01:00.6311609+02:00" testType="13cdc9d9-ddb5-4fa4-a97d-d965ccfc6d4b" outcome="Passed" testListId="8c84fa94-04c1-424b-9868-57a2d4851a1d" relativeResultsDirectory="7544f61b-2911-4398-9c22-ac7126496a6d" />
    <UnitTestResult executionId="e5719177-6b09-4213-8ef4-611c359c561e" testId="16f2c04f-6d73-322d-304d-d28cef4dce45" testName="Currency (US2).a blocking-severity currency finding rides the EXISTING rollup to Blocked (no second route)" computerName="0bc8bbef51b6" duration="00:00:00.0010000" startTime="2026-08-03T01:01:00.7049120+02:00" endTime="2026-08-03T01:01:00.7065721+02:00" testType="13cdc9d9-ddb5-4fa4-a97d-d965ccfc6d4b" outcome="Passed" testListId="8c84fa94-04c1-424b-9868-57a2d4851a1d" relativeResultsDirectory="e5719177-6b09-4213-8ef4-611c359c561e" />
    <UnitTestResult executionId="fd1f9669-0a34-42ac-9520-4952442f4a84" testId="6d07f93f-b5d1-4a11-684e-cdc2843cbb03" testName="Loop (US1).init: DefaultRange emits SenseScope; ExplicitPaths senses the release preview before the catalog" computerName="0bc8bbef51b6" duration="00:00:00.0040000" startTime="2026-08-03T01:01:00.7050166+02:00" endTime="2026-08-03T01:01:00.7098093+02:00" testType="13cdc9d9-ddb5-4fa4-a97d-d965ccfc6d4b" outcome="Passed" testListId="8c84fa94-04c1-424b-9868-57a2d4851a1d" relativeResultsDirectory="fd1f9669-0a34-42ac-9520-4952442f4a84" />
    <UnitTestResult executionId="fdc2d3b1-c32d-4403-a422-5f1c6a3c8c88" testId="b41f6680-cbe3-e361-ab25-ab5af9c608d5" testName="RenderModeDispatch (US2).Synthetic NO_COLOR on a TTY ⇒ Plain (color suppressed)" computerName="0bc8bbef51b6" duration="00:00:00.0020000" startTime="2026-08-03T01:01:00.6847726+02:00" endTime="2026-08-03T01:01:00.6872905+02:00" testType="13cdc9d9-ddb5-4fa4-a97d-d965ccfc6d4b" outcome="Passed" testListId="8c84fa94-04c1-424b-9868-57a2d4851a1d" relativeResultsDirectory="fdc2d3b1-c32d-4403-a422-5f1c6a3c8c88" />
    <UnitTestResult executionId="adbecd6b-cffb-4d00-a996-b5b8b564cfc8" testId="342e3a95-8669-16e0-b994-e79d0398d6fc" testName="Determinism (US3).two runs over identical state + outcomes write byte-identical verify.json" computerName="0bc8bbef51b6" duration="00:00:00.0030000" startTime="2026-08-03T01:01:00.6948474+02:00" endTime="2026-08-03T01:01:00.6983452+02:00" testType="13cdc9d9-ddb5-4fa4-a97d-d965ccfc6d4b" outcome="Passed" testListId="8c84fa94-04c1-424b-9868-57a2d4851a1d" relativeResultsDirectory="adbecd6b-cffb-4d00-a996-b5b8b564cfc8" />
    <UnitTestResult executionId="e759377a-3a88-4b5f-9b47-378c8de120c1" testId="745475e5-8b43-2f86-1a7a-549027aa0122" testName="SurfaceChecksE2E.T008b absent baseline ⇒ two runs byte-identical and the working tree is unchanged (read-only)" computerName="0bc8bbef51b6" duration="00:00:00.0830000" startTime="2026-08-03T01:01:00.5919253+02:00" endTime="2026-08-03T01:01:00.6823270+02:00" testType="13cdc9d9-ddb5-4fa4-a97d-d965ccfc6d4b" outcome="Passed" testListId="8c84fa94-04c1-424b-9868-57a2d4851a1d" relativeResultsDirectory="e759377a-3a88-4b5f-9b47-378c8de120c1" />
    <UnitTestResult executionId="7bb6a3c2-0329-407e-8d50-fb096b164042" testId="939e6f42-9a56-5a72-5a44-0f11439dfba0" testName="SurfaceRollup (US1).an advisory surface finding never escalates — exit unchanged from a clean run" computerName="0bc8bbef51b6" duration="00:00:00.0760000" startTime="2026-08-03T01:01:00.5984388+02:00" endTime="2026-08-03T01:01:00.6753643+02:00" testType="13cdc9d9-ddb5-4fa4-a97d-d965ccfc6d4b" outcome="Passed" testListId="8c84fa94-04c1-424b-9868-57a2d4851a1d" relativeResultsDirectory="7bb6a3c2-0329-407e-8d50-fb096b164042" />
    <UnitTestResult executionId="1b89626f-126c-45a3-83ac-11e97a16ffe7" testId="6c786e41-8483-a837-4f21-34513a131937" testName="ReleasePreview.T031: a present declaration ⇒ advisory releaseReadiness preview, exit unchanged, matrix deferred" computerName="0bc8bbef51b6" duration="00:00:00.0430000" startTime="2026-08-03T01:01:00.6371983+02:00" endTime="2026-08-03T01:01:00.6810332+02:00" testType="13cdc9d9-ddb5-4fa4-a97d-d965ccfc6d4b" outcome="Passed" testListId="8c84fa94-04c1-424b-9868-57a2d4851a1d" relativeResultsDirectory="1b89626f-126c-45a3-83ac-11e97a16ffe7" />
    <UnitTestResult executionId="3f194096-080f-4482-8663-490fc9907bd0" testId="ca52333f-545d-186c-3df1-31b2c70363c1" testName="Parse (US1).an unknown flag, a missing value, paths+since, empty paths, and a bad profile are usage errors" computerName="0bc8bbef51b6" startTime="2026-08-03T01:01:00.7150733+02:00" endTime="2026-08-03T01:01:00.7161419+02:00" testType="13cdc9d9-ddb5-4fa4-a97d-d965ccfc6d4b" outcome="Passed" testListId="8c84fa94-04c1-424b-9868-57a2d4851a1d" relativeResultsDirectory="3f194096-080f-4482-8663-490fc9907bd0" />
    <UnitTestResult executionId="66a82267-9750-43f9-bdb4-fd2e56207c43" testId="e840183f-4080-76b5-c59e-7300b772f644" testName="CostBudgetWiring (064).verify.json is byte-identical with wiring active; the two sidecars are written beside it" computerName="0bc8bbef51b6" duration="00:00:00.0100000" startTime="2026-08-03T01:01:00.6846327+02:00" endTime="2026-08-03T01:01:00.6948039+02:00" testType="13cdc9d9-ddb5-4fa4-a97d-d965ccfc6d4b" outcome="Passed" testListId="8c84fa94-04c1-424b-9868-57a2d4851a1d" relativeResultsDirectory="66a82267-9750-43f9-bdb4-fd2e56207c43" />
    <UnitTestResult executionId="42723e1f-d840-44d4-a7e3-10ca15370a75" testId="21213cbd-4f5f-dbfa-c799-3e6d12dd3e58" testName="Reuse (US2).flipping one check's command version recomputes EXACTLY that check, reported stale with its category" computerName="0bc8bbef51b6" duration="00:00:00.0080000" startTime="2026-08-03T01:01:00.7048775+02:00" endTime="2026-08-03T01:01:00.7131347+02:00" testType="13cdc9d9-ddb5-4fa4-a97d-d965ccfc6d4b" outcome="Passed" testListId="8c84fa94-04c1-424b-9868-57a2d4851a1d" relativeResultsDirectory="42723e1f-d840-44d4-a7e3-10ca15370a75" />
    <UnitTestResult executionId="90025b60-1f69-4a7d-ac43-219237906be8" testId="99fa9975-a22c-2aff-27bf-b308337e4003" testName="CostBudgetWiring (064).kindOf is total over the selected gates and runIdentity ignores sensed duration (FR-004)" computerName="0bc8bbef51b6" duration="00:00:00.0040000" startTime="2026-08-03T01:01:00.6846179+02:00" endTime="2026-08-03T01:01:00.6891785+02:00" testType="13cdc9d9-ddb5-4fa4-a97d-d965ccfc6d4b" outcome="Passed" testListId="8c84fa94-04c1-424b-9868-57a2d4851a1d" relativeResultsDirectory="90025b60-1f69-4a7d-ac43-219237906be8" />
    <UnitTestResult executionId="081ddd06-d606-4b64-b272-0d123a7c7633" testId="671227b2-759e-860c-a3d2-58970ac1a28f" testName="ByteIdentityGolden.no-declaration verify.json byte-identical to the frozen pre-wiring golden (5a0cb28)" computerName="0bc8bbef51b6" duration="00:00:00.0050000" startTime="2026-08-03T01:01:00.6948437+02:00" endTime="2026-08-03T01:01:00.7009542+02:00" testType="13cdc9d9-ddb5-4fa4-a97d-d965ccfc6d4b" outcome="Passed" testListId="8c84fa94-04c1-424b-9868-57a2d4851a1d" relativeResultsDirectory="081ddd06-d606-4b64-b272-0d123a7c7633" />
    <UnitTestResult executionId="5780b1e0-4a7e-4cc6-bc0e-f93b15f35556" testId="ac5b3116-ea10-391f-cc3b-eb1141b508ea" testName="Degrade (US2).a freshness sensing failure degrades with a note and leaves the verdict/exit unchanged" computerName="0bc8bbef51b6" duration="00:00:00.0010000" startTime="2026-08-03T01:01:00.6948775+02:00" endTime="2026-08-03T01:01:00.6969204+02:00" testType="13cdc9d9-ddb5-4fa4-a97d-d965ccfc6d4b" outcome="Passed" testListId="8c84fa94-04c1-424b-9868-57a2d4851a1d" relativeResultsDirectory="5780b1e0-4a7e-4cc6-bc0e-f93b15f35556" />
    <UnitTestResult executionId="d9226d68-151c-403c-a82d-ab8e11bd1e12" testId="10346012-0402-6ebc-ce83-265a494b10eb" testName="Loop (US1).exitCode maps the five categories" computerName="0bc8bbef51b6" startTime="2026-08-03T01:01:00.7050501+02:00" endTime="2026-08-03T01:01:00.7065077+02:00" testType="13cdc9d9-ddb5-4fa4-a97d-d965ccfc6d4b" outcome="Passed" testListId="8c84fa94-04c1-424b-9868-57a2d4851a1d" relativeResultsDirectory="d9226d68-151c-403c-a82d-ab8e11bd1e12" />
    <UnitTestResult executionId="9381f7fb-f25f-49f5-89ae-16ac837ce903" testId="83f18a1d-a14e-11c3-2922-f903dca4a63e" testName="EndToEnd (US1).clean: Standard profile + passing checks ⇒ passing verdict, exit 0, written bytes match the projection" computerName="0bc8bbef51b6" duration="00:00:00.0060000" startTime="2026-08-03T01:01:00.7049258+02:00" endTime="2026-08-03T01:01:00.7116944+02:00" testType="13cdc9d9-ddb5-4fa4-a97d-d965ccfc6d4b" outcome="Passed" testListId="8c84fa94-04c1-424b-9868-57a2d4851a1d" relativeResultsDirectory="9381f7fb-f25f-49f5-89ae-16ac837ce903" />
    <UnitTestResult executionId="880edef0-ef47-4ea9-849c-07228c09caf0" testId="31d8df1e-4c34-f3f1-e6ac-9eaf46738c05" testName="Parse (US1).a leading bare `verify` verb is tolerated and dropped" computerName="0bc8bbef51b6" startTime="2026-08-03T01:01:00.7053851+02:00" endTime="2026-08-03T01:01:00.7065334+02:00" testType="13cdc9d9-ddb5-4fa4-a97d-d965ccfc6d4b" outcome="Passed" testListId="8c84fa94-04c1-424b-9868-57a2d4851a1d" relativeResultsDirectory="880edef0-ef47-4ea9-849c-07228c09caf0" />
    <UnitTestResult executionId="0597784b-2bb4-471b-8a2b-7d121a3045a4" testId="a8691c9e-d374-2020-e14a-9a0195148494" testName="Parse (US1).--paths normalizes and sets ExplicitPaths; --since sets Since" computerName="0bc8bbef51b6" startTime="2026-08-03T01:01:00.7150441+02:00" endTime="2026-08-03T01:01:00.7157200+02:00" testType="13cdc9d9-ddb5-4fa4-a97d-d965ccfc6d4b" outcome="Passed" testListId="8c84fa94-04c1-424b-9868-57a2d4851a1d" relativeResultsDirectory="0597784b-2bb4-471b-8a2b-7d121a3045a4" />
    <UnitTestResult executionId="89f45496-20fb-4041-85ac-fa04cd79f7b1" testId="4c833895-c4e7-d4ff-1023-0eb60979534f" testName="Failure matrix (Polish).an invalid catalog ⇒ InputUnavailable (exit 3), no artifact, tagged diagnostic" computerName="0bc8bbef51b6" duration="00:00:00.0010000" startTime="2026-08-03T01:01:00.6947522+02:00" endTime="2026-08-03T01:01:00.6968515+02:00" testType="13cdc9d9-ddb5-4fa4-a97d-d965ccfc6d4b" outcome="Passed" testListId="8c84fa94-04c1-424b-9868-57a2d4851a1d" relativeResultsDirectory="89f45496-20fb-4041-85ac-fa04cd79f7b1" />
    <UnitTestResult executionId="b9c8af0d-9f50-4c9b-8177-0098cf197256" testId="12062d11-e511-130f-f9d1-108d17ee6249" testName="HandoffReadiness.clean readiness ⇒ a present, non-blocking readiness gate (Pass)" computerName="0bc8bbef51b6" duration="00:00:00.0810000" startTime="2026-08-03T01:01:00.5909489+02:00" endTime="2026-08-03T01:01:00.6754912+02:00" testType="13cdc9d9-ddb5-4fa4-a97d-d965ccfc6d4b" outcome="Passed" testListId="8c84fa94-04c1-424b-9868-57a2d4851a1d" relativeResultsDirectory="b9c8af0d-9f50-4c9b-8177-0098cf197256" />
    <UnitTestResult executionId="297dc86c-abd6-4d01-8fd9-af3e8a97df95" testId="f634c270-1e80-cb19-3dc5-d6540996272a" testName="CostBudgetWiring (064).nothing-to-verify still writes well-formed empty sidecars" computerName="0bc8bbef51b6" duration="00:00:00.0010000" startTime="2026-08-03T01:01:00.6846395+02:00" endTime="2026-08-03T01:01:00.6866051+02:00" testType="13cdc9d9-ddb5-4fa4-a97d-d965ccfc6d4b" outcome="Passed" testListId="8c84fa94-04c1-424b-9868-57a2d4851a1d" relativeResultsDirectory="297dc86c-abd6-4d01-8fd9-af3e8a97df95" />
    <UnitTestResult executionId="502228f3-a795-4897-8c3e-4443fca38aab" testId="dbb0cfbd-82f2-1579-941e-eb7f3efc51d6" testName="GovernedRefRouting.V4 — a declared verify-blocking path with no sensed change blocks verify --strict (SC-004)" computerName="0bc8bbef51b6" duration="00:00:00.0810000" startTime="2026-08-03T01:01:00.5909352+02:00" endTime="2026-08-03T01:01:00.6756997+02:00" testType="13cdc9d9-ddb5-4fa4-a97d-d965ccfc6d4b" outcome="Passed" testListId="8c84fa94-04c1-424b-9868-57a2d4851a1d" relativeResultsDirectory="502228f3-a795-4897-8c3e-4443fca38aab" />
    <UnitTestResult executionId="d7c1b35d-3143-47db-bdb3-39efce259afb" testId="01ce7d06-a990-2d0c-58ab-bbb7067fe588" testName="NoMutation (Polish).writing --verify-out INSIDE the repo (no --persist-store) adds only the requested verify.json" computerName="0bc8bbef51b6" duration="00:00:00.0400000" startTime="2026-08-03T01:01:00.6860739+02:00" endTime="2026-08-03T01:01:00.7266285+02:00" testType="13cdc9d9-ddb5-4fa4-a97d-d965ccfc6d4b" outcome="Passed" testListId="8c84fa94-04c1-424b-9868-57a2d4851a1d" relativeResultsDirectory="d7c1b35d-3143-47db-bdb3-39efce259afb" />
    <UnitTestResult executionId="8297bb29-2f0b-4a3e-bb03-68252bfe3cc0" testId="a117ab5c-5a6f-204b-110c-64220cf6d11d" testName="SurfaceChecksE2E.T006 advisory-only surface finding ⇒ surfaceChecks advisory entry, exit equals a clean run (Synthetic)" computerName="0bc8bbef51b6" duration="00:00:00.0770000" startTime="2026-08-03T01:01:00.5916344+02:00" endTime="2026-08-03T01:01:00.6757350+02:00" testType="13cdc9d9-ddb5-4fa4-a97d-d965ccfc6d4b" outcome="Passed" testListId="8c84fa94-04c1-424b-9868-57a2d4851a1d" relativeResultsDirectory="8297bb29-2f0b-4a3e-bb03-68252bfe3cc0" />
    <UnitTestResult executionId="77c05744-93b5-4b85-9861-3b1b27372350" testId="d343a380-5357-8611-5414-12980e1c1007" testName="Degrade (US2).a malformed store degrades (StoreDegraded), suppresses persistence, leaves the verdict/exit unchanged" computerName="0bc8bbef51b6" duration="00:00:00.0010000" startTime="2026-08-03T01:01:00.6948828+02:00" endTime="2026-08-03T01:01:00.6972083+02:00" testType="13cdc9d9-ddb5-4fa4-a97d-d965ccfc6d4b" outcome="Passed" testListId="8c84fa94-04c1-424b-9868-57a2d4851a1d" relativeResultsDirectory="77c05744-93b5-4b85-9861-3b1b27372350" />
    <UnitTestResult executionId="8ea3069b-1ee5-4ac7-9476-070340608c0d" testId="e9588709-1d68-9f45-b737-84f9b0a4f630" testName="RenderModeDispatch (US2).Synthetic non-TTY ⇒ Plain: the ANSI-free HumanText projection is written to Out, rich path NOT taken (SC-003)" computerName="0bc8bbef51b6" duration="00:00:00.0020000" startTime="2026-08-03T01:01:00.6847561+02:00" endTime="2026-08-03T01:01:00.6873471+02:00" testType="13cdc9d9-ddb5-4fa4-a97d-d965ccfc6d4b" outcome="Passed" testListId="8c84fa94-04c1-424b-9868-57a2d4851a1d" relativeResultsDirectory="8ea3069b-1ee5-4ac7-9476-070340608c0d" />
    <UnitTestResult executionId="de691fbe-20f9-4d12-a5c5-679bc1c484a8" testId="0747667c-e62a-e2bc-8bef-ff3518ff76f4" testName="RenderModeDispatch (US2).Synthetic TTY ⇒ Rich: the rich RenderReport path is taken, the plain projection is NOT written to the Out sink (SC-003)" computerName="0bc8bbef51b6" duration="00:00:00.0020000" startTime="2026-08-03T01:01:00.6846734+02:00" endTime="2026-08-03T01:01:00.6876185+02:00" testType="13cdc9d9-ddb5-4fa4-a97d-d965ccfc6d4b" outcome="Passed" testListId="8c84fa94-04c1-424b-9868-57a2d4851a1d" relativeResultsDirectory="de691fbe-20f9-4d12-a5c5-679bc1c484a8" />
    <UnitTestResult executionId="949f319c-4d59-4e65-b5ea-351436fc7e36" testId="10590acd-864e-8a2e-4721-867a3934794a" testName="Currency (US2).an empty store ⇒ every selected check is recompute (no prior evidence) in the cache-eligibility section" computerName="0bc8bbef51b6" duration="00:00:00.0040000" startTime="2026-08-03T01:01:00.7048853+02:00" endTime="2026-08-03T01:01:00.7094226+02:00" testType="13cdc9d9-ddb5-4fa4-a97d-d965ccfc6d4b" outcome="Passed" testListId="8c84fa94-04c1-424b-9868-57a2d4851a1d" relativeResultsDirectory="949f319c-4d59-4e65-b5ea-351436fc7e36" />
    <UnitTestResult executionId="6b597087-eda0-4dc7-a5b2-10b6d6721abc" testId="94e84aaa-e40a-48aa-00b1-d28ead467e56" testName="Parse (US1).there is NO --mode flag: --mode is an UnknownFlag (FR-017, verify cannot escalate to Gate)" computerName="0bc8bbef51b6" startTime="2026-08-03T01:01:00.7150712+02:00" endTime="2026-08-03T01:01:00.7156693+02:00" testType="13cdc9d9-ddb5-4fa4-a97d-d965ccfc6d4b" outcome="Passed" testListId="8c84fa94-04c1-424b-9868-57a2d4851a1d" relativeResultsDirectory="6b597087-eda0-4dc7-a5b2-10b6d6721abc" />
    <UnitTestResult executionId="c9c90efe-0b71-4c51-85db-a7401b09b06f" testId="55afd126-4a3c-866e-7363-f0f21413d27a" testName="EndToEnd (US1).blocking: Strict profile + failing blocking check ⇒ Blocked, exit 1, the unmet check named" computerName="0bc8bbef51b6" duration="00:00:00.0040000" startTime="2026-08-03T01:01:00.7049419+02:00" endTime="2026-08-03T01:01:00.7094634+02:00" testType="13cdc9d9-ddb5-4fa4-a97d-d965ccfc6d4b" outcome="Passed" testListId="8c84fa94-04c1-424b-9868-57a2d4851a1d" relativeResultsDirectory="c9c90efe-0b71-4c51-85db-a7401b09b06f" />
    <UnitTestResult executionId="0b8114b0-3c67-4288-9b59-39ad6f072407" testId="ea708a0a-4895-3201-0a19-410ad05b1454" testName="Failure matrix (Polish).an unwritable --verify-out ⇒ ToolError (exit 4), no partial artifact" computerName="0bc8bbef51b6" duration="00:00:00.0020000" startTime="2026-08-03T01:01:00.6947955+02:00" endTime="2026-08-03T01:01:00.6978509+02:00" testType="13cdc9d9-ddb5-4fa4-a97d-d965ccfc6d4b" outcome="Passed" testListId="8c84fa94-04c1-424b-9868-57a2d4851a1d" relativeResultsDirectory="0b8114b0-3c67-4288-9b59-39ad6f072407" />
    <UnitTestResult executionId="4558e03c-8655-4abf-9161-e826b3254adf" testId="9eb23b76-8923-506c-a7df-44abea4f2324" testName="Failure matrix (Polish).the four failure exits are mutually distinct codes" computerName="0bc8bbef51b6" duration="00:00:00.0010000" startTime="2026-08-03T01:01:00.6948111+02:00" endTime="2026-08-03T01:01:00.6966762+02:00" testType="13cdc9d9-ddb5-4fa4-a97d-d965ccfc6d4b" outcome="Passed" testListId="8c84fa94-04c1-424b-9868-57a2d4851a1d" relativeResultsDirectory="4558e03c-8655-4abf-9161-e826b3254adf" />
    <UnitTestResult executionId="b0018faa-d233-498d-ba55-b7555eb08f59" testId="234a96a2-e2e8-b352-0afc-e035d7ca88df" testName="GovernedRefRouting.V5a — no handoff ⇒ the verify doc is byte-identical to the pre-F082 projection (SC-002)" computerName="0bc8bbef51b6" duration="00:00:00.0860000" startTime="2026-08-03T01:01:00.5909372+02:00" endTime="2026-08-03T01:01:00.6810209+02:00" testType="13cdc9d9-ddb5-4fa4-a97d-d965ccfc6d4b" outcome="Passed" testListId="8c84fa94-04c1-424b-9868-57a2d4851a1d" relativeResultsDirectory="b0018faa-d233-498d-ba55-b7555eb08f59" />
    <UnitTestResult executionId="6ba70e75-f3dd-4eb4-95d0-bd52930af6f1" testId="65c8e29a-eade-50bd-5b3b-55f85d488230" testName="SurfaceDrift.VerifyCommand references VerifyJson (not AuditJson) and no kernel/host/cli" computerName="0bc8bbef51b6" duration="00:00:00.0010000" startTime="2026-08-03T01:01:00.6848781+02:00" endTime="2026-08-03T01:01:00.6866442+02:00" testType="13cdc9d9-ddb5-4fa4-a97d-d965ccfc6d4b" outcome="Passed" testListId="8c84fa94-04c1-424b-9868-57a2d4851a1d" relativeResultsDirectory="6ba70e75-f3dd-4eb4-95d0-bd52930af6f1" />
    <UnitTestResult executionId="04b12311-36af-44de-8211-0f19b14e0a79" testId="ee8e4581-236d-6417-3c48-e44ad012c019" testName="CostBudgetWiring (064).verify --profile Light defers the over-budget medium gate; the cheap gate still runs" computerName="0bc8bbef51b6" duration="00:00:00.0040000" startTime="2026-08-03T01:01:00.6846027+02:00" endTime="2026-08-03T01:01:00.6891194+02:00" testType="13cdc9d9-ddb5-4fa4-a97d-d965ccfc6d4b" outcome="Passed" testListId="8c84fa94-04c1-424b-9868-57a2d4851a1d" relativeResultsDirectory="04b12311-36af-44de-8211-0f19b14e0a79" />
    <UnitTestResult executionId="4db61103-93b8-4ab8-9390-97599699d700" testId="c5bedfef-4211-1c58-4c4e-aa60a1fde216" testName="SurfaceChecksE2E.T005 no declared product surface ⇒ verify.json byte-identical to the pre-wiring golden, no surfaceChecks" computerName="0bc8bbef51b6" duration="00:00:00.0820000" startTime="2026-08-03T01:01:00.5915239+02:00" endTime="2026-08-03T01:01:00.6814199+02:00" testType="13cdc9d9-ddb5-4fa4-a97d-d965ccfc6d4b" outcome="Passed" testListId="8c84fa94-04c1-424b-9868-57a2d4851a1d" relativeResultsDirectory="4db61103-93b8-4ab8-9390-97599699d700" />
    <UnitTestResult executionId="cde54d37-e983-4c4b-a03c-a214ebb4b627" testId="4b9e2505-e433-7215-42f1-2dada188d655" testName="SeamModuleScopeGuard (076 host folds).no host fold's public surface takes a host-assembly type (host-Model-free; data-model invariant 3)" computerName="0bc8bbef51b6" duration="00:00:00.0170000" startTime="2026-08-03T01:01:00.5913276+02:00" endTime="2026-08-03T01:01:00.6275876+02:00" testType="13cdc9d9-ddb5-4fa4-a97d-d965ccfc6d4b" outcome="Passed" testListId="8c84fa94-04c1-424b-9868-57a2d4851a1d" relativeResultsDirectory="cde54d37-e983-4c4b-a03c-a214ebb4b627" />
    <UnitTestResult executionId="807a71a8-1e32-4634-b637-0af689520589" testId="02e47e11-2627-2b3c-996c-e71320a5f2c3" testName="HumanTextParity (US1).no-`--json`: the text summary contains the HumanText.ofVerifyDecision projection of the resolved ShipDecision, ANSI-free, with the host `wrote` line" computerName="0bc8bbef51b6" duration="00:00:00.0020000" startTime="2026-08-03T01:01:00.6848257+02:00" endTime="2026-08-03T01:01:00.6876608+02:00" testType="13cdc9d9-ddb5-4fa4-a97d-d965ccfc6d4b" outcome="Passed" testListId="8c84fa94-04c1-424b-9868-57a2d4851a1d" relativeResultsDirectory="807a71a8-1e32-4634-b637-0af689520589" />
    <UnitTestResult executionId="740a1b9e-acd3-453f-97e2-2171bfae5e56" testId="6507e085-7d8e-f966-07c6-aa118eb285ef" testName="Loop (US1).empty selection short-circuits to a passing 'nothing to verify' verdict with no freshness/execute work" computerName="0bc8bbef51b6" duration="00:00:00.0040000" startTime="2026-08-03T01:01:00.7050556+02:00" endTime="2026-08-03T01:01:00.7102241+02:00" testType="13cdc9d9-ddb5-4fa4-a97d-d965ccfc6d4b" outcome="Passed" testListId="8c84fa94-04c1-424b-9868-57a2d4851a1d" relativeResultsDirectory="740a1b9e-acd3-453f-97e2-2171bfae5e56" />
    <UnitTestResult executionId="e3ccadec-36b4-41d1-9365-32f2f29b3d81" testId="d9aaff4f-06fb-c736-816c-9d4313d59e5b" testName="ReleasePreview.T032: no declaration ⇒ no releaseReadiness block, byte-identical to the plain projection" computerName="0bc8bbef51b6" duration="00:00:00.0060000" startTime="2026-08-03T01:01:00.6745157+02:00" endTime="2026-08-03T01:01:00.6810424+02:00" testType="13cdc9d9-ddb5-4fa4-a97d-d965ccfc6d4b" outcome="Passed" testListId="8c84fa94-04c1-424b-9868-57a2d4851a1d" relativeResultsDirectory="e3ccadec-36b4-41d1-9365-32f2f29b3d81" />
  </Results>
  <TestDefinitions>
    <UnitTest name="NoMutation (Polish).writing --verify-out INSIDE the repo (no --persist-store) adds only the requested verify.json" storage="/home/developer/projects/fs.gg.governance-369/tests/fs.gg.governance.verifycommand.tests/bin/debug/net10.0/fs.gg.governance.verifycommand.tests.dll" id="01ce7d06-a990-2d0c-58ab-bbb7067fe588">
      <Execution id="d7c1b35d-3143-47db-bdb3-39efce259afb" />
      <TestMethod codeBase="/home/developer/projects/FS.GG.Governance-369/tests/FS.GG.Governance.VerifyCommand.Tests/bin/Debug/net10.0/FS.GG.Governance.VerifyCommand.Tests.dll" adapterTypeName="executor://yolodev/expecto" className="NoMutation (Polish).writing --verify-out INSIDE the repo (no --persist-store) adds only the requested verify" name="json" />
    </UnitTest>
    <UnitTest name="Determinism (US3).two runs over identical state + outcomes write byte-identical verify.json" storage="/home/developer/projects/fs.gg.governance-369/tests/fs.gg.governance.verifycommand.tests/bin/debug/net10.0/fs.gg.governance.verifycommand.tests.dll" id="342e3a95-8669-16e0-b994-e79d0398d6fc">
      <Execution id="adbecd6b-cffb-4d00-a996-b5b8b564cfc8" />
      <TestMethod codeBase="/home/developer/projects/FS.GG.Governance-369/tests/FS.GG.Governance.VerifyCommand.Tests/bin/Debug/net10.0/FS.GG.Governance.VerifyCommand.Tests.dll" adapterTypeName="executor://yolodev/expecto" className="Determinism (US3).two runs over identical state + outcomes write byte-identical verify" name="json" />
    </UnitTest>
    <UnitTest name="Currency (US2).currency findings carry the owning gate's effective severity — advisory under Standard" storage="/home/developer/projects/fs.gg.governance-369/tests/fs.gg.governance.verifycommand.tests/bin/debug/net10.0/fs.gg.governance.verifycommand.tests.dll" id="0f014def-e761-eda8-ad61-921b2c357f05">
      <Execution id="6ea43106-6c7b-42b9-a33a-0c9555856cae" />
      <TestMethod codeBase="/home/developer/projects/FS.GG.Governance-369/tests/FS.GG.Governance.VerifyCommand.Tests/bin/Debug/net10.0/FS.GG.Governance.VerifyCommand.Tests.dll" adapterTypeName="executor://yolodev/expecto" className="Currency (US2)" name="currency findings carry the owning gate's effective severity — advisory under Standard" />
    </UnitTest>
    <UnitTest name="Loop (US1).empty selection short-circuits to a passing 'nothing to verify' verdict with no freshness/execute work" storage="/home/developer/projects/fs.gg.governance-369/tests/fs.gg.governance.verifycommand.tests/bin/debug/net10.0/fs.gg.governance.verifycommand.tests.dll" id="6507e085-7d8e-f966-07c6-aa118eb285ef">
      <Execution id="740a1b9e-acd3-453f-97e2-2171bfae5e56" />
      <TestMethod codeBase="/home/developer/projects/FS.GG.Governance-369/tests/FS.GG.Governance.VerifyCommand.Tests/bin/Debug/net10.0/FS.GG.Governance.VerifyCommand.Tests.dll" adapterTypeName="executor://yolodev/expecto" className="Loop (US1)" name="empty selection short-circuits to a passing 'nothing to verify' verdict with no freshness/execute work" />
    </UnitTest>
    <UnitTest name="CostBudgetWiring (064).verify --profile Light defers the High-cost workflow audit gate" storage="/home/developer/projects/fs.gg.governance-369/tests/fs.gg.governance.verifycommand.tests/bin/debug/net10.0/fs.gg.governance.verifycommand.tests.dll" id="39ca752a-d53a-30ab-bd51-7ab57c9014a4">
      <Execution id="9f69ebea-e84a-4652-83a1-3f16663c3660" />
      <TestMethod codeBase="/home/developer/projects/FS.GG.Governance-369/tests/FS.GG.Governance.VerifyCommand.Tests/bin/Debug/net10.0/FS.GG.Governance.VerifyCommand.Tests.dll" adapterTypeName="executor://yolodev/expecto" className="CostBudgetWiring (064)" name="verify --profile Light defers the High-cost workflow audit gate" />
    </UnitTest>
    <UnitTest name="PersistenceEdge (US3).a tool-error diagnostic is tagged and carries no fabricated passing verdict" storage="/home/developer/projects/fs.gg.governance-369/tests/fs.gg.governance.verifycommand.tests/bin/debug/net10.0/fs.gg.governance.verifycommand.tests.dll" id="1c6957cb-46e3-741a-2634-b60f6f6b9ff4">
      <Execution id="cedb44f1-0c7b-4ba3-a1dc-2498dae7db9b" />
      <TestMethod codeBase="/home/developer/projects/FS.GG.Governance-369/tests/FS.GG.Governance.VerifyCommand.Tests/bin/Debug/net10.0/FS.GG.Governance.VerifyCommand.Tests.dll" adapterTypeName="executor://yolodev/expecto" className="PersistenceEdge (US3)" name="a tool-error diagnostic is tagged and carries no fabricated passing verdict" />
    </UnitTest>
    <UnitTest name="EndToEnd (US1).nothing-to-verify: an empty change ⇒ 'nothing to verify', exit 0" storage="/home/developer/projects/fs.gg.governance-369/tests/fs.gg.governance.verifycommand.tests/bin/debug/net10.0/fs.gg.governance.verifycommand.tests.dll" id="a00391f8-ac0b-acd6-47c4-19a5cf54fe6c">
      <Execution id="83dff680-2fe1-4991-a981-82d38da548e8" />
      <TestMethod codeBase="/home/developer/projects/FS.GG.Governance-369/tests/FS.GG.Governance.VerifyCommand.Tests/bin/Debug/net10.0/FS.GG.Governance.VerifyCommand.Tests.dll" adapterTypeName="executor://yolodev/expecto" className="EndToEnd (US1)" name="nothing-to-verify: an empty change ⇒ 'nothing to verify', exit 0" />
    </UnitTest>
    <UnitTest name="Determinism (US3).--json stdout equals the persisted file verbatim (one source of truth)" storage="/home/developer/projects/fs.gg.governance-369/tests/fs.gg.governance.verifycommand.tests/bin/debug/net10.0/fs.gg.governance.verifycommand.tests.dll" id="e3cdc9c9-f390-779d-1a29-7faf663e5f51">
      <Execution id="38ceb4ad-31c1-409c-9132-12d082036f67" />
      <TestMethod codeBase="/home/developer/projects/FS.GG.Governance-369/tests/FS.GG.Governance.VerifyCommand.Tests/bin/Debug/net10.0/FS.GG.Governance.VerifyCommand.Tests.dll" adapterTypeName="executor://yolodev/expecto" className="Determinism (US3)" name="--json stdout equals the persisted file verbatim (one source of truth)" />
    </UnitTest>
    <UnitTest name="SurfaceChecksE2E.T006 advisory-only surface finding ⇒ surfaceChecks advisory entry, exit equals a clean run (Synthetic)" storage="/home/developer/projects/fs.gg.governance-369/tests/fs.gg.governance.verifycommand.tests/bin/debug/net10.0/fs.gg.governance.verifycommand.tests.dll" id="a117ab5c-5a6f-204b-110c-64220cf6d11d">
      <Execution id="8297bb29-2f0b-4a3e-bb03-68252bfe3cc0" />
      <TestMethod codeBase="/home/developer/projects/FS.GG.Governance-369/tests/FS.GG.Governance.VerifyCommand.Tests/bin/Debug/net10.0/FS.GG.Governance.VerifyCommand.Tests.dll" adapterTypeName="executor://yolodev/expecto" className="SurfaceChecksE2E" name="T006 advisory-only surface finding ⇒ surfaceChecks advisory entry, exit equals a clean run (Synthetic)" />
    </UnitTest>
    <UnitTest name="RenderModeDispatch (US2).--plain on a TTY ⇒ Plain even though the terminal is rich-capable (FR-012)" storage="/home/developer/projects/fs.gg.governance-369/tests/fs.gg.governance.verifycommand.tests/bin/debug/net10.0/fs.gg.governance.verifycommand.tests.dll" id="5c371ef0-bc5f-e4ba-5e06-772778fe3bef">
      <Execution id="42cd4d5d-29aa-44cb-b679-6aad5500fe0a" />
      <TestMethod codeBase="/home/developer/projects/FS.GG.Governance-369/tests/FS.GG.Governance.VerifyCommand.Tests/bin/Debug/net10.0/FS.GG.Governance.VerifyCommand.Tests.dll" adapterTypeName="executor://yolodev/expecto" className="RenderModeDispatch (US2)" name="--plain on a TTY ⇒ Plain even though the terminal is rich-capable (FR-012)" />
    </UnitTest>
    <UnitTest name="Degrade (US2).the degraded verdict equals the non-degraded verdict (a note never perturbs the rollup)" storage="/home/developer/projects/fs.gg.governance-369/tests/fs.gg.governance.verifycommand.tests/bin/debug/net10.0/fs.gg.governance.verifycommand.tests.dll" id="b8f88e43-1000-07fa-bf70-8c624ac0cda1">
      <Execution id="d8c7b9c2-68a4-4367-a524-dc8b4dffdf1c" />
      <TestMethod codeBase="/home/developer/projects/FS.GG.Governance-369/tests/FS.GG.Governance.VerifyCommand.Tests/bin/Debug/net10.0/FS.GG.Governance.VerifyCommand.Tests.dll" adapterTypeName="executor://yolodev/expecto" className="Degrade (US2)" name="the degraded verdict equals the non-degraded verdict (a note never perturbs the rollup)" />
    </UnitTest>
    <UnitTest name="SurfaceRollup (US1).an advisory surface finding never escalates — exit unchanged from a clean run" storage="/home/developer/projects/fs.gg.governance-369/tests/fs.gg.governance.verifycommand.tests/bin/debug/net10.0/fs.gg.governance.verifycommand.tests.dll" id="939e6f42-9a56-5a72-5a44-0f11439dfba0">
      <Execution id="7bb6a3c2-0329-407e-8d50-fb096b164042" />
      <TestMethod codeBase="/home/developer/projects/FS.GG.Governance-369/tests/FS.GG.Governance.VerifyCommand.Tests/bin/Debug/net10.0/FS.GG.Governance.VerifyCommand.Tests.dll" adapterTypeName="executor://yolodev/expecto" className="SurfaceRollup (US1)" name="an advisory surface finding never escalates — exit unchanged from a clean run" />
    </UnitTest>
    <UnitTest name="Failure matrix (Polish).the four failure exits are mutually distinct codes" storage="/home/developer/projects/fs.gg.governance-369/tests/fs.gg.governance.verifycommand.tests/bin/debug/net10.0/fs.gg.governance.verifycommand.tests.dll" id="9eb23b76-8923-506c-a7df-44abea4f2324">
      <Execution id="4558e03c-8655-4abf-9161-e826b3254adf" />
      <TestMethod codeBase="/home/developer/projects/FS.GG.Governance-369/tests/FS.GG.Governance.VerifyCommand.Tests/bin/Debug/net10.0/FS.GG.Governance.VerifyCommand.Tests.dll" adapterTypeName="executor://yolodev/expecto" className="Failure matrix (Polish)" name="the four failure exits are mutually distinct codes" />
    </UnitTest>
    <UnitTest name="Loop (US1).Loaded(Valid) runs the F015→F019 selection at RunMode.Verify and senses freshness + store" storage="/home/developer/projects/fs.gg.governance-369/tests/fs.gg.governance.verifycommand.tests/bin/debug/net10.0/fs.gg.governance.verifycommand.tests.dll" id="6d53d42a-bb87-2a76-a3be-cc32be60bf4b">
      <Execution id="bf121acf-d618-4591-b8b0-848e84613606" />
      <TestMethod codeBase="/home/developer/projects/FS.GG.Governance-369/tests/FS.GG.Governance.VerifyCommand.Tests/bin/Debug/net10.0/FS.GG.Governance.VerifyCommand.Tests.dll" adapterTypeName="executor://yolodev/expecto" className="Loop (US1).Loaded(Valid) runs the F015→F019 selection at RunMode" name="Verify and senses freshness + store" />
    </UnitTest>
    <UnitTest name="SurfaceChecksE2E.ADPT-1 an invalid governance catalog ⇒ a Blocking input-state surface finding, never a silent empty pass" storage="/home/developer/projects/fs.gg.governance-369/tests/fs.gg.governance.verifycommand.tests/bin/debug/net10.0/fs.gg.governance.verifycommand.tests.dll" id="ae04c12f-9a20-fee0-75ec-d9921d00a5f0">
      <Execution id="7544f61b-2911-4398-9c22-ac7126496a6d" />
      <TestMethod codeBase="/home/developer/projects/FS.GG.Governance-369/tests/FS.GG.Governance.VerifyCommand.Tests/bin/Debug/net10.0/FS.GG.Governance.VerifyCommand.Tests.dll" adapterTypeName="executor://yolodev/expecto" className="SurfaceChecksE2E" name="ADPT-1 an invalid governance catalog ⇒ a Blocking input-state surface finding, never a silent empty pass" />
    </UnitTest>
    <UnitTest name="ByteIdentityGolden.no-declaration verify.json byte-identical to the frozen pre-wiring golden (5a0cb28)" storage="/home/developer/projects/fs.gg.governance-369/tests/fs.gg.governance.verifycommand.tests/bin/debug/net10.0/fs.gg.governance.verifycommand.tests.dll" id="671227b2-759e-860c-a3d2-58970ac1a28f">
      <Execution id="081ddd06-d606-4b64-b272-0d123a7c7633" />
      <TestMethod codeBase="/home/developer/projects/FS.GG.Governance-369/tests/FS.GG.Governance.VerifyCommand.Tests/bin/Debug/net10.0/FS.GG.Governance.VerifyCommand.Tests.dll" adapterTypeName="executor://yolodev/expecto" className="ByteIdentityGolden.no-declaration verify" name="json byte-identical to the frozen pre-wiring golden (5a0cb28)" />
    </UnitTest>
    <UnitTest name="SurfaceChecksE2E.effect-boundary production controls cover applicability delivery callbacks clocks and exemptions" storage="/home/developer/projects/fs.gg.governance-369/tests/fs.gg.governance.verifycommand.tests/bin/debug/net10.0/fs.gg.governance.verifycommand.tests.dll" id="ddc3550f-896f-7782-7dce-7ced180014c5">
      <Execution id="68acca87-04ff-4395-8216-40d2fc3464e2" />
      <TestMethod codeBase="/home/developer/projects/FS.GG.Governance-369/tests/FS.GG.Governance.VerifyCommand.Tests/bin/Debug/net10.0/FS.GG.Governance.VerifyCommand.Tests.dll" adapterTypeName="executor://yolodev/expecto" className="SurfaceChecksE2E" name="effect-boundary production controls cover applicability delivery callbacks clocks and exemptions" />
    </UnitTest>
    <UnitTest name="Parse (US1).there is NO --mode flag: --mode is an UnknownFlag (FR-017, verify cannot escalate to Gate)" storage="/home/developer/projects/fs.gg.governance-369/tests/fs.gg.governance.verifycommand.tests/bin/debug/net10.0/fs.gg.governance.verifycommand.tests.dll" id="94e84aaa-e40a-48aa-00b1-d28ead467e56">
      <Execution id="6b597087-eda0-4dc7-a5b2-10b6d6721abc" />
      <TestMethod codeBase="/home/developer/projects/FS.GG.Governance-369/tests/FS.GG.Governance.VerifyCommand.Tests/bin/Debug/net10.0/FS.GG.Governance.VerifyCommand.Tests.dll" adapterTypeName="executor://yolodev/expecto" className="Parse (US1)" name="there is NO --mode flag: --mode is an UnknownFlag (FR-017, verify cannot escalate to Gate)" />
    </UnitTest>
    <UnitTest name="GovernedRefRouting.V4 — a declared verify-blocking path with no sensed change blocks verify --strict (SC-004)" storage="/home/developer/projects/fs.gg.governance-369/tests/fs.gg.governance.verifycommand.tests/bin/debug/net10.0/fs.gg.governance.verifycommand.tests.dll" id="dbb0cfbd-82f2-1579-941e-eb7f3efc51d6">
      <Execution id="502228f3-a795-4897-8c3e-4443fca38aab" />
      <TestMethod codeBase="/home/developer/projects/FS.GG.Governance-369/tests/FS.GG.Governance.VerifyCommand.Tests/bin/Debug/net10.0/FS.GG.Governance.VerifyCommand.Tests.dll" adapterTypeName="executor://yolodev/expecto" className="GovernedRefRouting" name="V4 — a declared verify-blocking path with no sensed change blocks verify --strict (SC-004)" />
    </UnitTest>
    <UnitTest name="Degrade (US2).a freshness sensing failure degrades with a note and leaves the verdict/exit unchanged" storage="/home/developer/projects/fs.gg.governance-369/tests/fs.gg.governance.verifycommand.tests/bin/debug/net10.0/fs.gg.governance.verifycommand.tests.dll" id="ac5b3116-ea10-391f-cc3b-eb1141b508ea">
      <Execution id="5780b1e0-4a7e-4cc6-bc0e-f93b15f35556" />
      <TestMethod codeBase="/home/developer/projects/FS.GG.Governance-369/tests/FS.GG.Governance.VerifyCommand.Tests/bin/Debug/net10.0/FS.GG.Governance.VerifyCommand.Tests.dll" adapterTypeName="executor://yolodev/expecto" className="Degrade (US2)" name="a freshness sensing failure degrades with a note and leaves the verdict/exit unchanged" />
    </UnitTest>
    <UnitTest name="Parse (US1).--repo prefixes the default artifact paths" storage="/home/developer/projects/fs.gg.governance-369/tests/fs.gg.governance.verifycommand.tests/bin/debug/net10.0/fs.gg.governance.verifycommand.tests.dll" id="74baa1db-8362-be2a-b2db-b0cd587b8176">
      <Execution id="fb7918bf-2e16-418d-bbe9-82f0f567abde" />
      <TestMethod codeBase="/home/developer/projects/FS.GG.Governance-369/tests/FS.GG.Governance.VerifyCommand.Tests/bin/Debug/net10.0/FS.GG.Governance.VerifyCommand.Tests.dll" adapterTypeName="executor://yolodev/expecto" className="Parse (US1)" name="--repo prefixes the default artifact paths" />
    </UnitTest>
    <UnitTest name="Reuse (US2).run twice with no change ⇒ run 2 reuses every selected check (zero further executions), all fresh" storage="/home/developer/projects/fs.gg.governance-369/tests/fs.gg.governance.verifycommand.tests/bin/debug/net10.0/fs.gg.governance.verifycommand.tests.dll" id="13114eaf-40a6-bf18-6394-9cc2fb772f5c">
      <Execution id="911d973d-c885-4fe5-97bd-a550d55cacfc" />
      <TestMethod codeBase="/home/developer/projects/FS.GG.Governance-369/tests/FS.GG.Governance.VerifyCommand.Tests/bin/Debug/net10.0/FS.GG.Governance.VerifyCommand.Tests.dll" adapterTypeName="executor://yolodev/expecto" className="Reuse (US2)" name="run twice with no change ⇒ run 2 reuses every selected check (zero further executions), all fresh" />
    </UnitTest>
    <UnitTest name="ScopeGuard (Polish).VerifyCommand references no networking assembly (network-free own logic)" storage="/home/developer/projects/fs.gg.governance-369/tests/fs.gg.governance.verifycommand.tests/bin/debug/net10.0/fs.gg.governance.verifycommand.tests.dll" id="7c28a9ad-b027-23f4-06c2-45f43c7ee85e">
      <Execution id="9989d789-1730-4e8b-bb66-47c574666d7c" />
      <TestMethod codeBase="/home/developer/projects/FS.GG.Governance-369/tests/FS.GG.Governance.VerifyCommand.Tests/bin/Debug/net10.0/FS.GG.Governance.VerifyCommand.Tests.dll" adapterTypeName="executor://yolodev/expecto" className="ScopeGuard (Polish)" name="VerifyCommand references no networking assembly (network-free own logic)" />
    </UnitTest>
    <UnitTest name="CostBudgetWiring (064).verify.json is byte-identical with wiring active; the two sidecars are written beside it" storage="/home/developer/projects/fs.gg.governance-369/tests/fs.gg.governance.verifycommand.tests/bin/debug/net10.0/fs.gg.governance.verifycommand.tests.dll" id="e840183f-4080-76b5-c59e-7300b772f644">
      <Execution id="66a82267-9750-43f9-bdb4-fd2e56207c43" />
      <TestMethod codeBase="/home/developer/projects/FS.GG.Governance-369/tests/FS.GG.Governance.VerifyCommand.Tests/bin/Debug/net10.0/FS.GG.Governance.VerifyCommand.Tests.dll" adapterTypeName="executor://yolodev/expecto" className="CostBudgetWiring (064).verify" name="json is byte-identical with wiring active; the two sidecars are written beside it" />
    </UnitTest>
    <UnitTest name="Parse (US1).CLI-5: a non-verify leading positional is an UnexpectedArgument, an unknown --flag stays UnknownFlag" storage="/home/developer/projects/fs.gg.governance-369/tests/fs.gg.governance.verifycommand.tests/bin/debug/net10.0/fs.gg.governance.verifycommand.tests.dll" id="b2ebc32b-4a71-3164-fa3b-1e6c8c166714">
      <Execution id="d211c906-fb4a-4534-bcf0-7b36d1433e32" />
      <TestMethod codeBase="/home/developer/projects/FS.GG.Governance-369/tests/FS.GG.Governance.VerifyCommand.Tests/bin/Debug/net10.0/FS.GG.Governance.VerifyCommand.Tests.dll" adapterTypeName="executor://yolodev/expecto" className="Parse (US1)" name="CLI-5: a non-verify leading positional is an UnexpectedArgument, an unknown --flag stays UnknownFlag" />
    </UnitTest>
    <UnitTest name="SeamModuleScopeGuard (076 host folds).no host fold's public surface takes a host-assembly type (host-Model-free; data-model invariant 3)" storage="/home/developer/projects/fs.gg.governance-369/tests/fs.gg.governance.verifycommand.tests/bin/debug/net10.0/fs.gg.governance.verifycommand.tests.dll" id="4b9e2505-e433-7215-42f1-2dada188d655">
      <Execution id="cde54d37-e983-4c4b-a03c-a214ebb4b627" />
      <TestMethod codeBase="/home/developer/projects/FS.GG.Governance-369/tests/FS.GG.Governance.VerifyCommand.Tests/bin/Debug/net10.0/FS.GG.Governance.VerifyCommand.Tests.dll" adapterTypeName="executor://yolodev/expecto" className="SeamModuleScopeGuard (076 host folds)" name="no host fold's public surface takes a host-assembly type (host-Model-free; data-model invariant 3)" />
    </UnitTest>
    <UnitTest name="SurfaceChecksE2E.declared F# transition with direct I/O ⇒ production Verify sensing emits a blocking effect finding" storage="/home/developer/projects/fs.gg.governance-369/tests/fs.gg.governance.verifycommand.tests/bin/debug/net10.0/fs.gg.governance.verifycommand.tests.dll" id="762cc1f3-3e34-adc4-8916-126ef4e5e5b5">
      <Execution id="f00741f7-6f8a-41f8-95ee-4f9b7ea7b962" />
      <TestMethod codeBase="/home/developer/projects/FS.GG.Governance-369/tests/FS.GG.Governance.VerifyCommand.Tests/bin/Debug/net10.0/FS.GG.Governance.VerifyCommand.Tests.dll" adapterTypeName="executor://yolodev/expecto" className="SurfaceChecksE2E" name="declared F# transition with direct I/O ⇒ production Verify sensing emits a blocking effect finding" />
    </UnitTest>
    <UnitTest name="Parse (US1).a leading bare `verify` verb is tolerated and dropped" storage="/home/developer/projects/fs.gg.governance-369/tests/fs.gg.governance.verifycommand.tests/bin/debug/net10.0/fs.gg.governance.verifycommand.tests.dll" id="31d8df1e-4c34-f3f1-e6ac-9eaf46738c05">
      <Execution id="880edef0-ef47-4ea9-849c-07228c09caf0" />
      <TestMethod codeBase="/home/developer/projects/FS.GG.Governance-369/tests/FS.GG.Governance.VerifyCommand.Tests/bin/Debug/net10.0/FS.GG.Governance.VerifyCommand.Tests.dll" adapterTypeName="executor://yolodev/expecto" className="Parse (US1)" name="a leading bare `verify` verb is tolerated and dropped" />
    </UnitTest>
    <UnitTest name="ReleasePreview.an undeclared matrix is NotDeclared; a no-declaration run has no matrix at all" storage="/home/developer/projects/fs.gg.governance-369/tests/fs.gg.governance.verifycommand.tests/bin/debug/net10.0/fs.gg.governance.verifycommand.tests.dll" id="8ed07670-3dad-d9a2-f74f-c28b02c85b59">
      <Execution id="d9d2bd82-beca-4a8d-a27f-ade99ac05064" />
      <TestMethod codeBase="/home/developer/projects/FS.GG.Governance-369/tests/FS.GG.Governance.VerifyCommand.Tests/bin/Debug/net10.0/FS.GG.Governance.VerifyCommand.Tests.dll" adapterTypeName="executor://yolodev/expecto" className="ReleasePreview" name="an undeclared matrix is NotDeclared; a no-declaration run has no matrix at all" />
    </UnitTest>
    <UnitTest name="SurfaceChecksE2E.T008 re-running over unchanged inputs ⇒ byte-identical verify.json (deterministic)" storage="/home/developer/projects/fs.gg.governance-369/tests/fs.gg.governance.verifycommand.tests/bin/debug/net10.0/fs.gg.governance.verifycommand.tests.dll" id="55fedacf-825c-c3d7-11d5-0d9295fdb702">
      <Execution id="2e8572b6-7c5a-47cc-a375-6546a2102d36" />
      <TestMethod codeBase="/home/developer/projects/FS.GG.Governance-369/tests/FS.GG.Governance.VerifyCommand.Tests/bin/Debug/net10.0/FS.GG.Governance.VerifyCommand.Tests.dll" adapterTypeName="executor://yolodev/expecto" className="SurfaceChecksE2E.T008 re-running over unchanged inputs ⇒ byte-identical verify" name="json (deterministic)" />
    </UnitTest>
    <UnitTest name="SurfaceDrift.VerifyCommand public surface equals the committed baseline" storage="/home/developer/projects/fs.gg.governance-369/tests/fs.gg.governance.verifycommand.tests/bin/debug/net10.0/fs.gg.governance.verifycommand.tests.dll" id="9268d59f-fe30-654e-4f42-081943ee628e">
      <Execution id="7b1ba123-3af5-4883-992b-c3a5bffe614e" />
      <TestMethod codeBase="/home/developer/projects/FS.GG.Governance-369/tests/FS.GG.Governance.VerifyCommand.Tests/bin/Debug/net10.0/FS.GG.Governance.VerifyCommand.Tests.dll" adapterTypeName="executor://yolodev/expecto" className="SurfaceDrift" name="VerifyCommand public surface equals the committed baseline" />
    </UnitTest>
    <UnitTest name="SeamModuleScopeGuard (076 host folds).the three additive host fold modules are present and public" storage="/home/developer/projects/fs.gg.governance-369/tests/fs.gg.governance.verifycommand.tests/bin/debug/net10.0/fs.gg.governance.verifycommand.tests.dll" id="d844f896-4c75-73f5-ffbd-1a760ce6228c">
      <Execution id="c19bace5-049c-4145-a374-b20f326d0bd8" />
      <TestMethod codeBase="/home/developer/projects/FS.GG.Governance-369/tests/FS.GG.Governance.VerifyCommand.Tests/bin/Debug/net10.0/FS.GG.Governance.VerifyCommand.Tests.dll" adapterTypeName="executor://yolodev/expecto" className="SeamModuleScopeGuard (076 host folds)" name="the three additive host fold modules are present and public" />
    </UnitTest>
    <UnitTest name="Failure matrix (Polish).git sensing unavailable ⇒ InputUnavailable (exit 3)" storage="/home/developer/projects/fs.gg.governance-369/tests/fs.gg.governance.verifycommand.tests/bin/debug/net10.0/fs.gg.governance.verifycommand.tests.dll" id="b8cab4c5-44fb-d142-cf36-ef55cea314ce">
      <Execution id="da880379-0692-4b35-b2ee-792ed241164f" />
      <TestMethod codeBase="/home/developer/projects/FS.GG.Governance-369/tests/FS.GG.Governance.VerifyCommand.Tests/bin/Debug/net10.0/FS.GG.Governance.VerifyCommand.Tests.dll" adapterTypeName="executor://yolodev/expecto" className="Failure matrix (Polish)" name="git sensing unavailable ⇒ InputUnavailable (exit 3)" />
    </UnitTest>
    <UnitTest name="CostBudgetWiring (064).kindOf is total over the selected gates and runIdentity ignores sensed duration (FR-004)" storage="/home/developer/projects/fs.gg.governance-369/tests/fs.gg.governance.verifycommand.tests/bin/debug/net10.0/fs.gg.governance.verifycommand.tests.dll" id="99fa9975-a22c-2aff-27bf-b308337e4003">
      <Execution id="90025b60-1f69-4a7d-ac43-219237906be8" />
      <TestMethod codeBase="/home/developer/projects/FS.GG.Governance-369/tests/FS.GG.Governance.VerifyCommand.Tests/bin/Debug/net10.0/FS.GG.Governance.VerifyCommand.Tests.dll" adapterTypeName="executor://yolodev/expecto" className="CostBudgetWiring (064)" name="kindOf is total over the selected gates and runIdentity ignores sensed duration (FR-004)" />
    </UnitTest>
    <UnitTest name="Loop (US1).Sensed(Ok) records candidates and senses the release preview (then the catalog)" storage="/home/developer/projects/fs.gg.governance-369/tests/fs.gg.governance.verifycommand.tests/bin/debug/net10.0/fs.gg.governance.verifycommand.tests.dll" id="7c9acc0c-52ec-3989-d0d0-f438b874adc7">
      <Execution id="accf7078-baad-4174-a9d2-72c8d73ba371" />
      <TestMethod codeBase="/home/developer/projects/FS.GG.Governance-369/tests/FS.GG.Governance.VerifyCommand.Tests/bin/Debug/net10.0/FS.GG.Governance.VerifyCommand.Tests.dll" adapterTypeName="executor://yolodev/expecto" className="Loop (US1)" name="Sensed(Ok) records candidates and senses the release preview (then the catalog)" />
    </UnitTest>
    <UnitTest name="HandoffReadiness.clean readiness ⇒ a present, non-blocking readiness gate (Pass)" storage="/home/developer/projects/fs.gg.governance-369/tests/fs.gg.governance.verifycommand.tests/bin/debug/net10.0/fs.gg.governance.verifycommand.tests.dll" id="12062d11-e511-130f-f9d1-108d17ee6249">
      <Execution id="b9c8af0d-9f50-4c9b-8177-0098cf197256" />
      <TestMethod codeBase="/home/developer/projects/FS.GG.Governance-369/tests/FS.GG.Governance.VerifyCommand.Tests/bin/Debug/net10.0/FS.GG.Governance.VerifyCommand.Tests.dll" adapterTypeName="executor://yolodev/expecto" className="HandoffReadiness" name="clean readiness ⇒ a present, non-blocking readiness gate (Pass)" />
    </UnitTest>
    <UnitTest name="Failure matrix (Polish).an unwritable --verify-out ⇒ ToolError (exit 4), no partial artifact" storage="/home/developer/projects/fs.gg.governance-369/tests/fs.gg.governance.verifycommand.tests/bin/debug/net10.0/fs.gg.governance.verifycommand.tests.dll" id="ea708a0a-4895-3201-0a19-410ad05b1454">
      <Execution id="0b8114b0-3c67-4288-9b59-39ad6f072407" />
      <TestMethod codeBase="/home/developer/projects/FS.GG.Governance-369/tests/FS.GG.Governance.VerifyCommand.Tests/bin/Debug/net10.0/FS.GG.Governance.VerifyCommand.Tests.dll" adapterTypeName="executor://yolodev/expecto" className="Failure matrix (Polish)" name="an unwritable --verify-out ⇒ ToolError (exit 4), no partial artifact" />
    </UnitTest>
    <UnitTest name="HumanTextParity (US1).JsonGolden: verify.json is byte-identical to the F056 VerifyJson projection for identical repo state (SC-002)" storage="/home/developer/projects/fs.gg.governance-369/tests/fs.gg.governance.verifycommand.tests/bin/debug/net10.0/fs.gg.governance.verifycommand.tests.dll" id="3021c9e4-93d2-49cb-409a-b09dadbfc547">
      <Execution id="19faae3c-0fc4-40f3-8db2-1cf17f1c66c0" />
      <TestMethod codeBase="/home/developer/projects/FS.GG.Governance-369/tests/FS.GG.Governance.VerifyCommand.Tests/bin/Debug/net10.0/FS.GG.Governance.VerifyCommand.Tests.dll" adapterTypeName="executor://yolodev/expecto" className="HumanTextParity (US1).JsonGolden: verify" name="json is byte-identical to the F056 VerifyJson projection for identical repo state (SC-002)" />
    </UnitTest>
    <UnitTest name="GovernedRefRouting.V6 — a malformed handoff adds zero routing candidates yet keeps its blocking integrity gate (SC-005)" storage="/home/developer/projects/fs.gg.governance-369/tests/fs.gg.governance.verifycommand.tests/bin/debug/net10.0/fs.gg.governance.verifycommand.tests.dll" id="0ed70a06-f034-b55c-f635-fea425e2444f">
      <Execution id="7ad31516-270e-400c-b3ac-f57c1651bb55" />
      <TestMethod codeBase="/home/developer/projects/FS.GG.Governance-369/tests/FS.GG.Governance.VerifyCommand.Tests/bin/Debug/net10.0/FS.GG.Governance.VerifyCommand.Tests.dll" adapterTypeName="executor://yolodev/expecto" className="GovernedRefRouting" name="V6 — a malformed handoff adds zero routing candidates yet keeps its blocking integrity gate (SC-005)" />
    </UnitTest>
    <UnitTest name="HumanTextParity (US1).no-`--json`: the text summary contains the HumanText.ofVerifyDecision projection of the resolved ShipDecision, ANSI-free, with the host `wrote` line" storage="/home/developer/projects/fs.gg.governance-369/tests/fs.gg.governance.verifycommand.tests/bin/debug/net10.0/fs.gg.governance.verifycommand.tests.dll" id="02e47e11-2627-2b3c-996c-e71320a5f2c3">
      <Execution id="807a71a8-1e32-4634-b637-0af689520589" />
[...]
      <Execution id="b0018faa-d233-498d-ba55-b7555eb08f59" />
      <TestMethod codeBase="/home/developer/projects/FS.GG.Governance-369/tests/FS.GG.Governance.VerifyCommand.Tests/bin/Debug/net10.0/FS.GG.Governance.VerifyCommand.Tests.dll" adapterTypeName="executor://yolodev/expecto" className="GovernedRefRouting" name="V5a — no handoff ⇒ the verify doc is byte-identical to the pre-F082 projection (SC-002)" />
    </UnitTest>
    <UnitTest name="EndToEnd (US1).advisory-only: Standard profile + failing check ⇒ advisory warning, verdict still passing, exit 0" storage="/home/developer/projects/fs.gg.governance-369/tests/fs.gg.governance.verifycommand.tests/bin/debug/net10.0/fs.gg.governance.verifycommand.tests.dll" id="6fb0aff5-7a60-a029-9eb1-144e4e65b2a3">
      <Execution id="0265fec8-5735-46c6-ad37-75321876ad5b" />
      <TestMethod codeBase="/home/developer/projects/FS.GG.Governance-369/tests/FS.GG.Governance.VerifyCommand.Tests/bin/Debug/net10.0/FS.GG.Governance.VerifyCommand.Tests.dll" adapterTypeName="executor://yolodev/expecto" className="EndToEnd (US1)" name="advisory-only: Standard profile + failing check ⇒ advisory warning, verdict still passing, exit 0" />
    </UnitTest>
    <UnitTest name="Parse (US1).an unknown flag, a missing value, paths+since, empty paths, and a bad profile are usage errors" storage="/home/developer/projects/fs.gg.governance-369/tests/fs.gg.governance.verifycommand.tests/bin/debug/net10.0/fs.gg.governance.verifycommand.tests.dll" id="ca52333f-545d-186c-3df1-31b2c70363c1">
      <Execution id="3f194096-080f-4482-8663-490fc9907bd0" />
      <TestMethod codeBase="/home/developer/projects/FS.GG.Governance-369/tests/FS.GG.Governance.VerifyCommand.Tests/bin/Debug/net10.0/FS.GG.Governance.VerifyCommand.Tests.dll" adapterTypeName="executor://yolodev/expecto" className="Parse (US1)" name="an unknown flag, a missing value, paths+since, empty paths, and a bad profile are usage errors" />
    </UnitTest>
    <UnitTest name="SurfaceChecksE2E.T004 drifted package surface ⇒ surfaceChecks package.baseline-drift, blocking exit, evidence tag, no leakage" storage="/home/developer/projects/fs.gg.governance-369/tests/fs.gg.governance.verifycommand.tests/bin/debug/net10.0/fs.gg.governance.verifycommand.tests.dll" id="b8eabe50-0151-8697-a0b9-147431ff738f">
      <Execution id="5e081649-0e00-4f7c-8cf2-941a061dc01d" />
      <TestMethod codeBase="/home/developer/projects/FS.GG.Governance-369/tests/FS.GG.Governance.VerifyCommand.Tests/bin/Debug/net10.0/FS.GG.Governance.VerifyCommand.Tests.dll" adapterTypeName="executor://yolodev/expecto" className="SurfaceChecksE2E.T004 drifted package surface ⇒ surfaceChecks package" name="baseline-drift, blocking exit, evidence tag, no leakage" />
    </UnitTest>
    <UnitTest name="EndToEnd (US1).uncertain: a blocking check reporting an uncertain (exit 125) result is never coerced to pass ⇒ Blocked, exit 1" storage="/home/developer/projects/fs.gg.governance-369/tests/fs.gg.governance.verifycommand.tests/bin/debug/net10.0/fs.gg.governance.verifycommand.tests.dll" id="b9bf93ab-01a7-3ce1-2735-13b00ed26a6a">
      <Execution id="2bc00ded-da60-4068-9040-5188752e4401" />
      <TestMethod codeBase="/home/developer/projects/FS.GG.Governance-369/tests/FS.GG.Governance.VerifyCommand.Tests/bin/Debug/net10.0/FS.GG.Governance.VerifyCommand.Tests.dll" adapterTypeName="executor://yolodev/expecto" className="EndToEnd (US1)" name="uncertain: a blocking check reporting an uncertain (exit 125) result is never coerced to pass ⇒ Blocked, exit 1" />
    </UnitTest>
  </TestDefinitions>
  <TestEntries>
    <TestEntry testId="762cc1f3-3e34-adc4-8916-126ef4e5e5b5" executionId="f00741f7-6f8a-41f8-95ee-4f9b7ea7b962" testListId="8c84fa94-04c1-424b-9868-57a2d4851a1d" />
    <TestEntry testId="a00391f8-ac0b-acd6-47c4-19a5cf54fe6c" executionId="83dff680-2fe1-4991-a981-82d38da548e8" testListId="8c84fa94-04c1-424b-9868-57a2d4851a1d" />
    <TestEntry testId="b9bf93ab-01a7-3ce1-2735-13b00ed26a6a" executionId="2bc00ded-da60-4068-9040-5188752e4401" testListId="8c84fa94-04c1-424b-9868-57a2d4851a1d" />
    <TestEntry testId="3021c9e4-93d2-49cb-409a-b09dadbfc547" executionId="19faae3c-0fc4-40f3-8db2-1cf17f1c66c0" testListId="8c84fa94-04c1-424b-9868-57a2d4851a1d" />
    <TestEntry testId="6bbf96af-0810-8eb8-085d-05ee739be5db" executionId="860faa27-98bf-4209-8d94-39e9e988ac8b" testListId="8c84fa94-04c1-424b-9868-57a2d4851a1d" />
    <TestEntry testId="183f04e2-72d4-eb7d-52f6-ad0a80b1cd44" executionId="4660b4ea-d810-49d9-bb5f-338e3176cb2e" testListId="8c84fa94-04c1-424b-9868-57a2d4851a1d" />
    <TestEntry testId="6cb3a141-f2ae-17f1-be53-440c7b92fb9c" executionId="ef8fca40-3a18-4a65-809b-49a411e4eb5b" testListId="8c84fa94-04c1-424b-9868-57a2d4851a1d" />
    <TestEntry testId="b8eabe50-0151-8697-a0b9-147431ff738f" executionId="5e081649-0e00-4f7c-8cf2-941a061dc01d" testListId="8c84fa94-04c1-424b-9868-57a2d4851a1d" />
    <TestEntry testId="7c9acc0c-52ec-3989-d0d0-f438b874adc7" executionId="accf7078-baad-4174-a9d2-72c8d73ba371" testListId="8c84fa94-04c1-424b-9868-57a2d4851a1d" />
    <TestEntry testId="f74f2747-b253-2bd6-2853-db15754dfd43" executionId="8e48bd2e-048f-403f-b95b-735b160a9786" testListId="8c84fa94-04c1-424b-9868-57a2d4851a1d" />
    <TestEntry testId="497183b1-86fc-3cc1-f4c5-794d3bcfb28e" executionId="fb523247-4b54-4535-aaef-78d1620d3570" testListId="8c84fa94-04c1-424b-9868-57a2d4851a1d" />
    <TestEntry testId="c2ad72e7-fbea-5edd-fce4-54e254731a88" executionId="bd3574b4-1086-48cb-b2f0-cb0d18295e86" testListId="8c84fa94-04c1-424b-9868-57a2d4851a1d" />
    <TestEntry testId="0ed70a06-f034-b55c-f635-fea425e2444f" executionId="7ad31516-270e-400c-b3ac-f57c1651bb55" testListId="8c84fa94-04c1-424b-9868-57a2d4851a1d" />
    <TestEntry testId="74baa1db-8362-be2a-b2db-b0cd587b8176" executionId="fb7918bf-2e16-418d-bbe9-82f0f567abde" testListId="8c84fa94-04c1-424b-9868-57a2d4851a1d" />
    <TestEntry testId="55fedacf-825c-c3d7-11d5-0d9295fdb702" executionId="2e8572b6-7c5a-47cc-a375-6546a2102d36" testListId="8c84fa94-04c1-424b-9868-57a2d4851a1d" />
    <TestEntry testId="6fb0aff5-7a60-a029-9eb1-144e4e65b2a3" executionId="0265fec8-5735-46c6-ad37-75321876ad5b" testListId="8c84fa94-04c1-424b-9868-57a2d4851a1d" />
    <TestEntry testId="b8cab4c5-44fb-d142-cf36-ef55cea314ce" executionId="da880379-0692-4b35-b2ee-792ed241164f" testListId="8c84fa94-04c1-424b-9868-57a2d4851a1d" />
    <TestEntry testId="0cdc5e95-463c-7ce5-bbbd-aa89e7d516e4" executionId="db2ffbbd-b2e1-4fd7-a57d-efa30bba5964" testListId="8c84fa94-04c1-424b-9868-57a2d4851a1d" />
    <TestEntry testId="60bc97ab-0146-9e4b-be50-7e9cc2f13914" executionId="d975be14-48ce-4144-96cd-445a483bbb42" testListId="8c84fa94-04c1-424b-9868-57a2d4851a1d" />
    <TestEntry testId="6b522c4e-e44f-cf0c-ba6a-293d4cd1ca51" executionId="35c9af49-a654-495f-bf41-825dea0dfd5f" testListId="8c84fa94-04c1-424b-9868-57a2d4851a1d" />
    <TestEntry testId="b8f88e43-1000-07fa-bf70-8c624ac0cda1" executionId="d8c7b9c2-68a4-4367-a524-dc8b4dffdf1c" testListId="8c84fa94-04c1-424b-9868-57a2d4851a1d" />
    <TestEntry testId="e3cdc9c9-f390-779d-1a29-7faf663e5f51" executionId="38ceb4ad-31c1-409c-9132-12d082036f67" testListId="8c84fa94-04c1-424b-9868-57a2d4851a1d" />
    <TestEntry testId="5a72edd4-1cc7-9111-f558-7e35dfea1eae" executionId="02779930-db0c-4e22-8c1d-62c95755b821" testListId="8c84fa94-04c1-424b-9868-57a2d4851a1d" />
    <TestEntry testId="0f014def-e761-eda8-ad61-921b2c357f05" executionId="6ea43106-6c7b-42b9-a33a-0c9555856cae" testListId="8c84fa94-04c1-424b-9868-57a2d4851a1d" />
    <TestEntry testId="8ed07670-3dad-d9a2-f74f-c28b02c85b59" executionId="d9d2bd82-beca-4a8d-a27f-ade99ac05064" testListId="8c84fa94-04c1-424b-9868-57a2d4851a1d" />
    <TestEntry testId="13114eaf-40a6-bf18-6394-9cc2fb772f5c" executionId="911d973d-c885-4fe5-97bd-a550d55cacfc" testListId="8c84fa94-04c1-424b-9868-57a2d4851a1d" />
    <TestEntry testId="9867d00b-260b-0a54-ba9f-3b880165761a" executionId="764f6bc3-7b8f-48e3-9514-dc328ff71a28" testListId="8c84fa94-04c1-424b-9868-57a2d4851a1d" />
    <TestEntry testId="5c371ef0-bc5f-e4ba-5e06-772778fe3bef" executionId="42cd4d5d-29aa-44cb-b679-6aad5500fe0a" testListId="8c84fa94-04c1-424b-9868-57a2d4851a1d" />
    <TestEntry testId="cd931bf2-d1a7-4bef-6214-b514283c3263" executionId="05d968ba-065c-4d1c-a018-f92c011b4264" testListId="8c84fa94-04c1-424b-9868-57a2d4851a1d" />
    <TestEntry testId="5eb4cc84-77c0-612d-0512-9c4c158364e6" executionId="a23c1c2b-38e9-4e83-ac09-0b09d7396307" testListId="8c84fa94-04c1-424b-9868-57a2d4851a1d" />
    <TestEntry testId="39ca752a-d53a-30ab-bd51-7ab57c9014a4" executionId="9f69ebea-e84a-4652-83a1-3f16663c3660" testListId="8c84fa94-04c1-424b-9868-57a2d4851a1d" />
    <TestEntry testId="45e27c90-614d-5774-d2f5-18b99f4d574b" executionId="2dcf9d51-8eee-4798-9552-2173ce541d5f" testListId="8c84fa94-04c1-424b-9868-57a2d4851a1d" />
    <TestEntry testId="84c653ba-a803-fcdb-9301-624d3159eb96" executionId="4aa0a975-20dc-4302-bed8-31297370238b" testListId="8c84fa94-04c1-424b-9868-57a2d4851a1d" />
    <TestEntry testId="dea3ab8a-16a5-ddf5-c106-3b8d689d6c07" executionId="4bdedd29-7dd9-4581-bd4e-375399a6c713" testListId="8c84fa94-04c1-424b-9868-57a2d4851a1d" />
    <TestEntry testId="6d53d42a-bb87-2a76-a3be-cc32be60bf4b" executionId="bf121acf-d618-4591-b8b0-848e84613606" testListId="8c84fa94-04c1-424b-9868-57a2d4851a1d" />
    <TestEntry testId="b2ebc32b-4a71-3164-fa3b-1e6c8c166714" executionId="d211c906-fb4a-4534-bcf0-7b36d1433e32" testListId="8c84fa94-04c1-424b-9868-57a2d4851a1d" />
    <TestEntry testId="35a9537b-14c0-d67b-05ad-a276cc1a2e3e" executionId="369a5cf3-dc1d-4eaa-b918-102dc98b9044" testListId="8c84fa94-04c1-424b-9868-57a2d4851a1d" />
    <TestEntry testId="15261e11-3ed5-0bae-2905-7763d4e87a0a" executionId="00c3860f-e444-4edd-b058-4fd7142df377" testListId="8c84fa94-04c1-424b-9868-57a2d4851a1d" />
    <TestEntry testId="fffd02ab-a605-8a3f-536b-4c84b044c670" executionId="f221f213-4803-4469-bdb4-c0061015e8b4" testListId="8c84fa94-04c1-424b-9868-57a2d4851a1d" />
    <TestEntry testId="9ad6e49f-ca70-1890-873b-c90f5744adc0" executionId="fbe7f43f-1d74-4844-a5f5-abbe752ad923" testListId="8c84fa94-04c1-424b-9868-57a2d4851a1d" />
    <TestEntry testId="ddc3550f-896f-7782-7dce-7ced180014c5" executionId="68acca87-04ff-4395-8216-40d2fc3464e2" testListId="8c84fa94-04c1-424b-9868-57a2d4851a1d" />
    <TestEntry testId="7c28a9ad-b027-23f4-06c2-45f43c7ee85e" executionId="9989d789-1730-4e8b-bb66-47c574666d7c" testListId="8c84fa94-04c1-424b-9868-57a2d4851a1d" />
    <TestEntry testId="1fb7d4d0-3e8c-66a5-960e-9b15ed8b1b1c" executionId="ebce5170-f9fa-402a-bcea-6df5d34d01ce" testListId="8c84fa94-04c1-424b-9868-57a2d4851a1d" />
    <TestEntry testId="1c6957cb-46e3-741a-2634-b60f6f6b9ff4" executionId="cedb44f1-0c7b-4ba3-a1dc-2498dae7db9b" testListId="8c84fa94-04c1-424b-9868-57a2d4851a1d" />
    <TestEntry testId="e5b83fdd-bd34-7825-09c7-ad9526049ca0" executionId="2b3224cb-5fb7-4294-aae0-3f7042637727" testListId="8c84fa94-04c1-424b-9868-57a2d4851a1d" />
    <TestEntry testId="a29c9297-d55e-9248-ad8d-96b58c6790c8" executionId="c9f3ec9b-5aca-4928-93e5-9dbbc25a1f59" testListId="8c84fa94-04c1-424b-9868-57a2d4851a1d" />
    <TestEntry testId="9268d59f-fe30-654e-4f42-081943ee628e" executionId="7b1ba123-3af5-4883-992b-c3a5bffe614e" testListId="8c84fa94-04c1-424b-9868-57a2d4851a1d" />
    <TestEntry testId="d844f896-4c75-73f5-ffbd-1a760ce6228c" executionId="c19bace5-049c-4145-a374-b20f326d0bd8" testListId="8c84fa94-04c1-424b-9868-57a2d4851a1d" />
    <TestEntry testId="aa49e3b6-7e71-8d2e-ef0f-f9606e7376e2" executionId="77050723-c233-4a94-9e40-13b755342c38" testListId="8c84fa94-04c1-424b-9868-57a2d4851a1d" />
    <TestEntry testId="cc65e4d5-5af1-6705-18bd-91e1dd00de3e" executionId="f32469c8-1795-4f8f-a412-394f8d50cf4e" testListId="8c84fa94-04c1-424b-9868-57a2d4851a1d" />
    <TestEntry testId="ae04c12f-9a20-fee0-75ec-d9921d00a5f0" executionId="7544f61b-2911-4398-9c22-ac7126496a6d" testListId="8c84fa94-04c1-424b-9868-57a2d4851a1d" />
    <TestEntry testId="16f2c04f-6d73-322d-304d-d28cef4dce45" executionId="e5719177-6b09-4213-8ef4-611c359c561e" testListId="8c84fa94-04c1-424b-9868-57a2d4851a1d" />
    <TestEntry testId="6d07f93f-b5d1-4a11-684e-cdc2843cbb03" executionId="fd1f9669-0a34-42ac-9520-4952442f4a84" testListId="8c84fa94-04c1-424b-9868-57a2d4851a1d" />
    <TestEntry testId="b41f6680-cbe3-e361-ab25-ab5af9c608d5" executionId="fdc2d3b1-c32d-4403-a422-5f1c6a3c8c88" testListId="8c84fa94-04c1-424b-9868-57a2d4851a1d" />
    <TestEntry testId="342e3a95-8669-16e0-b994-e79d0398d6fc" executionId="adbecd6b-cffb-4d00-a996-b5b8b564cfc8" testListId="8c84fa94-04c1-424b-9868-57a2d4851a1d" />
    <TestEntry testId="745475e5-8b43-2f86-1a7a-549027aa0122" executionId="e759377a-3a88-4b5f-9b47-378c8de120c1" testListId="8c84fa94-04c1-424b-9868-57a2d4851a1d" />
    <TestEntry testId="939e6f42-9a56-5a72-5a44-0f11439dfba0" executionId="7bb6a3c2-0329-407e-8d50-fb096b164042" testListId="8c84fa94-04c1-424b-9868-57a2d4851a1d" />
    <TestEntry testId="6c786e41-8483-a837-4f21-34513a131937" executionId="1b89626f-126c-45a3-83ac-11e97a16ffe7" testListId="8c84fa94-04c1-424b-9868-57a2d4851a1d" />
    <TestEntry testId="ca52333f-545d-186c-3df1-31b2c70363c1" executionId="3f194096-080f-4482-8663-490fc9907bd0" testListId="8c84fa94-04c1-424b-9868-57a2d4851a1d" />
    <TestEntry testId="e840183f-4080-76b5-c59e-7300b772f644" executionId="66a82267-9750-43f9-bdb4-fd2e56207c43" testListId="8c84fa94-04c1-424b-9868-57a2d4851a1d" />
    <TestEntry testId="21213cbd-4f5f-dbfa-c799-3e6d12dd3e58" executionId="42723e1f-d840-44d4-a7e3-10ca15370a75" testListId="8c84fa94-04c1-424b-9868-57a2d4851a1d" />
    <TestEntry testId="99fa9975-a22c-2aff-27bf-b308337e4003" executionId="90025b60-1f69-4a7d-ac43-219237906be8" testListId="8c84fa94-04c1-424b-9868-57a2d4851a1d" />
    <TestEntry testId="671227b2-759e-860c-a3d2-58970ac1a28f" executionId="081ddd06-d606-4b64-b272-0d123a7c7633" testListId="8c84fa94-04c1-424b-9868-57a2d4851a1d" />
    <TestEntry testId="ac5b3116-ea10-391f-cc3b-eb1141b508ea" executionId="5780b1e0-4a7e-4cc6-bc0e-f93b15f35556" testListId="8c84fa94-04c1-424b-9868-57a2d4851a1d" />
    <TestEntry testId="10346012-0402-6ebc-ce83-265a494b10eb" executionId="d9226d68-151c-403c-a82d-ab8e11bd1e12" testListId="8c84fa94-04c1-424b-9868-57a2d4851a1d" />
    <TestEntry testId="83f18a1d-a14e-11c3-2922-f903dca4a63e" executionId="9381f7fb-f25f-49f5-89ae-16ac837ce903" testListId="8c84fa94-04c1-424b-9868-57a2d4851a1d" />
    <TestEntry testId="31d8df1e-4c34-f3f1-e6ac-9eaf46738c05" executionId="880edef0-ef47-4ea9-849c-07228c09caf0" testListId="8c84fa94-04c1-424b-9868-57a2d4851a1d" />
    <TestEntry testId="a8691c9e-d374-2020-e14a-9a0195148494" executionId="0597784b-2bb4-471b-8a2b-7d121a3045a4" testListId="8c84fa94-04c1-424b-9868-57a2d4851a1d" />
    <TestEntry testId="4c833895-c4e7-d4ff-1023-0eb60979534f" executionId="89f45496-20fb-4041-85ac-fa04cd79f7b1" testListId="8c84fa94-04c1-424b-9868-57a2d4851a1d" />
    <TestEntry testId="12062d11-e511-130f-f9d1-108d17ee6249" executionId="b9c8af0d-9f50-4c9b-8177-0098cf197256" testListId="8c84fa94-04c1-424b-9868-57a2d4851a1d" />
    <TestEntry testId="f634c270-1e80-cb19-3dc5-d6540996272a" executionId="297dc86c-abd6-4d01-8fd9-af3e8a97df95" testListId="8c84fa94-04c1-424b-9868-57a2d4851a1d" />
    <TestEntry testId="dbb0cfbd-82f2-1579-941e-eb7f3efc51d6" executionId="502228f3-a795-4897-8c3e-4443fca38aab" testListId="8c84fa94-04c1-424b-9868-57a2d4851a1d" />
    <TestEntry testId="01ce7d06-a990-2d0c-58ab-bbb7067fe588" executionId="d7c1b35d-3143-47db-bdb3-39efce259afb" testListId="8c84fa94-04c1-424b-9868-57a2d4851a1d" />
    <TestEntry testId="a117ab5c-5a6f-204b-110c-64220cf6d11d" executionId="8297bb29-2f0b-4a3e-bb03-68252bfe3cc0" testListId="8c84fa94-04c1-424b-9868-57a2d4851a1d" />
    <TestEntry testId="d343a380-5357-8611-5414-12980e1c1007" executionId="77c05744-93b5-4b85-9861-3b1b27372350" testListId="8c84fa94-04c1-424b-9868-57a2d4851a1d" />
    <TestEntry testId="e9588709-1d68-9f45-b737-84f9b0a4f630" executionId="8ea3069b-1ee5-4ac7-9476-070340608c0d" testListId="8c84fa94-04c1-424b-9868-57a2d4851a1d" />
    <TestEntry testId="0747667c-e62a-e2bc-8bef-ff3518ff76f4" executionId="de691fbe-20f9-4d12-a5c5-679bc1c484a8" testListId="8c84fa94-04c1-424b-9868-57a2d4851a1d" />
    <TestEntry testId="10590acd-864e-8a2e-4721-867a3934794a" executionId="949f319c-4d59-4e65-b5ea-351436fc7e36" testListId="8c84fa94-04c1-424b-9868-57a2d4851a1d" />
    <TestEntry testId="94e84aaa-e40a-48aa-00b1-d28ead467e56" executionId="6b597087-eda0-4dc7-a5b2-10b6d6721abc" testListId="8c84fa94-04c1-424b-9868-57a2d4851a1d" />
    <TestEntry testId="55afd126-4a3c-866e-7363-f0f21413d27a" executionId="c9c90efe-0b71-4c51-85db-a7401b09b06f" testListId="8c84fa94-04c1-424b-9868-57a2d4851a1d" />
    <TestEntry testId="ea708a0a-4895-3201-0a19-410ad05b1454" executionId="0b8114b0-3c67-4288-9b59-39ad6f072407" testListId="8c84fa94-04c1-424b-9868-57a2d4851a1d" />
    <TestEntry testId="9eb23b76-8923-506c-a7df-44abea4f2324" executionId="4558e03c-8655-4abf-9161-e826b3254adf" testListId="8c84fa94-04c1-424b-9868-57a2d4851a1d" />
    <TestEntry testId="234a96a2-e2e8-b352-0afc-e035d7ca88df" executionId="b0018faa-d233-498d-ba55-b7555eb08f59" testListId="8c84fa94-04c1-424b-9868-57a2d4851a1d" />
    <TestEntry testId="65c8e29a-eade-50bd-5b3b-55f85d488230" executionId="6ba70e75-f3dd-4eb4-95d0-bd52930af6f1" testListId="8c84fa94-04c1-424b-9868-57a2d4851a1d" />
    <TestEntry testId="ee8e4581-236d-6417-3c48-e44ad012c019" executionId="04b12311-36af-44de-8211-0f19b14e0a79" testListId="8c84fa94-04c1-424b-9868-57a2d4851a1d" />
    <TestEntry testId="c5bedfef-4211-1c58-4c4e-aa60a1fde216" executionId="4db61103-93b8-4ab8-9390-97599699d700" testListId="8c84fa94-04c1-424b-9868-57a2d4851a1d" />
    <TestEntry testId="4b9e2505-e433-7215-42f1-2dada188d655" executionId="cde54d37-e983-4c4b-a03c-a214ebb4b627" testListId="8c84fa94-04c1-424b-9868-57a2d4851a1d" />
    <TestEntry testId="02e47e11-2627-2b3c-996c-e71320a5f2c3" executionId="807a71a8-1e32-4634-b637-0af689520589" testListId="8c84fa94-04c1-424b-9868-57a2d4851a1d" />
    <TestEntry testId="6507e085-7d8e-f966-07c6-aa118eb285ef" executionId="740a1b9e-acd3-453f-97e2-2171bfae5e56" testListId="8c84fa94-04c1-424b-9868-57a2d4851a1d" />
    <TestEntry testId="d9aaff4f-06fb-c736-816c-9d4313d59e5b" executionId="e3ccadec-36b4-41d1-9365-32f2f29b3d81" testListId="8c84fa94-04c1-424b-9868-57a2d4851a1d" />
  </TestEntries>
  <TestLists>
    <TestList name="Results Not in a List" id="8c84fa94-04c1-424b-9868-57a2d4851a1d" />
    <TestList name="All Loaded Results" id="19431567-8539-422a-85d7-44ee4e166bda" />
  </TestLists>
  <ResultSummary outcome="Completed">
    <Counters total="90" executed="90" passed="90" failed="0" error="0" timeout="0" aborted="0" inconclusive="0" passedButRunAborted="0" notRunnable="0" notExecuted="0" disconnected="0" warning="0" completed="0" inProgress="0" pending="0" />
    <Output>
      <StdOut>verdict: FAIL
  Blockers
    - (none)
  Warnings
    - (none)
  - Passing: 2
  Cache eligibility
    - package-api:build: recompute: no prior evidence
    - package-api:format: recompute: no prior evidence
  Gate execution
    - package-api:build: executed — passed
    - package-api:format: executed — passed
exit status: blocked
wrote /tmp/fsgg-verify-6758a9d54a014d71bdb7ebf42709f49f/readiness/verify.json    (fsgg.verify/v1)
verdict: PASS
  Blockers
    - (none)
  Warnings
    - (none)
  - Passing: 2
  Cache eligibility
    - package-api:build: recompute: no prior evidence
    - package-api:format: recompute: no prior evidence
  Gate execution
    - package-api:build: executed — passed
    - package-api:format: executed — passed
exit status: clean
wrote /tmp/fsgg-verify-6758a9d54a014d71bdb7ebf42709f49f/readiness/verify.json    (fsgg.verify/v1)
</StdOut>
    </Output>
  </ResultSummary>
</TestRun>