<?xml version="1.0" encoding="utf-8"?>
<TestRun id="36900000-0000-0000-0000-000000000001" name="FSharpEffectBoundary focused 2026-08-02T23:31:35Z" xmlns="http://microsoft.com/schemas/VisualStudio/TeamTest/2010">
  <Times creation="2026-08-02T23:31:35Z" queuing="2026-08-02T23:31:35Z" start="2026-08-02T23:31:35Z" finish="2026-08-02T23:31:35Z" />
  <Results>
    <UnitTestResult executionId="36900000-0000-0000-0000-000000000101" testId="36900000-0000-0000-0000-000000000101" testName="FSharpEffectBoundary.pure reducer is clean without name-shaped requirements" outcome="Passed" />
    <UnitTestResult executionId="36900000-0000-0000-0000-000000000102" testId="36900000-0000-0000-0000-000000000102" testName="FSharpEffectBoundary.direct filesystem and process effects fail with their categories" outcome="Passed" />
    <UnitTestResult executionId="36900000-0000-0000-0000-000000000103" testId="36900000-0000-0000-0000-000000000103" testName="FSharpEffectBoundary.effect edge requires explicit result retry and idempotency semantics" outcome="Passed" />
    <UnitTestResult executionId="36900000-0000-0000-0000-000000000104" testId="36900000-0000-0000-0000-000000000104" testName="FSharpEffectBoundary.callback hidden state and exception continuations fail" outcome="Passed" />
    <UnitTestResult executionId="36900000-0000-0000-0000-000000000105" testId="36900000-0000-0000-0000-000000000105" testName="FSharpEffectBoundary.pure parsers and dated exemptions are narrow non-applicable cases" outcome="Passed" />
    <UnitTestResult executionId="36900000-0000-0000-0000-000000000106" testId="36900000-0000-0000-0000-000000000106" testName="FSharpEffectBoundary.expired exemption fails closed" outcome="Passed" />
  </Results>
  <ResultSummary outcome="Completed"><Counters total="6" executed="6" passed="6" failed="0" error="0" timeout="0" aborted="0" inconclusive="0" passedButRunAborted="0" notRunnable="0" notExecuted="0" disconnected="0" warning="0" completed="6" inProgress="0" pending="0" /></ResultSummary>
</TestRun>
