<?xml version="1.0" encoding="utf-8"?>
<TestRun id="3766f5e2-9c24-4d46-aaa9-9d4bb302ce22" name="@0bc8bbef51b6 2026-08-02 23:02:11" xmlns="http://microsoft.com/schemas/VisualStudio/TeamTest/2010">
  <Times creation="2026-08-02T23:02:11.7459001+02:00" queuing="2026-08-02T23:02:11.7459001+02:00" start="2026-08-02T23:02:11.4313651+02:00" finish="2026-08-02T23:02:15.0990784+02:00" />
  <TestSettings name="default" id="a1b700a0-b136-4792-95e8-b90d766b9ce5">
    <Deployment runDeploymentRoot="_0bc8bbef51b6_2026-08-02_23_02_11" />
  </TestSettings>
  <Results>
    <UnitTestResult executionId="0ba55d8b-0a77-498e-b536-611e6c885135" testId="12ea56be-eff6-5d5f-cf24-a28e540de6b3" testName="DesignChecks.evaluate.absent token/capture/control ⇒ Blocking design.&lt;kind&gt; naming the entry" computerName="0bc8bbef51b6" duration="00:00:00.0040000" startTime="2026-08-02T23:02:11.7363047+02:00" endTime="2026-08-02T23:02:11.7403646+02:00" testType="13cdc9d9-ddb5-4fa4-a97d-d965ccfc6d4b" outcome="Passed" testListId="8c84fa94-04c1-424b-9868-57a2d4851a1d" relativeResultsDirectory="0ba55d8b-0a77-498e-b536-611e6c885135" />
    <UnitTestResult executionId="ab7f470c-3183-4c5b-a307-adfffb13579c" testId="6a32c112-aaaf-ab6b-367d-264fe8e3da55" testName="DesignChecks.evaluate.all resolve + contrast meets ⇒ zero findings" computerName="0bc8bbef51b6" startTime="2026-08-02T23:02:11.7362915+02:00" endTime="2026-08-02T23:02:11.7368150+02:00" testType="13cdc9d9-ddb5-4fa4-a97d-d965ccfc6d4b" outcome="Passed" testListId="8c84fa94-04c1-424b-9868-57a2d4851a1d" relativeResultsDirectory="ab7f470c-3183-4c5b-a307-adfffb13579c" />
    <UnitTestResult executionId="8a203303-1d35-4c7d-9cd8-875c57fdc9cf" testId="fcf65e77-498c-3726-4f0e-45a5f5e5bb3d" testName="FSharpSurface.evaluate.project sensor detects an adjacent signature declaration absent from implementation" computerName="0bc8bbef51b6" duration="00:00:01.6690000" startTime="2026-08-02T23:02:11.7124013+02:00" endTime="2026-08-02T23:02:13.3890891+02:00" testType="13cdc9d9-ddb5-4fa4-a97d-d965ccfc6d4b" outcome="Passed" testListId="8c84fa94-04c1-424b-9868-57a2d4851a1d" relativeResultsDirectory="8a203303-1d35-4c7d-9cd8-875c57fdc9cf" />
    <UnitTestResult executionId="74651ccb-c030-451b-a620-297f96a21f43" testId="671d34c9-ddc4-4523-5df7-fc7a63b38e87" testName="FSharpSurface.evaluate.test-project modules are excluded" computerName="0bc8bbef51b6" duration="00:00:00.0020000" startTime="2026-08-02T23:02:11.7121144+02:00" endTime="2026-08-02T23:02:11.7311870+02:00" testType="13cdc9d9-ddb5-4fa4-a97d-d965ccfc6d4b" outcome="Passed" testListId="8c84fa94-04c1-424b-9868-57a2d4851a1d" relativeResultsDirectory="74651ccb-c030-451b-a620-297f96a21f43" />
    <UnitTestResult executionId="fdd8fccd-f287-4c4b-b0d2-1629def45e8d" testId="c52eb8c0-d6d2-66d1-2420-8d01f639b800" testName="FSharpSurface.evaluate.Rogue3-shaped many implementations and zero signatures reports applicable zero matches" computerName="0bc8bbef51b6" duration="00:00:00.0030000" startTime="2026-08-02T23:02:11.7362884+02:00" endTime="2026-08-02T23:02:11.7393651+02:00" testType="13cdc9d9-ddb5-4fa4-a97d-d965ccfc6d4b" outcome="Passed" testListId="8c84fa94-04c1-424b-9868-57a2d4851a1d" relativeResultsDirectory="fdd8fccd-f287-4c4b-b0d2-1629def45e8d" />
    <UnitTestResult executionId="7752c7f5-f615-4273-8025-9d7f6836b214" testId="c5739d3a-5f6e-1993-55ed-6e6eae39484e" testName="FSharpSurface.evaluate.Rogue3-shaped executable module without a signature produces an advisory migration finding" computerName="0bc8bbef51b6" duration="00:00:00.0210000" startTime="2026-08-02T23:02:11.7117963+02:00" endTime="2026-08-02T23:02:11.7357531+02:00" testType="13cdc9d9-ddb5-4fa4-a97d-d965ccfc6d4b" outcome="Passed" testListId="8c84fa94-04c1-424b-9868-57a2d4851a1d" relativeResultsDirectory="7752c7f5-f615-4273-8025-9d7f6836b214" />
    <UnitTestResult executionId="5d3f95b8-f33d-4cb2-8a09-091162234d19" testId="a58f9fa1-bb01-0415-f2af-7403e2a9e1cd" testName="DesignChecks.evaluate.sub-threshold contrast ⇒ Blocking design.contrast reporting ratio vs threshold" computerName="0bc8bbef51b6" duration="00:00:00.0050000" startTime="2026-08-02T23:02:11.7363177+02:00" endTime="2026-08-02T23:02:11.7423276+02:00" testType="13cdc9d9-ddb5-4fa4-a97d-d965ccfc6d4b" outcome="Passed" testListId="8c84fa94-04c1-424b-9868-57a2d4851a1d" relativeResultsDirectory="5d3f95b8-f33d-4cb2-8a09-091162234d19" />
    <UnitTestResult executionId="8b1e487f-44ab-4ab6-b860-d2ce3165d196" testId="719d28cd-2c07-0065-46a9-1c55b0f887ac" testName="FSharpSurface.evaluate.configured glob selects repo-relative compiled signatures for zero one and many cardinality" computerName="0bc8bbef51b6" duration="00:00:03.3350000" startTime="2026-08-02T23:02:11.7204638+02:00" endTime="2026-08-02T23:02:15.0563845+02:00" testType="13cdc9d9-ddb5-4fa4-a97d-d965ccfc6d4b" outcome="Passed" testListId="8c84fa94-04c1-424b-9868-57a2d4851a1d" relativeResultsDirectory="8b1e487f-44ab-4ab6-b860-d2ce3165d196" />
    <UnitTestResult executionId="9bf7fa50-f3b1-488d-a8cb-b3bb8389cdad" testId="bc488ea9-0412-16ba-b982-67cc452944de" testName="FSharpSurface.evaluate.expired live exemption fails closed" computerName="0bc8bbef51b6" duration="00:00:00.0170000" startTime="2026-08-02T23:02:11.7128250+02:00" endTime="2026-08-02T23:02:11.7381928+02:00" testType="13cdc9d9-ddb5-4fa4-a97d-d965ccfc6d4b" outcome="Passed" testListId="8c84fa94-04c1-424b-9868-57a2d4851a1d" relativeResultsDirectory="9bf7fa50-f3b1-488d-a8cb-b3bb8389cdad" />
    <UnitTestResult executionId="9e771440-262c-477f-b453-d850011b777d" testId="b13be357-8e11-fd32-24bf-249430bbcfe5" testName="FSharpSurface.evaluate.project sensor reads documented signatures and fail-closes missing compiled source" computerName="0bc8bbef51b6" duration="00:00:02.0090000" startTime="2026-08-02T23:02:11.7123185+02:00" endTime="2026-08-02T23:02:13.7297553+02:00" testType="13cdc9d9-ddb5-4fa4-a97d-d965ccfc6d4b" outcome="Passed" testListId="8c84fa94-04c1-424b-9868-57a2d4851a1d" relativeResultsDirectory="9e771440-262c-477f-b453-d850011b777d" />
    <UnitTestResult executionId="d20c11e2-450f-47b2-aa78-b1780df3b41f" testId="e037c5f9-a73d-5932-f5be-15dc77be64c9" testName="FSharpSurface.evaluate.versioned receipt is deterministic and malformed project input fails closed" computerName="0bc8bbef51b6" duration="00:00:02.4810000" startTime="2026-08-02T23:02:11.7129293+02:00" endTime="2026-08-02T23:02:14.2025338+02:00" testType="13cdc9d9-ddb5-4fa4-a97d-d965ccfc6d4b" outcome="Passed" testListId="8c84fa94-04c1-424b-9868-57a2d4851a1d" relativeResultsDirectory="d20c11e2-450f-47b2-aa78-b1780df3b41f" />
    <UnitTestResult executionId="15981874-0077-4d1a-8b86-68252d567cc4" testId="8882c7a1-1ac2-66e0-a4db-df0c8b10f412" testName="FSharpSurface.evaluate.compiler rejects an adjacent same-name declaration with an incompatible type" computerName="0bc8bbef51b6" duration="00:00:01.7690000" startTime="2026-08-02T23:02:11.7124669+02:00" endTime="2026-08-02T23:02:13.4895503+02:00" testType="13cdc9d9-ddb5-4fa4-a97d-d965ccfc6d4b" outcome="Passed" testListId="8c84fa94-04c1-424b-9868-57a2d4851a1d" relativeResultsDirectory="15981874-0077-4d1a-8b86-68252d567cc4" />
    <UnitTestResult executionId="ac8def8f-e68f-43b3-b569-4892da44d8b7" testId="120b4ad8-f199-039f-6297-035886abddfa" testName="DesignChecks.sensor.senseDesign resolves referenced entries + every contrast pair against the real catalogs" computerName="0bc8bbef51b6" duration="00:00:00.0150000" startTime="2026-08-02T23:02:11.7113162+02:00" endTime="2026-08-02T23:02:11.7305538+02:00" testType="13cdc9d9-ddb5-4fa4-a97d-d965ccfc6d4b" outcome="Passed" testListId="8c84fa94-04c1-424b-9868-57a2d4851a1d" relativeResultsDirectory="ac8def8f-e68f-43b3-b569-4892da44d8b7" />
    <UnitTestResult executionId="63a40bd1-3b1c-4574-9875-261a1f556814" testId="0f3cdbfb-cb70-987b-4a91-a282bfb0504e" testName="FSharpSurface.evaluate.project sensor preserves Compile order and sees a Rogue3-shaped source as public by default" computerName="0bc8bbef51b6" duration="00:00:00.0190000" startTime="2026-08-02T23:02:11.7122017+02:00" endTime="2026-08-02T23:02:11.7395551+02:00" testType="13cdc9d9-ddb5-4fa4-a97d-d965ccfc6d4b" outcome="Passed" testListId="8c84fa94-04c1-424b-9868-57a2d4851a1d" relativeResultsDirectory="63a40bd1-3b1c-4574-9875-261a1f556814" />
    <UnitTestResult executionId="2aa14fc3-7808-421f-8e33-15a8f1cd8ae0" testId="33ab955e-710a-bc46-1ede-fa70d8e82269" testName="DesignChecks.determinism.reordering tokens leaves the sorted findings unchanged" computerName="0bc8bbef51b6" duration="00:00:00.0090000" startTime="2026-08-02T23:02:11.7116849+02:00" endTime="2026-08-02T23:02:11.7262861+02:00" testType="13cdc9d9-ddb5-4fa4-a97d-d965ccfc6d4b" outcome="Passed" testListId="8c84fa94-04c1-424b-9868-57a2d4851a1d" relativeResultsDirectory="2aa14fc3-7808-421f-8e33-15a8f1cd8ae0" />
    <UnitTestResult executionId="c1645198-e42c-477d-8248-ea38880c6261" testId="33868b10-85d5-c18f-2f4e-4fef1ead8465" testName="DesignChecks.sensor.absent catalog ⇒ recorded in CatalogUnavailable, never a fabricated pass (FR-012)" computerName="0bc8bbef51b6" duration="00:00:00.0120000" startTime="2026-08-02T23:02:11.7113197+02:00" endTime="2026-08-02T23:02:11.7271253+02:00" testType="13cdc9d9-ddb5-4fa4-a97d-d965ccfc6d4b" outcome="Passed" testListId="8c84fa94-04c1-424b-9868-57a2d4851a1d" relativeResultsDirectory="c1645198-e42c-477d-8248-ea38880c6261" />
    <UnitTestResult executionId="45c98634-3047-440b-8a82-15f96691b3fc" testId="d9b6e161-4d89-b399-c04f-55672bc73cb7" testName="DesignChecks.evaluate.catalog unavailable ⇒ IsInputState design.catalog-unavailable naming the catalog" computerName="0bc8bbef51b6" startTime="2026-08-02T23:02:11.7363274+02:00" endTime="2026-08-02T23:02:11.7370124+02:00" testType="13cdc9d9-ddb5-4fa4-a97d-d965ccfc6d4b" outcome="Passed" testListId="8c84fa94-04c1-424b-9868-57a2d4851a1d" relativeResultsDirectory="45c98634-3047-440b-8a82-15f96691b3fc" />
    <UnitTestResult executionId="bea12d3b-5d47-4ef4-bf4f-bd37cc454c57" testId="3a9867b3-328c-7288-54d3-8e866a5a197f" testName="DesignChecks.renderFence.no Skia/rendering/UI/registry symbol is referenced (SC-004)" computerName="0bc8bbef51b6" duration="00:00:00.0030000" startTime="2026-08-02T23:02:11.7113143+02:00" endTime="2026-08-02T23:02:11.7262940+02:00" testType="13cdc9d9-ddb5-4fa4-a97d-d965ccfc6d4b" outcome="Passed" testListId="8c84fa94-04c1-424b-9868-57a2d4851a1d" relativeResultsDirectory="bea12d3b-5d47-4ef4-bf4f-bd37cc454c57" />
    <UnitTestResult executionId="f287db48-9def-4aec-b719-6a2ec6f643dc" testId="abe00f63-8372-055c-4c16-be5eba82657b" testName="SurfaceDrift.DesignChecks public surface equals the committed baseline" computerName="0bc8bbef51b6" duration="00:00:00.0300000" startTime="2026-08-02T23:02:11.7113094+02:00" endTime="2026-08-02T23:02:11.7451218+02:00" testType="13cdc9d9-ddb5-4fa4-a97d-d965ccfc6d4b" outcome="Passed" testListId="8c84fa94-04c1-424b-9868-57a2d4851a1d" relativeResultsDirectory="f287db48-9def-4aec-b719-6a2ec6f643dc" />
    <UnitTestResult executionId="68f62ffb-6921-4ed8-973d-ac84a5bb090e" testId="209b92ae-fb3c-8c36-ac38-5c22aae1fa42" testName="FSharpSurface.evaluate.internal modules, entry points, generated sources, and complete exemptions do not need a signature" computerName="0bc8bbef51b6" duration="00:00:00.0020000" startTime="2026-08-02T23:02:11.7119151+02:00" endTime="2026-08-02T23:02:11.7262716+02:00" testType="13cdc9d9-ddb5-4fa4-a97d-d965ccfc6d4b" outcome="Passed" testListId="8c84fa94-04c1-424b-9868-57a2d4851a1d" relativeResultsDirectory="68f62ffb-6921-4ed8-973d-ac84a5bb090e" />
    <UnitTestResult executionId="433a35d5-4f21-4a4a-9227-7694533517b5" testId="3eeba9e4-3262-45bb-8e22-26aa66f56506" testName="DesignChecks.determinism.repeated evaluate over identical facts ⇒ byte-identical" computerName="0bc8bbef51b6" duration="00:00:00.0090000" startTime="2026-08-02T23:02:11.7115332+02:00" endTime="2026-08-02T23:02:11.7262644+02:00" testType="13cdc9d9-ddb5-4fa4-a97d-d965ccfc6d4b" outcome="Passed" testListId="8c84fa94-04c1-424b-9868-57a2d4851a1d" relativeResultsDirectory="433a35d5-4f21-4a4a-9227-7694533517b5" />
    <UnitTestResult executionId="4ef127d0-8e3a-49a7-bf59-8de2c6457f86" testId="b0f95b99-7241-cf99-e63b-0d3f5f50436e" testName="FSharpSurface.evaluate.root signature does not satisfy a src-only declared glob" computerName="0bc8bbef51b6" duration="00:00:01.9240000" startTime="2026-08-02T23:02:11.7218562+02:00" endTime="2026-08-02T23:02:13.6460776+02:00" testType="13cdc9d9-ddb5-4fa4-a97d-d965ccfc6d4b" outcome="Passed" testListId="8c84fa94-04c1-424b-9868-57a2d4851a1d" relativeResultsDirectory="4ef127d0-8e3a-49a7-bf59-8de2c6457f86" />
    <UnitTestResult executionId="9aa40222-1591-43d5-ac37-4df32667155e" testId="059544cd-7893-0d91-8f34-544b70374f48" testName="FSharpSurface.evaluate.compiler validates a signature in its real earlier-source project context" computerName="0bc8bbef51b6" duration="00:00:02.0770000" startTime="2026-08-02T23:02:11.7125513+02:00" endTime="2026-08-02T23:02:13.7975718+02:00" testType="13cdc9d9-ddb5-4fa4-a97d-d965ccfc6d4b" outcome="Passed" testListId="8c84fa94-04c1-424b-9868-57a2d4851a1d" relativeResultsDirectory="9aa40222-1591-43d5-ac37-4df32667155e" />
    <UnitTestResult executionId="359e6a16-3e26-4b94-a1c6-6a47c549f495" testId="f91d09bf-09a6-ef17-e759-9eb95c39e5a5" testName="FSharpSurface.evaluate.receipt distinguishes zero and many matched modules deterministically" computerName="0bc8bbef51b6" duration="00:00:01.9990000" startTime="2026-08-02T23:02:11.7129359+02:00" endTime="2026-08-02T23:02:13.7203041+02:00" testType="13cdc9d9-ddb5-4fa4-a97d-d965ccfc6d4b" outcome="Passed" testListId="8c84fa94-04c1-424b-9868-57a2d4851a1d" relativeResultsDirectory="359e6a16-3e26-4b94-a1c6-6a47c549f495" />
    <UnitTestResult executionId="c49481ae-1fab-4ac6-8ed6-7ac8bcb6b94d" testId="7f8ca683-3117-37b8-0053-c887197c0653" testName="DesignChecks.sensor.a THROWING catalog port degrades to CatalogUnavailable, never escapes senseDesign (#56/B13)" computerName="0bc8bbef51b6" duration="00:00:00.0090000" startTime="2026-08-02T23:02:11.7114179+02:00" endTime="2026-08-02T23:02:11.7262808+02:00" testType="13cdc9d9-ddb5-4fa4-a97d-d965ccfc6d4b" outcome="Passed" testListId="8c84fa94-04c1-424b-9868-57a2d4851a1d" relativeResultsDirectory="c49481ae-1fab-4ac6-8ed6-7ac8bcb6b94d" />
    <UnitTestResult executionId="9403d96b-0ae2-41cd-9d72-dc37c80f192a" testId="668d6466-19ec-c6fa-b562-627afc835c44" testName="FSharpSurface.evaluate.compiler validates a signature with the real project-reference context" computerName="0bc8bbef51b6" duration="00:00:02.6790000" startTime="2026-08-02T23:02:11.7126333+02:00" endTime="2026-08-02T23:02:14.3992073+02:00" testType="13cdc9d9-ddb5-4fa4-a97d-d965ccfc6d4b" outcome="Passed" testListId="8c84fa94-04c1-424b-9868-57a2d4851a1d" relativeResultsDirectory="9403d96b-0ae2-41cd-9d72-dc37c80f192a" />
    <UnitTestResult executionId="e55fb656-131c-450a-a507-411c686e3cba" testId="7b5d8a88-fddd-075e-5b9b-8b28e7443fa4" testName="FSharpSurface.evaluate.live policy carries valid exemptions and stale applicable baselines" computerName="0bc8bbef51b6" duration="00:00:00.0190000" startTime="2026-08-02T23:02:11.7127303+02:00" endTime="2026-08-02T23:02:11.7393884+02:00" testType="13cdc9d9-ddb5-4fa4-a97d-d965ccfc6d4b" outcome="Passed" testListId="8c84fa94-04c1-424b-9868-57a2d4851a1d" relativeResultsDirectory="e55fb656-131c-450a-a507-411c686e3cba" />
    <UnitTestResult executionId="ded82e0a-369c-4541-bbf6-a807aa17cf1f" testId="112fd1ae-152a-5f49-2063-6d92ff7d569f" testName="DesignChecks.renderFence.references only FS.GG.Governance.*/BCL/FSharp.Core (no rendering/UI/registry/network)" computerName="0bc8bbef51b6" duration="00:00:00.0190000" startTime="2026-08-02T23:02:11.7113118+02:00" endTime="2026-08-02T23:02:11.7336203+02:00" testType="13cdc9d9-ddb5-4fa4-a97d-d965ccfc6d4b" outcome="Passed" testListId="8c84fa94-04c1-424b-9868-57a2d4851a1d" relativeResultsDirectory="ded82e0a-369c-4541-bbf6-a807aa17cf1f" />
    <UnitTestResult executionId="e970be63-bf12-4430-9d41-686caf4a5756" testId="f60aba49-fee8-b749-3219-1495dccc73bb" testName="FSharpSurface.evaluate.paired signatures report order, docs, source mismatch, and applicable baseline independently" computerName="0bc8bbef51b6" duration="00:00:00.0020000" startTime="2026-08-02T23:02:11.7120225+02:00" endTime="2026-08-02T23:02:11.7311870+02:00" testType="13cdc9d9-ddb5-4fa4-a97d-d965ccfc6d4b" outcome="Passed" testListId="8c84fa94-04c1-424b-9868-57a2d4851a1d" relativeResultsDirectory="e970be63-bf12-4430-9d41-686caf4a5756" />
  </Results>
  <TestDefinitions>
    <UnitTest name="FSharpSurface.evaluate.live policy carries valid exemptions and stale applicable baselines" storage="/home/developer/projects/fs.gg.governance/.worktrees/item-366-fsharp-surface-governance/tests/fs.gg.governance.designchecks.tests/bin/debug/net10.0/fs.gg.governance.designchecks.tests.dll" id="7b5d8a88-fddd-075e-5b9b-8b28e7443fa4">
      <Execution id="e55fb656-131c-450a-a507-411c686e3cba" />
      <TestMethod codeBase="/home/developer/projects/FS.GG.Governance/.worktrees/item-366-fsharp-surface-governance/tests/FS.GG.Governance.DesignChecks.Tests/bin/Debug/net10.0/FS.GG.Governance.DesignChecks.Tests.dll" adapterTypeName="executor://yolodev/expecto" className="FSharpSurface.evaluate" name="live policy carries valid exemptions and stale applicable baselines" />
    </UnitTest>
    <UnitTest name="FSharpSurface.evaluate.project sensor preserves Compile order and sees a Rogue3-shaped source as public by default" storage="/home/developer/projects/fs.gg.governance/.worktrees/item-366-fsharp-surface-governance/tests/fs.gg.governance.designchecks.tests/bin/debug/net10.0/fs.gg.governance.designchecks.tests.dll" id="0f3cdbfb-cb70-987b-4a91-a282bfb0504e">
      <Execution id="63a40bd1-3b1c-4574-9875-261a1f556814" />
      <TestMethod codeBase="/home/developer/projects/FS.GG.Governance/.worktrees/item-366-fsharp-surface-governance/tests/FS.GG.Governance.DesignChecks.Tests/bin/Debug/net10.0/FS.GG.Governance.DesignChecks.Tests.dll" adapterTypeName="executor://yolodev/expecto" className="FSharpSurface.evaluate" name="project sensor preserves Compile order and sees a Rogue3-shaped source as public by default" />
    </UnitTest>
    <UnitTest name="DesignChecks.determinism.reordering tokens leaves the sorted findings unchanged" storage="/home/developer/projects/fs.gg.governance/.worktrees/item-366-fsharp-surface-governance/tests/fs.gg.governance.designchecks.tests/bin/debug/net10.0/fs.gg.governance.designchecks.tests.dll" id="33ab955e-710a-bc46-1ede-fa70d8e82269">
      <Execution id="2aa14fc3-7808-421f-8e33-15a8f1cd8ae0" />
      <TestMethod codeBase="/home/developer/projects/FS.GG.Governance/.worktrees/item-366-fsharp-surface-governance/tests/FS.GG.Governance.DesignChecks.Tests/bin/Debug/net10.0/FS.GG.Governance.DesignChecks.Tests.dll" adapterTypeName="executor://yolodev/expecto" className="DesignChecks.determinism" name="reordering tokens leaves the sorted findings unchanged" />
    </UnitTest>
    <UnitTest name="FSharpSurface.evaluate.versioned receipt is deterministic and malformed project input fails closed" storage="/home/developer/projects/fs.gg.governance/.worktrees/item-366-fsharp-surface-governance/tests/fs.gg.governance.designchecks.tests/bin/debug/net10.0/fs.gg.governance.designchecks.tests.dll" id="e037c5f9-a73d-5932-f5be-15dc77be64c9">
      <Execution id="d20c11e2-450f-47b2-aa78-b1780df3b41f" />
      <TestMethod codeBase="/home/developer/projects/FS.GG.Governance/.worktrees/item-366-fsharp-surface-governance/tests/FS.GG.Governance.DesignChecks.Tests/bin/Debug/net10.0/FS.GG.Governance.DesignChecks.Tests.dll" adapterTypeName="executor://yolodev/expecto" className="FSharpSurface.evaluate" name="versioned receipt is deterministic and malformed project input fails closed" />
    </UnitTest>
    <UnitTest name="FSharpSurface.evaluate.paired signatures report order, docs, source mismatch, and applicable baseline independently" storage="/home/developer/projects/fs.gg.governance/.worktrees/item-366-fsharp-surface-governance/tests/fs.gg.governance.designchecks.tests/bin/debug/net10.0/fs.gg.governance.designchecks.tests.dll" id="f60aba49-fee8-b749-3219-1495dccc73bb">
      <Execution id="e970be63-bf12-4430-9d41-686caf4a5756" />
      <TestMethod codeBase="/home/developer/projects/FS.GG.Governance/.worktrees/item-366-fsharp-surface-governance/tests/FS.GG.Governance.DesignChecks.Tests/bin/Debug/net10.0/FS.GG.Governance.DesignChecks.Tests.dll" adapterTypeName="executor://yolodev/expecto" className="FSharpSurface.evaluate" name="paired signatures report order, docs, source mismatch, and applicable baseline independently" />
    </UnitTest>
    <UnitTest name="DesignChecks.evaluate.all resolve + contrast meets ⇒ zero findings" storage="/home/developer/projects/fs.gg.governance/.worktrees/item-366-fsharp-surface-governance/tests/fs.gg.governance.designchecks.tests/bin/debug/net10.0/fs.gg.governance.designchecks.tests.dll" id="6a32c112-aaaf-ab6b-367d-264fe8e3da55">
      <Execution id="ab7f470c-3183-4c5b-a307-adfffb13579c" />
      <TestMethod codeBase="/home/developer/projects/FS.GG.Governance/.worktrees/item-366-fsharp-surface-governance/tests/FS.GG.Governance.DesignChecks.Tests/bin/Debug/net10.0/FS.GG.Governance.DesignChecks.Tests.dll" adapterTypeName="executor://yolodev/expecto" className="DesignChecks.evaluate" name="all resolve + contrast meets ⇒ zero findings" />
    </UnitTest>
    <UnitTest name="DesignChecks.sensor.absent catalog ⇒ recorded in CatalogUnavailable, never a fabricated pass (FR-012)" storage="/home/developer/projects/fs.gg.governance/.worktrees/item-366-fsharp-surface-governance/tests/fs.gg.governance.designchecks.tests/bin/debug/net10.0/fs.gg.governance.designchecks.tests.dll" id="33868b10-85d5-c18f-2f4e-4fef1ead8465">
      <Execution id="c1645198-e42c-477d-8248-ea38880c6261" />
      <TestMethod codeBase="/home/developer/projects/FS.GG.Governance/.worktrees/item-366-fsharp-surface-governance/tests/FS.GG.Governance.DesignChecks.Tests/bin/Debug/net10.0/FS.GG.Governance.DesignChecks.Tests.dll" adapterTypeName="executor://yolodev/expecto" className="DesignChecks.sensor" name="absent catalog ⇒ recorded in CatalogUnavailable, never a fabricated pass (FR-012)" />
    </UnitTest>
    <UnitTest name="DesignChecks.sensor.senseDesign resolves referenced entries + every contrast pair against the real catalogs" storage="/home/developer/projects/fs.gg.governance/.worktrees/item-366-fsharp-surface-governance/tests/fs.gg.governance.designchecks.tests/bin/debug/net10.0/fs.gg.governance.designchecks.tests.dll" id="120b4ad8-f199-039f-6297-035886abddfa">
      <Execution id="ac8def8f-e68f-43b3-b569-4892da44d8b7" />
      <TestMethod codeBase="/home/developer/projects/FS.GG.Governance/.worktrees/item-366-fsharp-surface-governance/tests/FS.GG.Governance.DesignChecks.Tests/bin/Debug/net10.0/FS.GG.Governance.DesignChecks.Tests.dll" adapterTypeName="executor://yolodev/expecto" className="DesignChecks.sensor" name="senseDesign resolves referenced entries + every contrast pair against the real catalogs" />
    </UnitTest>
    <UnitTest name="DesignChecks.evaluate.sub-threshold contrast ⇒ Blocking design.contrast reporting ratio vs threshold" storage="/home/developer/projects/fs.gg.governance/.worktrees/item-366-fsharp-surface-governance/tests/fs.gg.governance.designchecks.tests/bin/debug/net10.0/fs.gg.governance.designchecks.tests.dll" id="a58f9fa1-bb01-0415-f2af-7403e2a9e1cd">
      <Execution id="5d3f95b8-f33d-4cb2-8a09-091162234d19" />
      <TestMethod codeBase="/home/developer/projects/FS.GG.Governance/.worktrees/item-366-fsharp-surface-governance/tests/FS.GG.Governance.DesignChecks.Tests/bin/Debug/net10.0/FS.GG.Governance.DesignChecks.Tests.dll" adapterTypeName="executor://yolodev/expecto" className="DesignChecks.evaluate.sub-threshold contrast ⇒ Blocking design" name="contrast reporting ratio vs threshold" />
    </UnitTest>
    <UnitTest name="FSharpSurface.evaluate.Rogue3-shaped many implementations and zero signatures reports applicable zero matches" storage="/home/developer/projects/fs.gg.governance/.worktrees/item-366-fsharp-surface-governance/tests/fs.gg.governance.designchecks.tests/bin/debug/net10.0/fs.gg.governance.designchecks.tests.dll" id="c52eb8c0-d6d2-66d1-2420-8d01f639b800">
      <Execution id="fdd8fccd-f287-4c4b-b0d2-1629def45e8d" />
      <TestMethod codeBase="/home/developer/projects/FS.GG.Governance/.worktrees/item-366-fsharp-surface-governance/tests/FS.GG.Governance.DesignChecks.Tests/bin/Debug/net10.0/FS.GG.Governance.DesignChecks.Tests.dll" adapterTypeName="executor://yolodev/expecto" className="FSharpSurface.evaluate" name="Rogue3-shaped many implementations and zero signatures reports applicable zero matches" />
    </UnitTest>
    <UnitTest name="FSharpSurface.evaluate.compiler validates a signature in its real earlier-source project context" storage="/home/developer/projects/fs.gg.governance/.worktrees/item-366-fsharp-surface-governance/tests/fs.gg.governance.designchecks.tests/bin/debug/net10.0/fs.gg.governance.designchecks.tests.dll" id="059544cd-7893-0d91-8f34-544b70374f48">
      <Execution id="9aa40222-1591-43d5-ac37-4df32667155e" />
      <TestMethod codeBase="/home/developer/projects/FS.GG.Governance/.worktrees/item-366-fsharp-surface-governance/tests/FS.GG.Governance.DesignChecks.Tests/bin/Debug/net10.0/FS.GG.Governance.DesignChecks.Tests.dll" adapterTypeName="executor://yolodev/expecto" className="FSharpSurface.evaluate" name="compiler validates a signature in its real earlier-source project context" />
    </UnitTest>
    <UnitTest name="FSharpSurface.evaluate.expired live exemption fails closed" storage="/home/developer/projects/fs.gg.governance/.worktrees/item-366-fsharp-surface-governance/tests/fs.gg.governance.designchecks.tests/bin/debug/net10.0/fs.gg.governance.designchecks.tests.dll" id="bc488ea9-0412-16ba-b982-67cc452944de">
      <Execution id="9bf7fa50-f3b1-488d-a8cb-b3bb8389cdad" />
      <TestMethod codeBase="/home/developer/projects/FS.GG.Governance/.worktrees/item-366-fsharp-surface-governance/tests/FS.GG.Governance.DesignChecks.Tests/bin/Debug/net10.0/FS.GG.Governance.DesignChecks.Tests.dll" adapterTypeName="executor://yolodev/expecto" className="FSharpSurface.evaluate" name="expired live exemption fails closed" />
    </UnitTest>
    <UnitTest name="DesignChecks.evaluate.absent token/capture/control ⇒ Blocking design.&lt;kind&gt; naming the entry" storage="/home/developer/projects/fs.gg.governance/.worktrees/item-366-fsharp-surface-governance/tests/fs.gg.governance.designchecks.tests/bin/debug/net10.0/fs.gg.governance.designchecks.tests.dll" id="12ea56be-eff6-5d5f-cf24-a28e540de6b3">
      <Execution id="0ba55d8b-0a77-498e-b536-611e6c885135" />
      <TestMethod codeBase="/home/developer/projects/FS.GG.Governance/.worktrees/item-366-fsharp-surface-governance/tests/FS.GG.Governance.DesignChecks.Tests/bin/Debug/net10.0/FS.GG.Governance.DesignChecks.Tests.dll" adapterTypeName="executor://yolodev/expecto" className="DesignChecks.evaluate.absent token/capture/control ⇒ Blocking design" name="&lt;kind&gt; naming the entry" />
    </UnitTest>
    <UnitTest name="SurfaceDrift.DesignChecks public surface equals the committed baseline" storage="/home/developer/projects/fs.gg.governance/.worktrees/item-366-fsharp-surface-governance/tests/fs.gg.governance.designchecks.tests/bin/debug/net10.0/fs.gg.governance.designchecks.tests.dll" id="abe00f63-8372-055c-4c16-be5eba82657b">
      <Execution id="f287db48-9def-4aec-b719-6a2ec6f643dc" />
      <TestMethod codeBase="/home/developer/projects/FS.GG.Governance/.worktrees/item-366-fsharp-surface-governance/tests/FS.GG.Governance.DesignChecks.Tests/bin/Debug/net10.0/FS.GG.Governance.DesignChecks.Tests.dll" adapterTypeName="executor://yolodev/expecto" className="SurfaceDrift" name="DesignChecks public surface equals the committed baseline" />
    </UnitTest>
    <UnitTest name="FSharpSurface.evaluate.Rogue3-shaped executable module without a signature produces an advisory migration finding" storage="/home/developer/projects/fs.gg.governance/.worktrees/item-366-fsharp-surface-governance/tests/fs.gg.governance.designchecks.tests/bin/debug/net10.0/fs.gg.governance.designchecks.tests.dll" id="c5739d3a-5f6e-1993-55ed-6e6eae39484e">
      <Execution id="7752c7f5-f615-4273-8025-9d7f6836b214" />
      <TestMethod codeBase="/home/developer/projects/FS.GG.Governance/.worktrees/item-366-fsharp-surface-governance/tests/FS.GG.Governance.DesignChecks.Tests/bin/Debug/net10.0/FS.GG.Governance.DesignChecks.Tests.dll" adapterTypeName="executor://yolodev/expecto" className="FSharpSurface.evaluate" name="Rogue3-shaped executable module without a signature produces an advisory migration finding" />
    </UnitTest>
    <UnitTest name="DesignChecks.sensor.a THROWING catalog port degrades to CatalogUnavailable, never escapes senseDesign (#56/B13)" storage="/home/developer/projects/fs.gg.governance/.worktrees/item-366-fsharp-surface-governance/tests/fs.gg.governance.designchecks.tests/bin/debug/net10.0/fs.gg.governance.designchecks.tests.dll" id="7f8ca683-3117-37b8-0053-c887197c0653">
      <Execution id="c49481ae-1fab-4ac6-8ed6-7ac8bcb6b94d" />
      <TestMethod codeBase="/home/developer/projects/FS.GG.Governance/.worktrees/item-366-fsharp-surface-governance/tests/FS.GG.Governance.DesignChecks.Tests/bin/Debug/net10.0/FS.GG.Governance.DesignChecks.Tests.dll" adapterTypeName="executor://yolodev/expecto" className="DesignChecks.sensor" name="a THROWING catalog port degrades to CatalogUnavailable, never escapes senseDesign (#56/B13)" />
    </UnitTest>
    <UnitTest name="FSharpSurface.evaluate.internal modules, entry points, generated sources, and complete exemptions do not need a signature" storage="/home/developer/projects/fs.gg.governance/.worktrees/item-366-fsharp-surface-governance/tests/fs.gg.governance.designchecks.tests/bin/debug/net10.0/fs.gg.governance.designchecks.tests.dll" id="209b92ae-fb3c-8c36-ac38-5c22aae1fa42">
      <Execution id="68f62ffb-6921-4ed8-973d-ac84a5bb090e" />
      <TestMethod codeBase="/home/developer/projects/FS.GG.Governance/.worktrees/item-366-fsharp-surface-governance/tests/FS.GG.Governance.DesignChecks.Tests/bin/Debug/net10.0/FS.GG.Governance.DesignChecks.Tests.dll" adapterTypeName="executor://yolodev/expecto" className="FSharpSurface.evaluate" name="internal modules, entry points, generated sources, and complete exemptions do not need a signature" />
    </UnitTest>
    <UnitTest name="FSharpSurface.evaluate.configured glob selects repo-relative compiled signatures for zero one and many cardinality" storage="/home/developer/projects/fs.gg.governance/.worktrees/item-366-fsharp-surface-governance/tests/fs.gg.governance.designchecks.tests/bin/debug/net10.0/fs.gg.governance.designchecks.tests.dll" id="719d28cd-2c07-0065-46a9-1c55b0f887ac">
      <Execution id="8b1e487f-44ab-4ab6-b860-d2ce3165d196" />
      <TestMethod codeBase="/home/developer/projects/FS.GG.Governance/.worktrees/item-366-fsharp-surface-governance/tests/FS.GG.Governance.DesignChecks.Tests/bin/Debug/net10.0/FS.GG.Governance.DesignChecks.Tests.dll" adapterTypeName="executor://yolodev/expecto" className="FSharpSurface.evaluate" name="configured glob selects repo-relative compiled signatures for zero one and many cardinality" />
    </UnitTest>
    <UnitTest name="FSharpSurface.evaluate.root signature does not satisfy a src-only declared glob" storage="/home/developer/projects/fs.gg.governance/.worktrees/item-366-fsharp-surface-governance/tests/fs.gg.governance.designchecks.tests/bin/debug/net10.0/fs.gg.governance.designchecks.tests.dll" id="b0f95b99-7241-cf99-e63b-0d3f5f50436e">
      <Execution id="4ef127d0-8e3a-49a7-bf59-8de2c6457f86" />
      <TestMethod codeBase="/home/developer/projects/FS.GG.Governance/.worktrees/item-366-fsharp-surface-governance/tests/FS.GG.Governance.DesignChecks.Tests/bin/Debug/net10.0/FS.GG.Governance.DesignChecks.Tests.dll" adapterTypeName="executor://yolodev/expecto" className="FSharpSurface.evaluate" name="root signature does not satisfy a src-only declared glob" />
    </UnitTest>
    <UnitTest name="FSharpSurface.evaluate.receipt distinguishes zero and many matched modules deterministically" storage="/home/developer/projects/fs.gg.governance/.worktrees/item-366-fsharp-surface-governance/tests/fs.gg.governance.designchecks.tests/bin/debug/net10.0/fs.gg.governance.designchecks.tests.dll" id="f91d09bf-09a6-ef17-e759-9eb95c39e5a5">
      <Execution id="359e6a16-3e26-4b94-a1c6-6a47c549f495" />
      <TestMethod codeBase="/home/developer/projects/FS.GG.Governance/.worktrees/item-366-fsharp-surface-governance/tests/FS.GG.Governance.DesignChecks.Tests/bin/Debug/net10.0/FS.GG.Governance.DesignChecks.Tests.dll" adapterTypeName="executor://yolodev/expecto" className="FSharpSurface.evaluate" name="receipt distinguishes zero and many matched modules deterministically" />
    </UnitTest>
    <UnitTest name="DesignChecks.determinism.repeated evaluate over identical facts ⇒ byte-identical" storage="/home/developer/projects/fs.gg.governance/.worktrees/item-366-fsharp-surface-governance/tests/fs.gg.governance.designchecks.tests/bin/debug/net10.0/fs.gg.governance.designchecks.tests.dll" id="3eeba9e4-3262-45bb-8e22-26aa66f56506">
      <Execution id="433a35d5-4f21-4a4a-9227-7694533517b5" />
      <TestMethod codeBase="/home/developer/projects/FS.GG.Governance/.worktrees/item-366-fsharp-surface-governance/tests/FS.GG.Governance.DesignChecks.Tests/bin/Debug/net10.0/FS.GG.Governance.DesignChecks.Tests.dll" adapterTypeName="executor://yolodev/expecto" className="DesignChecks.determinism" name="repeated evaluate over identical facts ⇒ byte-identical" />
    </UnitTest>
    <UnitTest name="DesignChecks.renderFence.no Skia/rendering/UI/registry symbol is referenced (SC-004)" storage="/home/developer/projects/fs.gg.governance/.worktrees/item-366-fsharp-surface-governance/tests/fs.gg.governance.designchecks.tests/bin/debug/net10.0/fs.gg.governance.designchecks.tests.dll" id="3a9867b3-328c-7288-54d3-8e866a5a197f">
      <Execution id="bea12d3b-5d47-4ef4-bf4f-bd37cc454c57" />
      <TestMethod codeBase="/home/developer/projects/FS.GG.Governance/.worktrees/item-366-fsharp-surface-governance/tests/FS.GG.Governance.DesignChecks.Tests/bin/Debug/net10.0/FS.GG.Governance.DesignChecks.Tests.dll" adapterTypeName="executor://yolodev/expecto" className="DesignChecks.renderFence" name="no Skia/rendering/UI/registry symbol is referenced (SC-004)" />
    </UnitTest>
    <UnitTest name="DesignChecks.renderFence.references only FS.GG.Governance.*/BCL/FSharp.Core (no rendering/UI/registry/network)" storage="/home/developer/projects/fs.gg.governance/.worktrees/item-366-fsharp-surface-governance/tests/fs.gg.governance.designchecks.tests/bin/debug/net10.0/fs.gg.governance.designchecks.tests.dll" id="112fd1ae-152a-5f49-2063-6d92ff7d569f">
      <Execution id="ded82e0a-369c-4541-bbf6-a807aa17cf1f" />
      <TestMethod codeBase="/home/developer/projects/FS.GG.Governance/.worktrees/item-366-fsharp-surface-governance/tests/FS.GG.Governance.DesignChecks.Tests/bin/Debug/net10.0/FS.GG.Governance.DesignChecks.Tests.dll" adapterTypeName="executor://yolodev/expecto" className="DesignChecks.renderFence.references only FS.GG.Governance.*/BCL/FSharp" name="Core (no rendering/UI/registry/network)" />
    </UnitTest>
    <UnitTest name="FSharpSurface.evaluate.project sensor reads documented signatures and fail-closes missing compiled source" storage="/home/developer/projects/fs.gg.governance/.worktrees/item-366-fsharp-surface-governance/tests/fs.gg.governance.designchecks.tests/bin/debug/net10.0/fs.gg.governance.designchecks.tests.dll" id="b13be357-8e11-fd32-24bf-249430bbcfe5">
      <Execution id="9e771440-262c-477f-b453-d850011b777d" />
      <TestMethod codeBase="/home/developer/projects/FS.GG.Governance/.worktrees/item-366-fsharp-surface-governance/tests/FS.GG.Governance.DesignChecks.Tests/bin/Debug/net10.0/FS.GG.Governance.DesignChecks.Tests.dll" adapterTypeName="executor://yolodev/expecto" className="FSharpSurface.evaluate" name="project sensor reads documented signatures and fail-closes missing compiled source" />
    </UnitTest>
    <UnitTest name="FSharpSurface.evaluate.compiler rejects an adjacent same-name declaration with an incompatible type" storage="/home/developer/projects/fs.gg.governance/.worktrees/item-366-fsharp-surface-governance/tests/fs.gg.governance.designchecks.tests/bin/debug/net10.0/fs.gg.governance.designchecks.tests.dll" id="8882c7a1-1ac2-66e0-a4db-df0c8b10f412">
      <Execution id="15981874-0077-4d1a-8b86-68252d567cc4" />
      <TestMethod codeBase="/home/developer/projects/FS.GG.Governance/.worktrees/item-366-fsharp-surface-governance/tests/FS.GG.Governance.DesignChecks.Tests/bin/Debug/net10.0/FS.GG.Governance.DesignChecks.Tests.dll" adapterTypeName="executor://yolodev/expecto" className="FSharpSurface.evaluate" name="compiler rejects an adjacent same-name declaration with an incompatible type" />
    </UnitTest>
    <UnitTest name="FSharpSurface.evaluate.compiler validates a signature with the real project-reference context" storage="/home/developer/projects/fs.gg.governance/.worktrees/item-366-fsharp-surface-governance/tests/fs.gg.governance.designchecks.tests/bin/debug/net10.0/fs.gg.governance.designchecks.tests.dll" id="668d6466-19ec-c6fa-b562-627afc835c44">
      <Execution id="9403d96b-0ae2-41cd-9d72-dc37c80f192a" />
      <TestMethod codeBase="/home/developer/projects/FS.GG.Governance/.worktrees/item-366-fsharp-surface-governance/tests/FS.GG.Governance.DesignChecks.Tests/bin/Debug/net10.0/FS.GG.Governance.DesignChecks.Tests.dll" adapterTypeName="executor://yolodev/expecto" className="FSharpSurface.evaluate" name="compiler validates a signature with the real project-reference context" />
    </UnitTest>
    <UnitTest name="DesignChecks.evaluate.catalog unavailable ⇒ IsInputState design.catalog-unavailable naming the catalog" storage="/home/developer/projects/fs.gg.governance/.worktrees/item-366-fsharp-surface-governance/tests/fs.gg.governance.designchecks.tests/bin/debug/net10.0/fs.gg.governance.designchecks.tests.dll" id="d9b6e161-4d89-b399-c04f-55672bc73cb7">
      <Execution id="45c98634-3047-440b-8a82-15f96691b3fc" />
      <TestMethod codeBase="/home/developer/projects/FS.GG.Governance/.worktrees/item-366-fsharp-surface-governance/tests/FS.GG.Governance.DesignChecks.Tests/bin/Debug/net10.0/FS.GG.Governance.DesignChecks.Tests.dll" adapterTypeName="executor://yolodev/expecto" className="DesignChecks.evaluate.catalog unavailable ⇒ IsInputState design" name="catalog-unavailable naming the catalog" />
    </UnitTest>
    <UnitTest name="FSharpSurface.evaluate.test-project modules are excluded" storage="/home/developer/projects/fs.gg.governance/.worktrees/item-366-fsharp-surface-governance/tests/fs.gg.governance.designchecks.tests/bin/debug/net10.0/fs.gg.governance.designchecks.tests.dll" id="671d34c9-ddc4-4523-5df7-fc7a63b38e87">
      <Execution id="74651ccb-c030-451b-a620-297f96a21f43" />
      <TestMethod codeBase="/home/developer/projects/FS.GG.Governance/.worktrees/item-366-fsharp-surface-governance/tests/FS.GG.Governance.DesignChecks.Tests/bin/Debug/net10.0/FS.GG.Governance.DesignChecks.Tests.dll" adapterTypeName="executor://yolodev/expecto" className="FSharpSurface.evaluate" name="test-project modules are excluded" />
    </UnitTest>
    <UnitTest name="FSharpSurface.evaluate.project sensor detects an adjacent signature declaration absent from implementation" storage="/home/developer/projects/fs.gg.governance/.worktrees/item-366-fsharp-surface-governance/tests/fs.gg.governance.designchecks.tests/bin/debug/net10.0/fs.gg.governance.designchecks.tests.dll" id="fcf65e77-498c-3726-4f0e-45a5f5e5bb3d">
      <Execution id="8a203303-1d35-4c7d-9cd8-875c57fdc9cf" />
      <TestMethod codeBase="/home/developer/projects/FS.GG.Governance/.worktrees/item-366-fsharp-surface-governance/tests/FS.GG.Governance.DesignChecks.Tests/bin/Debug/net10.0/FS.GG.Governance.DesignChecks.Tests.dll" adapterTypeName="executor://yolodev/expecto" className="FSharpSurface.evaluate" name="project sensor detects an adjacent signature declaration absent from implementation" />
    </UnitTest>
  </TestDefinitions>
  <TestEntries>
    <TestEntry testId="12ea56be-eff6-5d5f-cf24-a28e540de6b3" executionId="0ba55d8b-0a77-498e-b536-611e6c885135" testListId="8c84fa94-04c1-424b-9868-57a2d4851a1d" />
    <TestEntry testId="6a32c112-aaaf-ab6b-367d-264fe8e3da55" executionId="ab7f470c-3183-4c5b-a307-adfffb13579c" testListId="8c84fa94-04c1-424b-9868-57a2d4851a1d" />
    <TestEntry testId="fcf65e77-498c-3726-4f0e-45a5f5e5bb3d" executionId="8a203303-1d35-4c7d-9cd8-875c57fdc9cf" testListId="8c84fa94-04c1-424b-9868-57a2d4851a1d" />
    <TestEntry testId="671d34c9-ddc4-4523-5df7-fc7a63b38e87" executionId="74651ccb-c030-451b-a620-297f96a21f43" testListId="8c84fa94-04c1-424b-9868-57a2d4851a1d" />
    <TestEntry testId="c52eb8c0-d6d2-66d1-2420-8d01f639b800" executionId="fdd8fccd-f287-4c4b-b0d2-1629def45e8d" testListId="8c84fa94-04c1-424b-9868-57a2d4851a1d" />
    <TestEntry testId="c5739d3a-5f6e-1993-55ed-6e6eae39484e" executionId="7752c7f5-f615-4273-8025-9d7f6836b214" testListId="8c84fa94-04c1-424b-9868-57a2d4851a1d" />
    <TestEntry testId="a58f9fa1-bb01-0415-f2af-7403e2a9e1cd" executionId="5d3f95b8-f33d-4cb2-8a09-091162234d19" testListId="8c84fa94-04c1-424b-9868-57a2d4851a1d" />
    <TestEntry testId="719d28cd-2c07-0065-46a9-1c55b0f887ac" executionId="8b1e487f-44ab-4ab6-b860-d2ce3165d196" testListId="8c84fa94-04c1-424b-9868-57a2d4851a1d" />
    <TestEntry testId="bc488ea9-0412-16ba-b982-67cc452944de" executionId="9bf7fa50-f3b1-488d-a8cb-b3bb8389cdad" testListId="8c84fa94-04c1-424b-9868-57a2d4851a1d" />
    <TestEntry testId="b13be357-8e11-fd32-24bf-249430bbcfe5" executionId="9e771440-262c-477f-b453-d850011b777d" testListId="8c84fa94-04c1-424b-9868-57a2d4851a1d" />
    <TestEntry testId="e037c5f9-a73d-5932-f5be-15dc77be64c9" executionId="d20c11e2-450f-47b2-aa78-b1780df3b41f" testListId="8c84fa94-04c1-424b-9868-57a2d4851a1d" />
    <TestEntry testId="8882c7a1-1ac2-66e0-a4db-df0c8b10f412" executionId="15981874-0077-4d1a-8b86-68252d567cc4" testListId="8c84fa94-04c1-424b-9868-57a2d4851a1d" />
    <TestEntry testId="120b4ad8-f199-039f-6297-035886abddfa" executionId="ac8def8f-e68f-43b3-b569-4892da44d8b7" testListId="8c84fa94-04c1-424b-9868-57a2d4851a1d" />
    <TestEntry testId="0f3cdbfb-cb70-987b-4a91-a282bfb0504e" executionId="63a40bd1-3b1c-4574-9875-261a1f556814" testListId="8c84fa94-04c1-424b-9868-57a2d4851a1d" />
    <TestEntry testId="33ab955e-710a-bc46-1ede-fa70d8e82269" executionId="2aa14fc3-7808-421f-8e33-15a8f1cd8ae0" testListId="8c84fa94-04c1-424b-9868-57a2d4851a1d" />
    <TestEntry testId="33868b10-85d5-c18f-2f4e-4fef1ead8465" executionId="c1645198-e42c-477d-8248-ea38880c6261" testListId="8c84fa94-04c1-424b-9868-57a2d4851a1d" />
    <TestEntry testId="d9b6e161-4d89-b399-c04f-55672bc73cb7" executionId="45c98634-3047-440b-8a82-15f96691b3fc" testListId="8c84fa94-04c1-424b-9868-57a2d4851a1d" />
    <TestEntry testId="3a9867b3-328c-7288-54d3-8e866a5a197f" executionId="bea12d3b-5d47-4ef4-bf4f-bd37cc454c57" testListId="8c84fa94-04c1-424b-9868-57a2d4851a1d" />
    <TestEntry testId="abe00f63-8372-055c-4c16-be5eba82657b" executionId="f287db48-9def-4aec-b719-6a2ec6f643dc" testListId="8c84fa94-04c1-424b-9868-57a2d4851a1d" />
    <TestEntry testId="209b92ae-fb3c-8c36-ac38-5c22aae1fa42" executionId="68f62ffb-6921-4ed8-973d-ac84a5bb090e" testListId="8c84fa94-04c1-424b-9868-57a2d4851a1d" />
    <TestEntry testId="3eeba9e4-3262-45bb-8e22-26aa66f56506" executionId="433a35d5-4f21-4a4a-9227-7694533517b5" testListId="8c84fa94-04c1-424b-9868-57a2d4851a1d" />
    <TestEntry testId="b0f95b99-7241-cf99-e63b-0d3f5f50436e" executionId="4ef127d0-8e3a-49a7-bf59-8de2c6457f86" testListId="8c84fa94-04c1-424b-9868-57a2d4851a1d" />
    <TestEntry testId="059544cd-7893-0d91-8f34-544b70374f48" executionId="9aa40222-1591-43d5-ac37-4df32667155e" testListId="8c84fa94-04c1-424b-9868-57a2d4851a1d" />
    <TestEntry testId="f91d09bf-09a6-ef17-e759-9eb95c39e5a5" executionId="359e6a16-3e26-4b94-a1c6-6a47c549f495" testListId="8c84fa94-04c1-424b-9868-57a2d4851a1d" />
    <TestEntry testId="7f8ca683-3117-37b8-0053-c887197c0653" executionId="c49481ae-1fab-4ac6-8ed6-7ac8bcb6b94d" testListId="8c84fa94-04c1-424b-9868-57a2d4851a1d" />
    <TestEntry testId="668d6466-19ec-c6fa-b562-627afc835c44" executionId="9403d96b-0ae2-41cd-9d72-dc37c80f192a" testListId="8c84fa94-04c1-424b-9868-57a2d4851a1d" />
    <TestEntry testId="7b5d8a88-fddd-075e-5b9b-8b28e7443fa4" executionId="e55fb656-131c-450a-a507-411c686e3cba" testListId="8c84fa94-04c1-424b-9868-57a2d4851a1d" />
    <TestEntry testId="112fd1ae-152a-5f49-2063-6d92ff7d569f" executionId="ded82e0a-369c-4541-bbf6-a807aa17cf1f" testListId="8c84fa94-04c1-424b-9868-57a2d4851a1d" />
    <TestEntry testId="f60aba49-fee8-b749-3219-1495dccc73bb" executionId="e970be63-bf12-4430-9d41-686caf4a5756" testListId="8c84fa94-04c1-424b-9868-57a2d4851a1d" />
  </TestEntries>
  <TestLists>
    <TestList name="Results Not in a List" id="8c84fa94-04c1-424b-9868-57a2d4851a1d" />
    <TestList name="All Loaded Results" id="19431567-8539-422a-85d7-44ee4e166bda" />
  </TestLists>
  <ResultSummary outcome="Completed">
    <Counters total="29" executed="29" passed="29" failed="0" error="0" timeout="0" aborted="0" inconclusive="0" passedButRunAborted="0" notRunnable="0" notExecuted="0" disconnected="0" warning="0" completed="0" inProgress="0" pending="0" />
  </ResultSummary>
</TestRun>