<?xml version="1.0" encoding="utf-8"?>
<TestRun id="b55143ab-6129-4e48-b9fa-371d3fcdee88" name="@0bc8bbef51b6 2026-08-03 01:44:03" xmlns="http://microsoft.com/schemas/VisualStudio/TeamTest/2010">
  <Times creation="2026-08-03T01:44:03.4859540+02:00" queuing="2026-08-03T01:44:03.4859541+02:00" start="2026-08-03T01:43:52.1664404+02:00" finish="2026-08-03T01:44:03.4889360+02:00" />
  <TestSettings name="default" id="4ddfb51f-573c-41bd-b7df-9bbf8593f3e9">
    <Deployment runDeploymentRoot="_0bc8bbef51b6_2026-08-03_01_44_03" />
  </TestSettings>
  <Results>
    <UnitTestResult executionId="0668e2bf-457e-4faf-b1ab-24f77a9dbc7c" testId="273d355b-8999-b5ff-8814-c54196a80d37" testName="FSharpSurfaceCommand.production command persists deterministic configured-policy receipts across zero, populated, non-applicable, internal, and malformed fixtures" computerName="0bc8bbef51b6" duration="00:00:11.0030000" startTime="2026-08-03T01:43:52.4335013+02:00" endTime="2026-08-03T01:44:03.4427091+02:00" testType="13cdc9d9-ddb5-4fa4-a97d-d965ccfc6d4b" outcome="Passed" testListId="8c84fa94-04c1-424b-9868-57a2d4851a1d" relativeResultsDirectory="0668e2bf-457e-4faf-b1ab-24f77a9dbc7c" />
  </Results>
  <TestDefinitions>
    <UnitTest name="FSharpSurfaceCommand.production command persists deterministic configured-policy receipts across zero, populated, non-applicable, internal, and malformed fixtures" storage="/home/developer/projects/fs.gg.governance-375/tests/fs.gg.governance.designchecks.tests/bin/debug/net10.0/fs.gg.governance.designchecks.tests.dll" id="273d355b-8999-b5ff-8814-c54196a80d37">
      <Execution id="0668e2bf-457e-4faf-b1ab-24f77a9dbc7c" />
      <TestMethod codeBase="/home/developer/projects/FS.GG.Governance-375/tests/FS.GG.Governance.DesignChecks.Tests/bin/Debug/net10.0/FS.GG.Governance.DesignChecks.Tests.dll" adapterTypeName="executor://yolodev/expecto" className="FSharpSurfaceCommand" name="production command persists deterministic configured-policy receipts across zero, populated, non-applicable, internal, and malformed fixtures" />
    </UnitTest>
  </TestDefinitions>
  <TestEntries>
    <TestEntry testId="273d355b-8999-b5ff-8814-c54196a80d37" executionId="0668e2bf-457e-4faf-b1ab-24f77a9dbc7c" testListId="8c84fa94-04c1-424b-9868-57a2d4851a1d" />
  </TestEntries>
  <TestLists>
    <TestList name="Results Not in a List" id="8c84fa94-04c1-424b-9868-57a2d4851a1d" />
    <TestList name="All Loaded Results" id="19431567-8539-422a-85d7-44ee4e166bda" />
  </TestLists>
  <ResultSummary outcome="Completed">
    <Counters total="1" executed="1" passed="1" failed="0" error="0" timeout="0" aborted="0" inconclusive="0" passedButRunAborted="0" notRunnable="0" notExecuted="0" disconnected="0" warning="0" completed="0" inProgress="0" pending="0" />
  </ResultSummary>
</TestRun>