<?xml version="1.0" encoding="utf-8"?>
<TestRun id="a406cc15-db3f-483f-891b-5690e475b9a3" name="@0bc8bbef51b6 2026-08-02 22:01:54" xmlns="http://microsoft.com/schemas/VisualStudio/TeamTest/2010">
  <Times creation="2026-08-02T22:01:54.4106121+02:00" queuing="2026-08-02T22:01:54.4106121+02:00" start="2026-08-02T22:01:54.1011887+02:00" finish="2026-08-02T22:01:55.8816327+02:00" />
  <TestSettings name="default" id="3b29e608-c091-4394-844a-f038cfd58d4f">
    <Deployment runDeploymentRoot="_0bc8bbef51b6_2026-08-02_22_01_54" />
  </TestSettings>
  <Results>
    <UnitTestResult executionId="060c74e1-cec9-4216-bda1-dbe888a428a0" testId="33ab955e-710a-bc46-1ede-fa70d8e82269" testName="DesignChecks.determinism.reordering tokens leaves the sorted findings unchanged" computerName="0bc8bbef51b6" duration="00:00:00.0080000" startTime="2026-08-02T22:01:54.3803266+02:00" endTime="2026-08-02T22:01:54.3943515+02:00" testType="13cdc9d9-ddb5-4fa4-a97d-d965ccfc6d4b" outcome="Passed" testListId="8c84fa94-04c1-424b-9868-57a2d4851a1d" relativeResultsDirectory="060c74e1-cec9-4216-bda1-dbe888a428a0" />
    <UnitTestResult executionId="f6aad215-7ab4-4ce9-a3a2-8b3fce6a0b22" testId="bc488ea9-0412-16ba-b982-67cc452944de" testName="FSharpSurface.evaluate.expired live exemption fails closed" computerName="0bc8bbef51b6" duration="00:00:00.0140000" startTime="2026-08-02T22:01:54.3814460+02:00" endTime="2026-08-02T22:01:54.4030560+02:00" testType="13cdc9d9-ddb5-4fa4-a97d-d965ccfc6d4b" outcome="Passed" testListId="8c84fa94-04c1-424b-9868-57a2d4851a1d" relativeResultsDirectory="f6aad215-7ab4-4ce9-a3a2-8b3fce6a0b22" />
    <UnitTestResult executionId="e2b42245-c153-4a90-8cf7-d7bc269d1ebf" testId="12ea56be-eff6-5d5f-cf24-a28e540de6b3" testName="DesignChecks.evaluate.absent token/capture/control ⇒ Blocking design.&lt;kind&gt; naming the entry" computerName="0bc8bbef51b6" duration="00:00:00.0060000" startTime="2026-08-02T22:01:54.3885016+02:00" endTime="2026-08-02T22:01:54.3982830+02:00" testType="13cdc9d9-ddb5-4fa4-a97d-d965ccfc6d4b" outcome="Passed" testListId="8c84fa94-04c1-424b-9868-57a2d4851a1d" relativeResultsDirectory="e2b42245-c153-4a90-8cf7-d7bc269d1ebf" />
    <UnitTestResult executionId="64e84b66-4a89-4bf8-b3ad-e0be43e89724" testId="7f8ca683-3117-37b8-0053-c887197c0653" testName="DesignChecks.sensor.a THROWING catalog port degrades to CatalogUnavailable, never escapes senseDesign (#56/B13)" computerName="0bc8bbef51b6" duration="00:00:00.0080000" startTime="2026-08-02T22:01:54.3800843+02:00" endTime="2026-08-02T22:01:54.3942820+02:00" testType="13cdc9d9-ddb5-4fa4-a97d-d965ccfc6d4b" outcome="Passed" testListId="8c84fa94-04c1-424b-9868-57a2d4851a1d" relativeResultsDirectory="64e84b66-4a89-4bf8-b3ad-e0be43e89724" />
    <UnitTestResult executionId="0c6c4d42-0784-4e10-bf9e-c4a080d8a533" testId="a58f9fa1-bb01-0415-f2af-7403e2a9e1cd" testName="DesignChecks.evaluate.sub-threshold contrast ⇒ Blocking design.contrast reporting ratio vs threshold" computerName="0bc8bbef51b6" duration="00:00:00.0090000" startTime="2026-08-02T22:01:54.3902819+02:00" endTime="2026-08-02T22:01:54.3999908+02:00" testType="13cdc9d9-ddb5-4fa4-a97d-d965ccfc6d4b" outcome="Passed" testListId="8c84fa94-04c1-424b-9868-57a2d4851a1d" relativeResultsDirectory="0c6c4d42-0784-4e10-bf9e-c4a080d8a533" />
    <UnitTestResult executionId="45e0de09-f406-4b72-82d7-42dbb2c1517c" testId="3eeba9e4-3262-45bb-8e22-26aa66f56506" testName="DesignChecks.determinism.repeated evaluate over identical facts ⇒ byte-identical" computerName="0bc8bbef51b6" duration="00:00:00.0080000" startTime="2026-08-02T22:01:54.3802078+02:00" endTime="2026-08-02T22:01:54.3942784+02:00" testType="13cdc9d9-ddb5-4fa4-a97d-d965ccfc6d4b" outcome="Passed" testListId="8c84fa94-04c1-424b-9868-57a2d4851a1d" relativeResultsDirectory="45e0de09-f406-4b72-82d7-42dbb2c1517c" />
    <UnitTestResult executionId="eb4059fe-3aa4-4ede-80d1-2cb0702175dd" testId="33868b10-85d5-c18f-2f4e-4fef1ead8465" testName="DesignChecks.sensor.absent catalog ⇒ recorded in CatalogUnavailable, never a fabricated pass (FR-012)" computerName="0bc8bbef51b6" duration="00:00:00.0100000" startTime="2026-08-02T22:01:54.3800365+02:00" endTime="2026-08-02T22:01:54.3943157+02:00" testType="13cdc9d9-ddb5-4fa4-a97d-d965ccfc6d4b" outcome="Passed" testListId="8c84fa94-04c1-424b-9868-57a2d4851a1d" relativeResultsDirectory="eb4059fe-3aa4-4ede-80d1-2cb0702175dd" />
    <UnitTestResult executionId="c0cad250-c50a-4349-9bbe-2ca113bafcf6" testId="671d34c9-ddc4-4523-5df7-fc7a63b38e87" testName="FSharpSurface.evaluate.test-project modules are excluded" computerName="0bc8bbef51b6" duration="00:00:00.0010000" startTime="2026-08-02T22:01:54.3807661+02:00" endTime="2026-08-02T22:01:54.3960951+02:00" testType="13cdc9d9-ddb5-4fa4-a97d-d965ccfc6d4b" outcome="Passed" testListId="8c84fa94-04c1-424b-9868-57a2d4851a1d" relativeResultsDirectory="c0cad250-c50a-4349-9bbe-2ca113bafcf6" />
    <UnitTestResult executionId="caccc6ff-9a3f-430b-9f2d-ec1fb3b23321" testId="f91d09bf-09a6-ef17-e759-9eb95c39e5a5" testName="FSharpSurface.evaluate.receipt distinguishes zero and many matched modules deterministically" computerName="0bc8bbef51b6" duration="00:00:01.4480000" startTime="2026-08-02T22:01:54.3816680+02:00" endTime="2026-08-02T22:01:55.8372356+02:00" testType="13cdc9d9-ddb5-4fa4-a97d-d965ccfc6d4b" outcome="Passed" testListId="8c84fa94-04c1-424b-9868-57a2d4851a1d" relativeResultsDirectory="caccc6ff-9a3f-430b-9f2d-ec1fb3b23321" />
    <UnitTestResult executionId="053a6fe9-5977-41a0-b6b0-6685740d9d54" testId="c5739d3a-5f6e-1993-55ed-6e6eae39484e" testName="FSharpSurface.evaluate.Rogue3-shaped executable module without a signature produces an advisory migration finding" computerName="0bc8bbef51b6" duration="00:00:00.0160000" startTime="2026-08-02T22:01:54.3804201+02:00" endTime="2026-08-02T22:01:54.3999934+02:00" testType="13cdc9d9-ddb5-4fa4-a97d-d965ccfc6d4b" outcome="Passed" testListId="8c84fa94-04c1-424b-9868-57a2d4851a1d" relativeResultsDirectory="053a6fe9-5977-41a0-b6b0-6685740d9d54" />
    <UnitTestResult executionId="ed4f7e79-265d-41a2-91a5-19a7ee7d4b77" testId="209b92ae-fb3c-8c36-ac38-5c22aae1fa42" testName="FSharpSurface.evaluate.internal modules, entry points, generated sources, and complete exemptions do not need a signature" computerName="0bc8bbef51b6" duration="00:00:00.0010000" startTime="2026-08-02T22:01:54.3805426+02:00" endTime="2026-08-02T22:01:54.3943081+02:00" testType="13cdc9d9-ddb5-4fa4-a97d-d965ccfc6d4b" outcome="Passed" testListId="8c84fa94-04c1-424b-9868-57a2d4851a1d" relativeResultsDirectory="ed4f7e79-265d-41a2-91a5-19a7ee7d4b77" />
    <UnitTestResult executionId="8e3e36b9-36e9-4b95-aeb3-472809d93b97" testId="c52eb8c0-d6d2-66d1-2420-8d01f639b800" testName="FSharpSurface.evaluate.Rogue3-shaped many implementations and zero signatures reports applicable zero matches" computerName="0bc8bbef51b6" duration="00:00:00.0150000" startTime="2026-08-02T22:01:54.3817655+02:00" endTime="2026-08-02T22:01:54.4039441+02:00" testType="13cdc9d9-ddb5-4fa4-a97d-d965ccfc6d4b" outcome="Passed" testListId="8c84fa94-04c1-424b-9868-57a2d4851a1d" relativeResultsDirectory="8e3e36b9-36e9-4b95-aeb3-472809d93b97" />
    <UnitTestResult executionId="a3b655b0-de3b-45f4-b64f-26d898c42613" testId="7b5d8a88-fddd-075e-5b9b-8b28e7443fa4" testName="FSharpSurface.evaluate.live policy carries valid exemptions and stale applicable baselines" computerName="0bc8bbef51b6" duration="00:00:00.0150000" startTime="2026-08-02T22:01:54.3813270+02:00" endTime="2026-08-02T22:01:54.4037946+02:00" testType="13cdc9d9-ddb5-4fa4-a97d-d965ccfc6d4b" outcome="Passed" testListId="8c84fa94-04c1-424b-9868-57a2d4851a1d" relativeResultsDirectory="a3b655b0-de3b-45f4-b64f-26d898c42613" />
    <UnitTestResult executionId="f7894eab-8dbc-4f90-9af8-c1c70d24723e" testId="f60aba49-fee8-b749-3219-1495dccc73bb" testName="FSharpSurface.evaluate.paired signatures report order, docs, source mismatch, and applicable baseline independently" computerName="0bc8bbef51b6" duration="00:00:00.0020000" startTime="2026-08-02T22:01:54.3806606+02:00" endTime="2026-08-02T22:01:54.3942982+02:00" testType="13cdc9d9-ddb5-4fa4-a97d-d965ccfc6d4b" outcome="Passed" testListId="8c84fa94-04c1-424b-9868-57a2d4851a1d" relativeResultsDirectory="f7894eab-8dbc-4f90-9af8-c1c70d24723e" />
    <UnitTestResult executionId="e27b6647-22c4-4f1b-942b-dce7b238986e" testId="120b4ad8-f199-039f-6297-035886abddfa" testName="DesignChecks.sensor.senseDesign resolves referenced entries + every contrast pair against the real catalogs" computerName="0bc8bbef51b6" duration="00:00:00.0150000" startTime="2026-08-02T22:01:54.3800319+02:00" endTime="2026-08-02T22:01:54.3986716+02:00" testType="13cdc9d9-ddb5-4fa4-a97d-d965ccfc6d4b" outcome="Passed" testListId="8c84fa94-04c1-424b-9868-57a2d4851a1d" relativeResultsDirectory="e27b6647-22c4-4f1b-942b-dce7b238986e" />
    <UnitTestResult executionId="4d2390dd-2d5d-4cd2-9713-65274a9f3377" testId="0f3cdbfb-cb70-987b-4a91-a282bfb0504e" testName="FSharpSurface.evaluate.project sensor preserves Compile order and sees a Rogue3-shaped source as public by default" computerName="0bc8bbef51b6" duration="00:00:00.0150000" startTime="2026-08-02T22:01:54.3809095+02:00" endTime="2026-08-02T22:01:54.4036225+02:00" testType="13cdc9d9-ddb5-4fa4-a97d-d965ccfc6d4b" outcome="Passed" testListId="8c84fa94-04c1-424b-9868-57a2d4851a1d" relativeResultsDirectory="4d2390dd-2d5d-4cd2-9713-65274a9f3377" />
    <UnitTestResult executionId="37c1bbf7-8bd3-4368-907e-f4302cd060d6" testId="3a9867b3-328c-7288-54d3-8e866a5a197f" testName="DesignChecks.renderFence.no Skia/rendering/UI/registry symbol is referenced (SC-004)" computerName="0bc8bbef51b6" duration="00:00:00.0030000" startTime="2026-08-02T22:01:54.3800288+02:00" endTime="2026-08-02T22:01:54.3942921+02:00" testType="13cdc9d9-ddb5-4fa4-a97d-d965ccfc6d4b" outcome="Passed" testListId="8c84fa94-04c1-424b-9868-57a2d4851a1d" relativeResultsDirectory="37c1bbf7-8bd3-4368-907e-f4302cd060d6" />
    <UnitTestResult executionId="02906507-8310-40d6-a6e8-7a1d76a9f87a" testId="8882c7a1-1ac2-66e0-a4db-df0c8b10f412" testName="FSharpSurface.evaluate.compiler rejects an adjacent same-name declaration with an incompatible type" computerName="0bc8bbef51b6" duration="00:00:00.6770000" startTime="2026-08-02T22:01:54.3812340+02:00" endTime="2026-08-02T22:01:55.0657580+02:00" testType="13cdc9d9-ddb5-4fa4-a97d-d965ccfc6d4b" outcome="Passed" testListId="8c84fa94-04c1-424b-9868-57a2d4851a1d" relativeResultsDirectory="02906507-8310-40d6-a6e8-7a1d76a9f87a" />
    <UnitTestResult executionId="b1ff447b-9bd7-40e2-afce-a1de75384cd5" testId="d9b6e161-4d89-b399-c04f-55672bc73cb7" testName="DesignChecks.evaluate.catalog unavailable ⇒ IsInputState design.catalog-unavailable naming the catalog" computerName="0bc8bbef51b6" startTime="2026-08-02T22:01:54.4075508+02:00" endTime="2026-08-02T22:01:54.4078026+02:00" testType="13cdc9d9-ddb5-4fa4-a97d-d965ccfc6d4b" outcome="Passed" testListId="8c84fa94-04c1-424b-9868-57a2d4851a1d" relativeResultsDirectory="b1ff447b-9bd7-40e2-afce-a1de75384cd5" />
    <UnitTestResult executionId="d820c148-1ceb-473a-8c35-4509bf5ecfd7" testId="abe00f63-8372-055c-4c16-be5eba82657b" testName="SurfaceDrift.DesignChecks public surface equals the committed baseline" computerName="0bc8bbef51b6" duration="00:00:00.0260000" startTime="2026-08-02T22:01:54.3800270+02:00" endTime="2026-08-02T22:01:54.4096020+02:00" testType="13cdc9d9-ddb5-4fa4-a97d-d965ccfc6d4b" outcome="Passed" testListId="8c84fa94-04c1-424b-9868-57a2d4851a1d" relativeResultsDirectory="d820c148-1ceb-473a-8c35-4509bf5ecfd7" />
    <UnitTestResult executionId="a91003ad-700c-4808-9ce9-a9c0760e1059" testId="fcf65e77-498c-3726-4f0e-45a5f5e5bb3d" testName="FSharpSurface.evaluate.project sensor detects an adjacent signature declaration absent from implementation" computerName="0bc8bbef51b6" duration="00:00:00.0160000" startTime="2026-08-02T22:01:54.3811277+02:00" endTime="2026-08-02T22:01:54.4049573+02:00" testType="13cdc9d9-ddb5-4fa4-a97d-d965ccfc6d4b" outcome="Passed" testListId="8c84fa94-04c1-424b-9868-57a2d4851a1d" relativeResultsDirectory="a91003ad-700c-4808-9ce9-a9c0760e1059" />
    <UnitTestResult executionId="2c445edf-1755-4680-9bbe-516f3efc51ff" testId="b13be357-8e11-fd32-24bf-249430bbcfe5" testName="FSharpSurface.evaluate.project sensor reads documented signatures and fail-closes missing compiled source" computerName="0bc8bbef51b6" duration="00:00:00.8060000" startTime="2026-08-02T22:01:54.3810250+02:00" endTime="2026-08-02T22:01:55.1947904+02:00" testType="13cdc9d9-ddb5-4fa4-a97d-d965ccfc6d4b" outcome="Passed" testListId="8c84fa94-04c1-424b-9868-57a2d4851a1d" relativeResultsDirectory="2c445edf-1755-4680-9bbe-516f3efc51ff" />
    <UnitTestResult executionId="f06cd609-d5c9-4c86-a31e-b4e164e53b47" testId="e037c5f9-a73d-5932-f5be-15dc77be64c9" testName="FSharpSurface.evaluate.versioned receipt is deterministic and malformed project input fails closed" computerName="0bc8bbef51b6" duration="00:00:01.4370000" startTime="2026-08-02T22:01:54.3815779+02:00" endTime="2026-08-02T22:01:55.8259459+02:00" testType="13cdc9d9-ddb5-4fa4-a97d-d965ccfc6d4b" outcome="Passed" testListId="8c84fa94-04c1-424b-9868-57a2d4851a1d" relativeResultsDirectory="f06cd609-d5c9-4c86-a31e-b4e164e53b47" />
    <UnitTestResult executionId="525cb4ca-2176-44bb-bd03-8e142e9e084c" testId="6a32c112-aaaf-ab6b-367d-264fe8e3da55" testName="DesignChecks.evaluate.all resolve + contrast meets ⇒ zero findings" computerName="0bc8bbef51b6" duration="00:00:00.0010000" startTime="2026-08-02T22:01:54.3817729+02:00" endTime="2026-08-02T22:01:54.3982874+02:00" testType="13cdc9d9-ddb5-4fa4-a97d-d965ccfc6d4b" outcome="Passed" testListId="8c84fa94-04c1-424b-9868-57a2d4851a1d" relativeResultsDirectory="525cb4ca-2176-44bb-bd03-8e142e9e084c" />
    <UnitTestResult executionId="6ce99700-5706-413d-9bef-14add4a7e3f8" testId="112fd1ae-152a-5f49-2063-6d92ff7d569f" testName="DesignChecks.renderFence.references only FS.GG.Governance.*/BCL/FSharp.Core (no rendering/UI/registry/network)" computerName="0bc8bbef51b6" duration="00:00:00.0170000" startTime="2026-08-02T22:01:54.3800277+02:00" endTime="2026-08-02T22:01:54.4001460+02:00" testType="13cdc9d9-ddb5-4fa4-a97d-d965ccfc6d4b" outcome="Passed" testListId="8c84fa94-04c1-424b-9868-57a2d4851a1d" relativeResultsDirectory="6ce99700-5706-413d-9bef-14add4a7e3f8" />
  </Results>
  <TestDefinitions>
    <UnitTest name="DesignChecks.evaluate.all resolve + contrast meets ⇒ zero findings" storage="/home/developer/projects/fs.gg.governance/.worktrees/item-366-fsharp-surface-governance/tests/fs.gg.governance.designchecks.tests/bin/debug/net10.0/fs.gg.governance.designchecks.tests.dll" id="6a32c112-aaaf-ab6b-367d-264fe8e3da55">
      <Execution id="525cb4ca-2176-44bb-bd03-8e142e9e084c" />
      <TestMethod codeBase="/home/developer/projects/FS.GG.Governance/.worktrees/item-366-fsharp-surface-governance/tests/FS.GG.Governance.DesignChecks.Tests/bin/Debug/net10.0/FS.GG.Governance.DesignChecks.Tests.dll" adapterTypeName="executor://yolodev/expecto" className="DesignChecks.evaluate" name="all resolve + contrast meets ⇒ zero findings" />
    </UnitTest>
    <UnitTest name="FSharpSurface.evaluate.receipt distinguishes zero and many matched modules deterministically" storage="/home/developer/projects/fs.gg.governance/.worktrees/item-366-fsharp-surface-governance/tests/fs.gg.governance.designchecks.tests/bin/debug/net10.0/fs.gg.governance.designchecks.tests.dll" id="f91d09bf-09a6-ef17-e759-9eb95c39e5a5">
      <Execution id="caccc6ff-9a3f-430b-9f2d-ec1fb3b23321" />
      <TestMethod codeBase="/home/developer/projects/FS.GG.Governance/.worktrees/item-366-fsharp-surface-governance/tests/FS.GG.Governance.DesignChecks.Tests/bin/Debug/net10.0/FS.GG.Governance.DesignChecks.Tests.dll" adapterTypeName="executor://yolodev/expecto" className="FSharpSurface.evaluate" name="receipt distinguishes zero and many matched modules deterministically" />
    </UnitTest>
    <UnitTest name="FSharpSurface.evaluate.internal modules, entry points, generated sources, and complete exemptions do not need a signature" storage="/home/developer/projects/fs.gg.governance/.worktrees/item-366-fsharp-surface-governance/tests/fs.gg.governance.designchecks.tests/bin/debug/net10.0/fs.gg.governance.designchecks.tests.dll" id="209b92ae-fb3c-8c36-ac38-5c22aae1fa42">
      <Execution id="ed4f7e79-265d-41a2-91a5-19a7ee7d4b77" />
      <TestMethod codeBase="/home/developer/projects/FS.GG.Governance/.worktrees/item-366-fsharp-surface-governance/tests/FS.GG.Governance.DesignChecks.Tests/bin/Debug/net10.0/FS.GG.Governance.DesignChecks.Tests.dll" adapterTypeName="executor://yolodev/expecto" className="FSharpSurface.evaluate" name="internal modules, entry points, generated sources, and complete exemptions do not need a signature" />
    </UnitTest>
    <UnitTest name="FSharpSurface.evaluate.versioned receipt is deterministic and malformed project input fails closed" storage="/home/developer/projects/fs.gg.governance/.worktrees/item-366-fsharp-surface-governance/tests/fs.gg.governance.designchecks.tests/bin/debug/net10.0/fs.gg.governance.designchecks.tests.dll" id="e037c5f9-a73d-5932-f5be-15dc77be64c9">
      <Execution id="f06cd609-d5c9-4c86-a31e-b4e164e53b47" />
      <TestMethod codeBase="/home/developer/projects/FS.GG.Governance/.worktrees/item-366-fsharp-surface-governance/tests/FS.GG.Governance.DesignChecks.Tests/bin/Debug/net10.0/FS.GG.Governance.DesignChecks.Tests.dll" adapterTypeName="executor://yolodev/expecto" className="FSharpSurface.evaluate" name="versioned receipt is deterministic and malformed project input fails closed" />
    </UnitTest>
    <UnitTest name="DesignChecks.evaluate.catalog unavailable ⇒ IsInputState design.catalog-unavailable naming the catalog" storage="/home/developer/projects/fs.gg.governance/.worktrees/item-366-fsharp-surface-governance/tests/fs.gg.governance.designchecks.tests/bin/debug/net10.0/fs.gg.governance.designchecks.tests.dll" id="d9b6e161-4d89-b399-c04f-55672bc73cb7">
      <Execution id="b1ff447b-9bd7-40e2-afce-a1de75384cd5" />
      <TestMethod codeBase="/home/developer/projects/FS.GG.Governance/.worktrees/item-366-fsharp-surface-governance/tests/FS.GG.Governance.DesignChecks.Tests/bin/Debug/net10.0/FS.GG.Governance.DesignChecks.Tests.dll" adapterTypeName="executor://yolodev/expecto" className="DesignChecks.evaluate.catalog unavailable ⇒ IsInputState design" name="catalog-unavailable naming the catalog" />
    </UnitTest>
    <UnitTest name="FSharpSurface.evaluate.expired live exemption fails closed" storage="/home/developer/projects/fs.gg.governance/.worktrees/item-366-fsharp-surface-governance/tests/fs.gg.governance.designchecks.tests/bin/debug/net10.0/fs.gg.governance.designchecks.tests.dll" id="bc488ea9-0412-16ba-b982-67cc452944de">
      <Execution id="f6aad215-7ab4-4ce9-a3a2-8b3fce6a0b22" />
      <TestMethod codeBase="/home/developer/projects/FS.GG.Governance/.worktrees/item-366-fsharp-surface-governance/tests/FS.GG.Governance.DesignChecks.Tests/bin/Debug/net10.0/FS.GG.Governance.DesignChecks.Tests.dll" adapterTypeName="executor://yolodev/expecto" className="FSharpSurface.evaluate" name="expired live exemption fails closed" />
    </UnitTest>
    <UnitTest name="DesignChecks.evaluate.sub-threshold contrast ⇒ Blocking design.contrast reporting ratio vs threshold" storage="/home/developer/projects/fs.gg.governance/.worktrees/item-366-fsharp-surface-governance/tests/fs.gg.governance.designchecks.tests/bin/debug/net10.0/fs.gg.governance.designchecks.tests.dll" id="a58f9fa1-bb01-0415-f2af-7403e2a9e1cd">
      <Execution id="0c6c4d42-0784-4e10-bf9e-c4a080d8a533" />
      <TestMethod codeBase="/home/developer/projects/FS.GG.Governance/.worktrees/item-366-fsharp-surface-governance/tests/FS.GG.Governance.DesignChecks.Tests/bin/Debug/net10.0/FS.GG.Governance.DesignChecks.Tests.dll" adapterTypeName="executor://yolodev/expecto" className="DesignChecks.evaluate.sub-threshold contrast ⇒ Blocking design" name="contrast reporting ratio vs threshold" />
    </UnitTest>
    <UnitTest name="FSharpSurface.evaluate.compiler rejects an adjacent same-name declaration with an incompatible type" storage="/home/developer/projects/fs.gg.governance/.worktrees/item-366-fsharp-surface-governance/tests/fs.gg.governance.designchecks.tests/bin/debug/net10.0/fs.gg.governance.designchecks.tests.dll" id="8882c7a1-1ac2-66e0-a4db-df0c8b10f412">
      <Execution id="02906507-8310-40d6-a6e8-7a1d76a9f87a" />
      <TestMethod codeBase="/home/developer/projects/FS.GG.Governance/.worktrees/item-366-fsharp-surface-governance/tests/FS.GG.Governance.DesignChecks.Tests/bin/Debug/net10.0/FS.GG.Governance.DesignChecks.Tests.dll" adapterTypeName="executor://yolodev/expecto" className="FSharpSurface.evaluate" name="compiler rejects an adjacent same-name declaration with an incompatible type" />
    </UnitTest>
    <UnitTest name="DesignChecks.renderFence.no Skia/rendering/UI/registry symbol is referenced (SC-004)" storage="/home/developer/projects/fs.gg.governance/.worktrees/item-366-fsharp-surface-governance/tests/fs.gg.governance.designchecks.tests/bin/debug/net10.0/fs.gg.governance.designchecks.tests.dll" id="3a9867b3-328c-7288-54d3-8e866a5a197f">
      <Execution id="37c1bbf7-8bd3-4368-907e-f4302cd060d6" />
      <TestMethod codeBase="/home/developer/projects/FS.GG.Governance/.worktrees/item-366-fsharp-surface-governance/tests/FS.GG.Governance.DesignChecks.Tests/bin/Debug/net10.0/FS.GG.Governance.DesignChecks.Tests.dll" adapterTypeName="executor://yolodev/expecto" className="DesignChecks.renderFence" name="no Skia/rendering/UI/registry symbol is referenced (SC-004)" />
    </UnitTest>
    <UnitTest name="DesignChecks.determinism.repeated evaluate over identical facts ⇒ byte-identical" storage="/home/developer/projects/fs.gg.governance/.worktrees/item-366-fsharp-surface-governance/tests/fs.gg.governance.designchecks.tests/bin/debug/net10.0/fs.gg.governance.designchecks.tests.dll" id="3eeba9e4-3262-45bb-8e22-26aa66f56506">
      <Execution id="45e0de09-f406-4b72-82d7-42dbb2c1517c" />
      <TestMethod codeBase="/home/developer/projects/FS.GG.Governance/.worktrees/item-366-fsharp-surface-governance/tests/FS.GG.Governance.DesignChecks.Tests/bin/Debug/net10.0/FS.GG.Governance.DesignChecks.Tests.dll" adapterTypeName="executor://yolodev/expecto" className="DesignChecks.determinism" name="repeated evaluate over identical facts ⇒ byte-identical" />
    </UnitTest>
    <UnitTest name="DesignChecks.evaluate.absent token/capture/control ⇒ Blocking design.&lt;kind&gt; naming the entry" storage="/home/developer/projects/fs.gg.governance/.worktrees/item-366-fsharp-surface-governance/tests/fs.gg.governance.designchecks.tests/bin/debug/net10.0/fs.gg.governance.designchecks.tests.dll" id="12ea56be-eff6-5d5f-cf24-a28e540de6b3">
      <Execution id="e2b42245-c153-4a90-8cf7-d7bc269d1ebf" />
      <TestMethod codeBase="/home/developer/projects/FS.GG.Governance/.worktrees/item-366-fsharp-surface-governance/tests/FS.GG.Governance.DesignChecks.Tests/bin/Debug/net10.0/FS.GG.Governance.DesignChecks.Tests.dll" adapterTypeName="executor://yolodev/expecto" className="DesignChecks.evaluate.absent token/capture/control ⇒ Blocking design" name="&lt;kind&gt; naming the entry" />
    </UnitTest>
    <UnitTest name="FSharpSurface.evaluate.Rogue3-shaped many implementations and zero signatures reports applicable zero matches" storage="/home/developer/projects/fs.gg.governance/.worktrees/item-366-fsharp-surface-governance/tests/fs.gg.governance.designchecks.tests/bin/debug/net10.0/fs.gg.governance.designchecks.tests.dll" id="c52eb8c0-d6d2-66d1-2420-8d01f639b800">
      <Execution id="8e3e36b9-36e9-4b95-aeb3-472809d93b97" />
      <TestMethod codeBase="/home/developer/projects/FS.GG.Governance/.worktrees/item-366-fsharp-surface-governance/tests/FS.GG.Governance.DesignChecks.Tests/bin/Debug/net10.0/FS.GG.Governance.DesignChecks.Tests.dll" adapterTypeName="executor://yolodev/expecto" className="FSharpSurface.evaluate" name="Rogue3-shaped many implementations and zero signatures reports applicable zero matches" />
    </UnitTest>
    <UnitTest name="FSharpSurface.evaluate.live policy carries valid exemptions and stale applicable baselines" storage="/home/developer/projects/fs.gg.governance/.worktrees/item-366-fsharp-surface-governance/tests/fs.gg.governance.designchecks.tests/bin/debug/net10.0/fs.gg.governance.designchecks.tests.dll" id="7b5d8a88-fddd-075e-5b9b-8b28e7443fa4">
      <Execution id="a3b655b0-de3b-45f4-b64f-26d898c42613" />
      <TestMethod codeBase="/home/developer/projects/FS.GG.Governance/.worktrees/item-366-fsharp-surface-governance/tests/FS.GG.Governance.DesignChecks.Tests/bin/Debug/net10.0/FS.GG.Governance.DesignChecks.Tests.dll" adapterTypeName="executor://yolodev/expecto" className="FSharpSurface.evaluate" name="live policy carries valid exemptions and stale applicable baselines" />
    </UnitTest>
    <UnitTest name="DesignChecks.determinism.reordering tokens leaves the sorted findings unchanged" storage="/home/developer/projects/fs.gg.governance/.worktrees/item-366-fsharp-surface-governance/tests/fs.gg.governance.designchecks.tests/bin/debug/net10.0/fs.gg.governance.designchecks.tests.dll" id="33ab955e-710a-bc46-1ede-fa70d8e82269">
      <Execution id="060c74e1-cec9-4216-bda1-dbe888a428a0" />
      <TestMethod codeBase="/home/developer/projects/FS.GG.Governance/.worktrees/item-366-fsharp-surface-governance/tests/FS.GG.Governance.DesignChecks.Tests/bin/Debug/net10.0/FS.GG.Governance.DesignChecks.Tests.dll" adapterTypeName="executor://yolodev/expecto" className="DesignChecks.determinism" name="reordering tokens leaves the sorted findings unchanged" />
    </UnitTest>
    <UnitTest name="FSharpSurface.evaluate.project sensor preserves Compile order and sees a Rogue3-shaped source as public by default" storage="/home/developer/projects/fs.gg.governance/.worktrees/item-366-fsharp-surface-governance/tests/fs.gg.governance.designchecks.tests/bin/debug/net10.0/fs.gg.governance.designchecks.tests.dll" id="0f3cdbfb-cb70-987b-4a91-a282bfb0504e">
      <Execution id="4d2390dd-2d5d-4cd2-9713-65274a9f3377" />
      <TestMethod codeBase="/home/developer/projects/FS.GG.Governance/.worktrees/item-366-fsharp-surface-governance/tests/FS.GG.Governance.DesignChecks.Tests/bin/Debug/net10.0/FS.GG.Governance.DesignChecks.Tests.dll" adapterTypeName="executor://yolodev/expecto" className="FSharpSurface.evaluate" name="project sensor preserves Compile order and sees a Rogue3-shaped source as public by default" />
    </UnitTest>
    <UnitTest name="DesignChecks.renderFence.references only FS.GG.Governance.*/BCL/FSharp.Core (no rendering/UI/registry/network)" storage="/home/developer/projects/fs.gg.governance/.worktrees/item-366-fsharp-surface-governance/tests/fs.gg.governance.designchecks.tests/bin/debug/net10.0/fs.gg.governance.designchecks.tests.dll" id="112fd1ae-152a-5f49-2063-6d92ff7d569f">
      <Execution id="6ce99700-5706-413d-9bef-14add4a7e3f8" />
      <TestMethod codeBase="/home/developer/projects/FS.GG.Governance/.worktrees/item-366-fsharp-surface-governance/tests/FS.GG.Governance.DesignChecks.Tests/bin/Debug/net10.0/FS.GG.Governance.DesignChecks.Tests.dll" adapterTypeName="executor://yolodev/expecto" className="DesignChecks.renderFence.references only FS.GG.Governance.*/BCL/FSharp" name="Core (no rendering/UI/registry/network)" />
    </UnitTest>
    <UnitTest name="FSharpSurface.evaluate.test-project modules are excluded" storage="/home/developer/projects/fs.gg.governance/.worktrees/item-366-fsharp-surface-governance/tests/fs.gg.governance.designchecks.tests/bin/debug/net10.0/fs.gg.governance.designchecks.tests.dll" id="671d34c9-ddc4-4523-5df7-fc7a63b38e87">
      <Execution id="c0cad250-c50a-4349-9bbe-2ca113bafcf6" />
      <TestMethod codeBase="/home/developer/projects/FS.GG.Governance/.worktrees/item-366-fsharp-surface-governance/tests/FS.GG.Governance.DesignChecks.Tests/bin/Debug/net10.0/FS.GG.Governance.DesignChecks.Tests.dll" adapterTypeName="executor://yolodev/expecto" className="FSharpSurface.evaluate" name="test-project modules are excluded" />
    </UnitTest>
    <UnitTest name="DesignChecks.sensor.absent catalog ⇒ recorded in CatalogUnavailable, never a fabricated pass (FR-012)" storage="/home/developer/projects/fs.gg.governance/.worktrees/item-366-fsharp-surface-governance/tests/fs.gg.governance.designchecks.tests/bin/debug/net10.0/fs.gg.governance.designchecks.tests.dll" id="33868b10-85d5-c18f-2f4e-4fef1ead8465">
      <Execution id="eb4059fe-3aa4-4ede-80d1-2cb0702175dd" />
      <TestMethod codeBase="/home/developer/projects/FS.GG.Governance/.worktrees/item-366-fsharp-surface-governance/tests/FS.GG.Governance.DesignChecks.Tests/bin/Debug/net10.0/FS.GG.Governance.DesignChecks.Tests.dll" adapterTypeName="executor://yolodev/expecto" className="DesignChecks.sensor" name="absent catalog ⇒ recorded in CatalogUnavailable, never a fabricated pass (FR-012)" />
    </UnitTest>
    <UnitTest name="DesignChecks.sensor.a THROWING catalog port degrades to CatalogUnavailable, never escapes senseDesign (#56/B13)" storage="/home/developer/projects/fs.gg.governance/.worktrees/item-366-fsharp-surface-governance/tests/fs.gg.governance.designchecks.tests/bin/debug/net10.0/fs.gg.governance.designchecks.tests.dll" id="7f8ca683-3117-37b8-0053-c887197c0653">
      <Execution id="64e84b66-4a89-4bf8-b3ad-e0be43e89724" />
      <TestMethod codeBase="/home/developer/projects/FS.GG.Governance/.worktrees/item-366-fsharp-surface-governance/tests/FS.GG.Governance.DesignChecks.Tests/bin/Debug/net10.0/FS.GG.Governance.DesignChecks.Tests.dll" adapterTypeName="executor://yolodev/expecto" className="DesignChecks.sensor" name="a THROWING catalog port degrades to CatalogUnavailable, never escapes senseDesign (#56/B13)" />
    </UnitTest>
    <UnitTest name="FSharpSurface.evaluate.Rogue3-shaped executable module without a signature produces an advisory migration finding" storage="/home/developer/projects/fs.gg.governance/.worktrees/item-366-fsharp-surface-governance/tests/fs.gg.governance.designchecks.tests/bin/debug/net10.0/fs.gg.governance.designchecks.tests.dll" id="c5739d3a-5f6e-1993-55ed-6e6eae39484e">
      <Execution id="053a6fe9-5977-41a0-b6b0-6685740d9d54" />
      <TestMethod codeBase="/home/developer/projects/FS.GG.Governance/.worktrees/item-366-fsharp-surface-governance/tests/FS.GG.Governance.DesignChecks.Tests/bin/Debug/net10.0/FS.GG.Governance.DesignChecks.Tests.dll" adapterTypeName="executor://yolodev/expecto" className="FSharpSurface.evaluate" name="Rogue3-shaped executable module without a signature produces an advisory migration finding" />
    </UnitTest>
    <UnitTest name="DesignChecks.sensor.senseDesign resolves referenced entries + every contrast pair against the real catalogs" storage="/home/developer/projects/fs.gg.governance/.worktrees/item-366-fsharp-surface-governance/tests/fs.gg.governance.designchecks.tests/bin/debug/net10.0/fs.gg.governance.designchecks.tests.dll" id="120b4ad8-f199-039f-6297-035886abddfa">
      <Execution id="e27b6647-22c4-4f1b-942b-dce7b238986e" />
      <TestMethod codeBase="/home/developer/projects/FS.GG.Governance/.worktrees/item-366-fsharp-surface-governance/tests/FS.GG.Governance.DesignChecks.Tests/bin/Debug/net10.0/FS.GG.Governance.DesignChecks.Tests.dll" adapterTypeName="executor://yolodev/expecto" className="DesignChecks.sensor" name="senseDesign resolves referenced entries + every contrast pair against the real catalogs" />
    </UnitTest>
    <UnitTest name="FSharpSurface.evaluate.project sensor detects an adjacent signature declaration absent from implementation" storage="/home/developer/projects/fs.gg.governance/.worktrees/item-366-fsharp-surface-governance/tests/fs.gg.governance.designchecks.tests/bin/debug/net10.0/fs.gg.governance.designchecks.tests.dll" id="fcf65e77-498c-3726-4f0e-45a5f5e5bb3d">
      <Execution id="a91003ad-700c-4808-9ce9-a9c0760e1059" />
      <TestMethod codeBase="/home/developer/projects/FS.GG.Governance/.worktrees/item-366-fsharp-surface-governance/tests/FS.GG.Governance.DesignChecks.Tests/bin/Debug/net10.0/FS.GG.Governance.DesignChecks.Tests.dll" adapterTypeName="executor://yolodev/expecto" className="FSharpSurface.evaluate" name="project sensor detects an adjacent signature declaration absent from implementation" />
    </UnitTest>
    <UnitTest name="FSharpSurface.evaluate.paired signatures report order, docs, source mismatch, and applicable baseline independently" storage="/home/developer/projects/fs.gg.governance/.worktrees/item-366-fsharp-surface-governance/tests/fs.gg.governance.designchecks.tests/bin/debug/net10.0/fs.gg.governance.designchecks.tests.dll" id="f60aba49-fee8-b749-3219-1495dccc73bb">
      <Execution id="f7894eab-8dbc-4f90-9af8-c1c70d24723e" />
      <TestMethod codeBase="/home/developer/projects/FS.GG.Governance/.worktrees/item-366-fsharp-surface-governance/tests/FS.GG.Governance.DesignChecks.Tests/bin/Debug/net10.0/FS.GG.Governance.DesignChecks.Tests.dll" adapterTypeName="executor://yolodev/expecto" className="FSharpSurface.evaluate" name="paired signatures report order, docs, source mismatch, and applicable baseline independently" />
    </UnitTest>
    <UnitTest name="SurfaceDrift.DesignChecks public surface equals the committed baseline" storage="/home/developer/projects/fs.gg.governance/.worktrees/item-366-fsharp-surface-governance/tests/fs.gg.governance.designchecks.tests/bin/debug/net10.0/fs.gg.governance.designchecks.tests.dll" id="abe00f63-8372-055c-4c16-be5eba82657b">
      <Execution id="d820c148-1ceb-473a-8c35-4509bf5ecfd7" />
      <TestMethod codeBase="/home/developer/projects/FS.GG.Governance/.worktrees/item-366-fsharp-surface-governance/tests/FS.GG.Governance.DesignChecks.Tests/bin/Debug/net10.0/FS.GG.Governance.DesignChecks.Tests.dll" adapterTypeName="executor://yolodev/expecto" className="SurfaceDrift" name="DesignChecks public surface equals the committed baseline" />
    </UnitTest>
    <UnitTest name="FSharpSurface.evaluate.project sensor reads documented signatures and fail-closes missing compiled source" storage="/home/developer/projects/fs.gg.governance/.worktrees/item-366-fsharp-surface-governance/tests/fs.gg.governance.designchecks.tests/bin/debug/net10.0/fs.gg.governance.designchecks.tests.dll" id="b13be357-8e11-fd32-24bf-249430bbcfe5">
      <Execution id="2c445edf-1755-4680-9bbe-516f3efc51ff" />
      <TestMethod codeBase="/home/developer/projects/FS.GG.Governance/.worktrees/item-366-fsharp-surface-governance/tests/FS.GG.Governance.DesignChecks.Tests/bin/Debug/net10.0/FS.GG.Governance.DesignChecks.Tests.dll" adapterTypeName="executor://yolodev/expecto" className="FSharpSurface.evaluate" name="project sensor reads documented signatures and fail-closes missing compiled source" />
    </UnitTest>
  </TestDefinitions>
  <TestEntries>
    <TestEntry testId="33ab955e-710a-bc46-1ede-fa70d8e82269" executionId="060c74e1-cec9-4216-bda1-dbe888a428a0" testListId="8c84fa94-04c1-424b-9868-57a2d4851a1d" />
    <TestEntry testId="bc488ea9-0412-16ba-b982-67cc452944de" executionId="f6aad215-7ab4-4ce9-a3a2-8b3fce6a0b22" testListId="8c84fa94-04c1-424b-9868-57a2d4851a1d" />
    <TestEntry testId="12ea56be-eff6-5d5f-cf24-a28e540de6b3" executionId="e2b42245-c153-4a90-8cf7-d7bc269d1ebf" testListId="8c84fa94-04c1-424b-9868-57a2d4851a1d" />
    <TestEntry testId="7f8ca683-3117-37b8-0053-c887197c0653" executionId="64e84b66-4a89-4bf8-b3ad-e0be43e89724" testListId="8c84fa94-04c1-424b-9868-57a2d4851a1d" />
    <TestEntry testId="a58f9fa1-bb01-0415-f2af-7403e2a9e1cd" executionId="0c6c4d42-0784-4e10-bf9e-c4a080d8a533" testListId="8c84fa94-04c1-424b-9868-57a2d4851a1d" />
    <TestEntry testId="3eeba9e4-3262-45bb-8e22-26aa66f56506" executionId="45e0de09-f406-4b72-82d7-42dbb2c1517c" testListId="8c84fa94-04c1-424b-9868-57a2d4851a1d" />
    <TestEntry testId="33868b10-85d5-c18f-2f4e-4fef1ead8465" executionId="eb4059fe-3aa4-4ede-80d1-2cb0702175dd" testListId="8c84fa94-04c1-424b-9868-57a2d4851a1d" />
    <TestEntry testId="671d34c9-ddc4-4523-5df7-fc7a63b38e87" executionId="c0cad250-c50a-4349-9bbe-2ca113bafcf6" testListId="8c84fa94-04c1-424b-9868-57a2d4851a1d" />
    <TestEntry testId="f91d09bf-09a6-ef17-e759-9eb95c39e5a5" executionId="caccc6ff-9a3f-430b-9f2d-ec1fb3b23321" testListId="8c84fa94-04c1-424b-9868-57a2d4851a1d" />
    <TestEntry testId="c5739d3a-5f6e-1993-55ed-6e6eae39484e" executionId="053a6fe9-5977-41a0-b6b0-6685740d9d54" testListId="8c84fa94-04c1-424b-9868-57a2d4851a1d" />
    <TestEntry testId="209b92ae-fb3c-8c36-ac38-5c22aae1fa42" executionId="ed4f7e79-265d-41a2-91a5-19a7ee7d4b77" testListId="8c84fa94-04c1-424b-9868-57a2d4851a1d" />
    <TestEntry testId="c52eb8c0-d6d2-66d1-2420-8d01f639b800" executionId="8e3e36b9-36e9-4b95-aeb3-472809d93b97" testListId="8c84fa94-04c1-424b-9868-57a2d4851a1d" />
    <TestEntry testId="7b5d8a88-fddd-075e-5b9b-8b28e7443fa4" executionId="a3b655b0-de3b-45f4-b64f-26d898c42613" testListId="8c84fa94-04c1-424b-9868-57a2d4851a1d" />
    <TestEntry testId="f60aba49-fee8-b749-3219-1495dccc73bb" executionId="f7894eab-8dbc-4f90-9af8-c1c70d24723e" testListId="8c84fa94-04c1-424b-9868-57a2d4851a1d" />
    <TestEntry testId="120b4ad8-f199-039f-6297-035886abddfa" executionId="e27b6647-22c4-4f1b-942b-dce7b238986e" testListId="8c84fa94-04c1-424b-9868-57a2d4851a1d" />
    <TestEntry testId="0f3cdbfb-cb70-987b-4a91-a282bfb0504e" executionId="4d2390dd-2d5d-4cd2-9713-65274a9f3377" testListId="8c84fa94-04c1-424b-9868-57a2d4851a1d" />
    <TestEntry testId="3a9867b3-328c-7288-54d3-8e866a5a197f" executionId="37c1bbf7-8bd3-4368-907e-f4302cd060d6" testListId="8c84fa94-04c1-424b-9868-57a2d4851a1d" />
    <TestEntry testId="8882c7a1-1ac2-66e0-a4db-df0c8b10f412" executionId="02906507-8310-40d6-a6e8-7a1d76a9f87a" testListId="8c84fa94-04c1-424b-9868-57a2d4851a1d" />
    <TestEntry testId="d9b6e161-4d89-b399-c04f-55672bc73cb7" executionId="b1ff447b-9bd7-40e2-afce-a1de75384cd5" testListId="8c84fa94-04c1-424b-9868-57a2d4851a1d" />
    <TestEntry testId="abe00f63-8372-055c-4c16-be5eba82657b" executionId="d820c148-1ceb-473a-8c35-4509bf5ecfd7" testListId="8c84fa94-04c1-424b-9868-57a2d4851a1d" />
    <TestEntry testId="fcf65e77-498c-3726-4f0e-45a5f5e5bb3d" executionId="a91003ad-700c-4808-9ce9-a9c0760e1059" testListId="8c84fa94-04c1-424b-9868-57a2d4851a1d" />
    <TestEntry testId="b13be357-8e11-fd32-24bf-249430bbcfe5" executionId="2c445edf-1755-4680-9bbe-516f3efc51ff" testListId="8c84fa94-04c1-424b-9868-57a2d4851a1d" />
    <TestEntry testId="e037c5f9-a73d-5932-f5be-15dc77be64c9" executionId="f06cd609-d5c9-4c86-a31e-b4e164e53b47" testListId="8c84fa94-04c1-424b-9868-57a2d4851a1d" />
    <TestEntry testId="6a32c112-aaaf-ab6b-367d-264fe8e3da55" executionId="525cb4ca-2176-44bb-bd03-8e142e9e084c" testListId="8c84fa94-04c1-424b-9868-57a2d4851a1d" />
    <TestEntry testId="112fd1ae-152a-5f49-2063-6d92ff7d569f" executionId="6ce99700-5706-413d-9bef-14add4a7e3f8" testListId="8c84fa94-04c1-424b-9868-57a2d4851a1d" />
  </TestEntries>
  <TestLists>
    <TestList name="Results Not in a List" id="8c84fa94-04c1-424b-9868-57a2d4851a1d" />
    <TestList name="All Loaded Results" id="19431567-8539-422a-85d7-44ee4e166bda" />
  </TestLists>
  <ResultSummary outcome="Completed">
    <Counters total="25" executed="25" passed="25" failed="0" error="0" timeout="0" aborted="0" inconclusive="0" passedButRunAborted="0" notRunnable="0" notExecuted="0" disconnected="0" warning="0" completed="0" inProgress="0" pending="0" />
  </ResultSummary>
</TestRun>